Line 3 : Section event
Line 5 : WSAStartup event
Line 9 : socket 2612:132 : Socket event
Line 11 : socket 2612:132 : Connect event
Line 13 : socket 2612:132 : Send event
Add code : LrsCreateSocket
Line 19 : socket 2612:132 : Recv event
Add code : LrsSend
Line 26 : Think time event
Add code : LrsRecv
Line 28 : socket 2612:132 : Send event
Line 34 : socket 2612:132 : Recv event
Add code : LrsSend
Line 41 : Think time event
Add code : LrsRecv
Line 43 : socket 2612:132 : Send event
Line 53 : socket 2612:132 : Recv event
Add code : LrsSend
Line 60 : Think time event
Add code : LrsRecv
Line 62 : socket 2612:132 : Send event
Line 69 : socket 2612:132 : Recv event
Add code : LrsSend
Line 76 : socket 2612:132 : Send event
Add code : LrsRecv
Line 82 : socket 2612:132 : Recv event
Add code : LrsSend
Line 89 : socket 2612:132 : Send event
Add code : LrsRecv
Line 95 : socket 2612:132 : Recv event
Add code : LrsSend
Line 102 : socket 2612:132 : Send event
Add code : LrsRecv
Line 108 : socket 2612:132 : Recv event
Add code : LrsSend
Line 115 : socket 2612:132 : Send event
Add code : LrsRecv
Line 123 : socket 2612:132 : Recv event
Add code : LrsSend
Line 130 : socket 2612:132 : Send event
Add code : LrsRecv
Line 136 : socket 2612:132 : Recv event
Add code : LrsSend
Line 136 : Last event
Add code : LrsRecv
