Start auto log messages stack - Iteration 1.	[MsgId: MMSG-10545]
Starting action Action.	[MsgId: MMSG-15919]
Action.c(5): Rendezvous 同时登录注册	[MsgId: MMSG-17988]
Action.c(7): Notify: Transaction "登录注册事务" started.	[MsgId: MMSG-16999]
Action.c(9): Error -27792: Failed to transmit data to network: [10054] Connection reset by peer  	[MsgId: MERR-27792]
Action.c(9): Error -27792: Failed to transmit data to network: [10054] Connection reset by peer  	[MsgId: MERR-27792]
End auto log messages stack.	[MsgId: MMSG-10544]


Start auto log messages stack - Iteration 1.	[MsgId: MMSG-10545]
Action.c(9): RETRY 1:   	[MsgId: MMSG-26000]
Action.c(9): Error -27792: Failed to transmit data to network: [10054] Connection reset by peer  	[MsgId: MERR-27792]
End auto log messages stack.	[MsgId: MMSG-10544]


Start auto log messages stack - Iteration 1.	[MsgId: MMSG-10545]
Action.c(9): RETRY 2:   	[MsgId: MMSG-26000]
Action.c(9): Error -27792: Failed to transmit data to network: [10054] Connection reset by peer  	[MsgId: MERR-27792]
End auto log messages stack.	[MsgId: MMSG-10544]


Start auto log messages stack - Iteration 1.	[MsgId: MMSG-10545]
Action.c(9): RETRY 3:   	[MsgId: MMSG-26000]
Action.c(9): Error -27792: Failed to transmit data to network: [10054] Connection reset by peer  	[MsgId: MERR-27792]
End auto log messages stack.	[MsgId: MMSG-10544]


Start auto log messages stack - Iteration 1.	[MsgId: MMSG-10545]
Action.c(9): RETRY 4:   	[MsgId: MMSG-26000]
Action.c(9): Error -27792: Failed to transmit data to network: [10054] Connection reset by peer  	[MsgId: MERR-27792]
End auto log messages stack.	[MsgId: MMSG-10544]


Start auto log messages stack - Iteration 1.	[MsgId: MMSG-10545]
Action.c(9): RETRY 5:   	[MsgId: MMSG-26000]
Action.c(9): Error -27792: Failed to transmit data to network: [10054] Connection reset by peer  	[MsgId: MERR-27792]
End auto log messages stack.	[MsgId: MMSG-10544]


Start auto log messages stack - Iteration 1.	[MsgId: MMSG-10545]
Action.c(9): RETRY 6:   	[MsgId: MMSG-26000]
Action.c(9): Error -27792: Failed to transmit data to network: [10054] Connection reset by peer  	[MsgId: MERR-27792]
End auto log messages stack.	[MsgId: MMSG-10544]


Start auto log messages stack - Iteration 1.	[MsgId: MMSG-10545]
Action.c(9): RETRY 7:   	[MsgId: MMSG-26000]
Action.c(9): Error -27792: Failed to transmit data to network: [10054] Connection reset by peer  	[MsgId: MERR-27792]
End auto log messages stack.	[MsgId: MMSG-10544]


Start auto log messages stack - Iteration 1.	[MsgId: MMSG-10545]
Action.c(9): RETRY 8:   	[MsgId: MMSG-26000]
Action.c(9): Error -27792: Failed to transmit data to network: [10054] Connection reset by peer  	[MsgId: MERR-27792]
End auto log messages stack.	[MsgId: MMSG-10544]


Start auto log messages stack - Iteration 1.	[MsgId: MMSG-10545]
Action.c(9): RETRY 9:   	[MsgId: MMSG-26000]
Action.c(9): Error -27792: Failed to transmit data to network: [10054] Connection reset by peer  	[MsgId: MERR-27792]
End auto log messages stack.	[MsgId: MMSG-10544]


Start auto log messages stack - Iteration 1.	[MsgId: MMSG-10545]
Action.c(9): RETRY 10:   	[MsgId: MMSG-26000]
Action.c(9): Error -27792: Failed to transmit data to network: [10054] Connection reset by peer  	[MsgId: MERR-27792]
End auto log messages stack.	[MsgId: MMSG-10544]


Start auto log messages stack - Iteration 1.	[MsgId: MMSG-10545]
Action.c(9): RETRY 11:   	[MsgId: MMSG-26000]
Action.c(9): Error -27792: Failed to transmit data to network: [10054] Connection reset by peer  	[MsgId: MERR-27792]
End auto log messages stack.	[MsgId: MMSG-10544]


Start auto log messages stack - Iteration 1.	[MsgId: MMSG-10545]
Action.c(9): RETRY 12:   	[MsgId: MMSG-26000]
Action.c(9): Error -27792: Failed to transmit data to network: [10054] Connection reset by peer  	[MsgId: MERR-27792]
End auto log messages stack.	[MsgId: MMSG-10544]


Start auto log messages stack - Iteration 1.	[MsgId: MMSG-10545]
Action.c(9): RETRY 13:   	[MsgId: MMSG-26000]
Action.c(9): Error -27792: Failed to transmit data to network: [10054] Connection reset by peer  	[MsgId: MERR-27792]
End auto log messages stack.	[MsgId: MMSG-10544]


Start auto log messages stack - Iteration 1.	[MsgId: MMSG-10545]
Action.c(9): RETRY 14:   	[MsgId: MMSG-26000]
Action.c(9): Error -27792: Failed to transmit data to network: [10054] Connection reset by peer  	[MsgId: MERR-27792]
End auto log messages stack.	[MsgId: MMSG-10544]


Start auto log messages stack - Iteration 1.	[MsgId: MMSG-10545]
Action.c(9): RETRY 15:   	[MsgId: MMSG-26000]
Action.c(9): Detected non-resource "http://localhost/MercuryWebTours/header.html" in "http://localhost/MercuryWebTours/"  	[MsgId: MMSG-26574]
Action.c(9): Detected non-resource "http://localhost/MercuryWebTours/welcome.pl?signOff=true" in "http://localhost/MercuryWebTours/"  	[MsgId: MMSG-26574]
Action.c(9): Error -27792: Failed to transmit data to network: [10054] Connection reset by peer  	[MsgId: MERR-27792]
Action.c(9): Error -27792: Failed to transmit data to network: [10054] Connection reset by peer  	[MsgId: MERR-27792]
End auto log messages stack.	[MsgId: MMSG-10544]


Start auto log messages stack - Iteration 1.	[MsgId: MMSG-10545]
Action.c(9): RETRY 1:   	[MsgId: MMSG-26000]
Action.c(9): Error -27792: Failed to transmit data to network: [10054] Connection reset by peer  	[MsgId: MERR-27792]
End auto log messages stack.	[MsgId: MMSG-10544]


Start auto log messages stack - Iteration 1.	[MsgId: MMSG-10545]
Action.c(9): RETRY 2:   	[MsgId: MMSG-26000]
Action.c(9): Error -27792: Failed to transmit data to network: [10054] Connection reset by peer  	[MsgId: MERR-27792]
End auto log messages stack.	[MsgId: MMSG-10544]


Start auto log messages stack - Iteration 1.	[MsgId: MMSG-10545]
Action.c(9): RETRY 3:   	[MsgId: MMSG-26000]
Action.c(9): Error -27792: Failed to transmit data to network: [10054] Connection reset by peer  	[MsgId: MERR-27792]
End auto log messages stack.	[MsgId: MMSG-10544]


Start auto log messages stack - Iteration 1.	[MsgId: MMSG-10545]
Action.c(9): RETRY 4:   	[MsgId: MMSG-26000]
Action.c(9): Error -27792: Failed to transmit data to network: [10054] Connection reset by peer  	[MsgId: MERR-27792]
End auto log messages stack.	[MsgId: MMSG-10544]


Start auto log messages stack - Iteration 1.	[MsgId: MMSG-10545]
Action.c(9): RETRY 5:   	[MsgId: MMSG-26000]
Action.c(9): Error -27792: Failed to transmit data to network: [10054] Connection reset by peer  	[MsgId: MERR-27792]
End auto log messages stack.	[MsgId: MMSG-10544]


Start auto log messages stack - Iteration 1.	[MsgId: MMSG-10545]
Start auto log messages stack - Iteration 1.	[MsgId: MMSG-10545]
Action.c(27): Submitting form to "http://localhost/MercuryWebTours/login.pl", Target Frame="info"  	[MsgId: MMSG-27978]
Action.c(27): Resource "http://localhost/MercuryWebTours/profileValidate.js" is in the cache already and will not be downloaded again  	[MsgId: MMSG-26655]
Action.c(27): Resource "http://localhost/MercuryWebTours/images/splashCustprofile.gif" is in the cache already and will not be downloaded again  	[MsgId: MMSG-26655]
Action.c(27): Resource "http://localhost/MercuryWebTours/images/continue.gif" is in the cache already and will not be downloaded again  	[MsgId: MMSG-26655]
Action.c(27): web_submit_form("login.pl_2") was successful, 2035 body bytes, 199 header bytes  	[MsgId: MMSG-26386]
Action.c(41): Error -27195: "检查点" failed. 0 occurrence(s) of "Wilson" found (RightOf="", LeftOf="")  	[MsgId: MERR-27195]
End auto log messages stack.	[MsgId: MMSG-10544]


Start auto log messages stack - Iteration 1.	[MsgId: MMSG-10545]
Action.c(27): Submitting form to "http://localhost/MercuryWebTours/login.pl", Target Frame="info"  	[MsgId: MMSG-27978]
Action.c(27): Resource "http://localhost/MercuryWebTours/profileValidate.js" is in the cache already and will not be downloaded again  	[MsgId: MMSG-26655]
Action.c(27): Resource "http://localhost/MercuryWebTours/images/splashCustprofile.gif" is in the cache already and will not be downloaded again  	[MsgId: MMSG-26655]
Action.c(27): Resource "http://localhost/MercuryWebTours/images/continue.gif" is in the cache already and will not be downloaded again  	[MsgId: MMSG-26655]
Action.c(27): web_submit_form("login.pl_2") was successful, 2035 body bytes, 199 header bytes  	[MsgId: MMSG-26386]
Action.c(41): Error -27195: "检查点" failed. 0 occurrence(s) of "Wilson" found (RightOf="", LeftOf="")  	[MsgId: MERR-27195]
End auto log messages stack.	[MsgId: MMSG-10544]


Start auto log messages stack - Iteration 1.	[MsgId: MMSG-10545]
Action.c(27): Submitting form to "http://localhost/MercuryWebTours/login.pl", Target Frame="info"  	[MsgId: MMSG-27978]
Action.c(27): Resource "http://localhost/MercuryWebTours/profileValidate.js" is in the cache already and will not be downloaded again  	[MsgId: MMSG-26655]
Action.c(27): Resource "http://localhost/MercuryWebTours/images/splashCustprofile.gif" is in the cache already and will not be downloaded again  	[MsgId: MMSG-26655]
Action.c(27): Resource "http://localhost/MercuryWebTours/images/continue.gif" is in the cache already and will not be downloaded again  	[MsgId: MMSG-26655]
Action.c(27): web_submit_form("login.pl_2") was successful, 2035 body bytes, 199 header bytes  	[MsgId: MMSG-26386]
Action.c(41): Error -27195: "检查点" failed. 0 occurrence(s) of "Wilson" found (RightOf="", LeftOf="")  	[MsgId: MERR-27195]
End auto log messages stack.	[MsgId: MMSG-10544]


Start auto log messages stack - Iteration 1.	[MsgId: MMSG-10545]
Action.c(27): Submitting form to "http://localhost/MercuryWebTours/login.pl", Target Frame="info"  	[MsgId: MMSG-27978]
Action.c(27): Resource "http://localhost/MercuryWebTours/profileValidate.js" is in the cache already and will not be downloaded again  	[MsgId: MMSG-26655]
Action.c(27): Resource "http://localhost/MercuryWebTours/images/splashCustprofile.gif" is in the cache already and will not be downloaded again  	[MsgId: MMSG-26655]
Action.c(27): Resource "http://localhost/MercuryWebTours/images/continue.gif" is in the cache already and will not be downloaded again  	[MsgId: MMSG-26655]
Action.c(27): web_submit_form("login.pl_2") was successful, 2035 body bytes, 199 header bytes  	[MsgId: MMSG-26386]
Action.c(41): Error -27195: "检查点" failed. 0 occurrence(s) of "Wilson" found (RightOf="", LeftOf="")  	[MsgId: MERR-27195]
End auto log messages stack.	[MsgId: MMSG-10544]


Start auto log messages stack - Iteration 1.	[MsgId: MMSG-10545]
Action.c(27): Submitting form to "http://localhost/MercuryWebTours/login.pl", Target Frame="info"  	[MsgId: MMSG-27978]
Action.c(27): Resource "http://localhost/MercuryWebTours/profileValidate.js" is in the cache already and will not be downloaded again  	[MsgId: MMSG-26655]
Action.c(27): Resource "http://localhost/MercuryWebTours/images/splashCustprofile.gif" is in the cache already and will not be downloaded again  	[MsgId: MMSG-26655]
Action.c(27): Resource "http://localhost/MercuryWebTours/images/continue.gif" is in the cache already and will not be downloaded again  	[MsgId: MMSG-26655]
Action.c(27): web_submit_form("login.pl_2") was successful, 2035 body bytes, 199 header bytes  	[MsgId: MMSG-26386]
Action.c(41): Error -27195: "检查点" failed. 0 occurrence(s) of "Wilson" found (RightOf="", LeftOf="")  	[MsgId: MERR-27195]
End auto log messages stack.	[MsgId: MMSG-10544]


Start auto log messages stack - Iteration 1.	[MsgId: MMSG-10545]
Action.c(27): Submitting form to "http://localhost/MercuryWebTours/login.pl", Target Frame="info"  	[MsgId: MMSG-27978]
Action.c(27): Resource "http://localhost/MercuryWebTours/profileValidate.js" is in the cache already and will not be downloaded again  	[MsgId: MMSG-26655]
Action.c(27): Resource "http://localhost/MercuryWebTours/images/splashCustprofile.gif" is in the cache already and will not be downloaded again  	[MsgId: MMSG-26655]
Action.c(27): Resource "http://localhost/MercuryWebTours/images/continue.gif" is in the cache already and will not be downloaded again  	[MsgId: MMSG-26655]
Action.c(27): web_submit_form("login.pl_2") was successful, 2035 body bytes, 199 header bytes  	[MsgId: MMSG-26386]
Action.c(41): Error -27195: "检查点" failed. 0 occurrence(s) of "Wilson" found (RightOf="", LeftOf="")  	[MsgId: MERR-27195]
End auto log messages stack.	[MsgId: MMSG-10544]


Start auto log messages stack - Iteration 1.	[MsgId: MMSG-10545]
Action.c(27): Submitting form to "http://localhost/MercuryWebTours/login.pl", Target Frame="info"  	[MsgId: MMSG-27978]
Action.c(27): Resource "http://localhost/MercuryWebTours/profileValidate.js" is in the cache already and will not be downloaded again  	[MsgId: MMSG-26655]
Action.c(27): Resource "http://localhost/MercuryWebTours/images/splashCustprofile.gif" is in the cache already and will not be downloaded again  	[MsgId: MMSG-26655]
Action.c(27): Resource "http://localhost/MercuryWebTours/images/continue.gif" is in the cache already and will not be downloaded again  	[MsgId: MMSG-26655]
Action.c(27): web_submit_form("login.pl_2") was successful, 2035 body bytes, 199 header bytes  	[MsgId: MMSG-26386]
Action.c(41): Error -27195: "检查点" failed. 0 occurrence(s) of "Wilson" found (RightOf="", LeftOf="")  	[MsgId: MERR-27195]
End auto log messages stack.	[MsgId: MMSG-10544]


Start auto log messages stack - Iteration 1.	[MsgId: MMSG-10545]
Action.c(27): Submitting form to "http://localhost/MercuryWebTours/login.pl", Target Frame="info"  	[MsgId: MMSG-27978]
Action.c(27): Resource "http://localhost/MercuryWebTours/profileValidate.js" is in the cache already and will not be downloaded again  	[MsgId: MMSG-26655]
Action.c(27): Resource "http://localhost/MercuryWebTours/images/splashCustprofile.gif" is in the cache already and will not be downloaded again  	[MsgId: MMSG-26655]
Action.c(27): Resource "http://localhost/MercuryWebTours/images/continue.gif" is in the cache already and will not be downloaded again  	[MsgId: MMSG-26655]
Action.c(27): web_submit_form("login.pl_2") was successful, 2035 body bytes, 199 header bytes  	[MsgId: MMSG-26386]
Action.c(41): Error -27195: "检查点" failed. 0 occurrence(s) of "Wilson" found (RightOf="", LeftOf="")  	[MsgId: MERR-27195]
End auto log messages stack.	[MsgId: MMSG-10544]


Action.c(27): Submitting form to "http://localhost/MercuryWebTours/login.pl", Target Frame="info"  	[MsgId: MMSG-27978]
Action.c(27): Resource "http://localhost/MercuryWebTours/profileValidate.js" is in the cache already and will not be downloaded again  	[MsgId: MMSG-26655]
Action.c(27): Resource "http://localhost/MercuryWebTours/images/splashCustprofile.gif" is in the cache already and will not be downloaded again  	[MsgId: MMSG-26655]
Action.c(27): Resource "http://localhost/MercuryWebTours/images/continue.gif" is in the cache already and will not be downloaded again  	[MsgId: MMSG-26655]
Action.c(27): web_submit_form("login.pl_2") was successful, 2035 body bytes, 199 header bytes  	[MsgId: MMSG-26386]
Action.c(41): Error -27195: "检查点" failed. 0 occurrence(s) of "Wilson" found (RightOf="", LeftOf="")  	[MsgId: MERR-27195]
End auto log messages stack.	[MsgId: MMSG-10544]


