Start auto log messages stack - Iteration 3.	[MsgId: MMSG-10545]
Start auto log messages stack - Iteration 2.	[MsgId: MMSG-10545]
Action.c(15): web_submit_form("reservations.pl") was successful, 5811 body bytes, 567 header bytes  	[MsgId: MMSG-26386]
Action.c(30): Submitting form to "http://localhost/MercuryWebTours/reservations.pl", Target Frame=""  	[MsgId: MMSG-27978]
Action.c(30): Found resource "http://localhost/MercuryWebTours/images/splash_creditcard.gif" in HTML "http://localhost/MercuryWebTours/reservations.pl"  	[MsgId: MMSG-26659]
Action.c(30): Found resource "http://localhost/MercuryWebTours/images/purchaseflight.gif" in HTML "http://localhost/MercuryWebTours/reservations.pl"  	[MsgId: MMSG-26659]
Action.c(30): Resource "http://localhost/MercuryWebTours/images/startover.gif" is in the cache already and will not be downloaded again  	[MsgId: MMSG-26655]
Abort was called from an action.	[MsgId: MMSG-10447]
Ending Vuser...	[MsgId: MMSG-15966]
Starting action vuser_end.	[MsgId: MMSG-15919]
vuser_end.c(6): Error -26358: Pending web requests detected and deleted  	[MsgId: MERR-26358]
End auto log messages stack.	[MsgId: MMSG-10544]


Start auto log messages stack - Iteration 3.	[MsgId: MMSG-10545]
Action.c(6): web_url("welcome.pl") was successful, 19207 body bytes, 1806 header bytes  	[MsgId: MMSG-26386]
Action.c(15): Submitting form to "http://localhost/MercuryWebTours/reservations.pl", Target Frame=""  	[MsgId: MMSG-27978]
Action.c(15): Found resource "http://localhost/MercuryWebTours/images/splash_searchresults.gif" in HTML "http://localhost/MercuryWebTours/reservations.pl"  	[MsgId: MMSG-26659]
Action.c(15): Resource "http://localhost/MercuryWebTours/images/continue.gif" is in the cache already and will not be downloaded again  	[MsgId: MMSG-26655]
Action.c(15): Found resource "http://localhost/MercuryWebTours/images/startover.gif" in HTML "http://localhost/MercuryWebTours/reservations.pl"  	[MsgId: MMSG-26659]
Abort was called from an action.	[MsgId: MMSG-10447]
Ending Vuser...	[MsgId: MMSG-15966]
Starting action vuser_end.	[MsgId: MMSG-15919]
vuser_end.c(6): Error -26358: Pending web requests detected and deleted  	[MsgId: MERR-26358]
End auto log messages stack.	[MsgId: MMSG-10544]


Action.c(6): Found resource "http://localhost/MercuryWebTours/images/itinerary.gif" in HTML "http://localhost/MercuryWebTours/nav.pl?page=menu&in=flights"  	[MsgId: MMSG-26659]
Action.c(6): Found resource "http://localhost/MercuryWebTours/images/home.gif" in HTML "http://localhost/MercuryWebTours/nav.pl?page=menu&in=flights"  	[MsgId: MMSG-26659]
Action.c(6): Found resource "http://localhost/MercuryWebTours/images/signoff.gif" in HTML "http://localhost/MercuryWebTours/nav.pl?page=menu&in=flights"  	[MsgId: MMSG-26659]
Action.c(6): web_url("welcome.pl") was successful, 19207 body bytes, 1806 header bytes  	[MsgId: MMSG-26386]
Action.c(15): Submitting form to "http://localhost/MercuryWebTours/reservations.pl", Target Frame=""  	[MsgId: MMSG-27978]
Abort was called from an action.	[MsgId: MMSG-10447]
Ending Vuser...	[MsgId: MMSG-15966]
Starting action vuser_end.	[MsgId: MMSG-15919]
vuser_end.c(6): Error -26358: Pending web requests detected and deleted  	[MsgId: MERR-26358]
End auto log messages stack.	[MsgId: MMSG-10544]


