Start auto log messages stack.	[MsgId: MMSG-10546]
Virtual User Script started	[MsgId: MMSG-15967]
Starting action vuser_init.	[MsgId: MMSG-15919]
Web Turbo Replay of LoadRunner 8.0.0 for WINXP; Web build 4121  	[MsgId: MMSG-27143]
Run-Time Settings file: "C:\Documents and Settings\admin\Local Settings\Temp\lr5tmpdir3KS.164\lrcfgWRh.165\cfgrRK.175"  	[MsgId: MMSG-27141]
vuser_init.c(7): Error -27792: Failed to transmit data to network: [10054] Connection reset by peer  	[MsgId: MERR-27792]
vuser_init.c(7): Error -27792: Failed to transmit data to network: [10054] Connection reset by peer  	[MsgId: MERR-27792]
End auto log messages stack.	[MsgId: MMSG-10544]


Start auto log messages stack.	[MsgId: MMSG-10546]
vuser_init.c(7): RETRY 1:   	[MsgId: MMSG-26000]
vuser_init.c(7): Error -27792: Failed to transmit data to network: [10054] Connection reset by peer  	[MsgId: MERR-27792]
End auto log messages stack.	[MsgId: MMSG-10544]


Start auto log messages stack.	[MsgId: MMSG-10546]
vuser_init.c(7): RETRY 2:   	[MsgId: MMSG-26000]
vuser_init.c(7): Error -27792: Failed to transmit data to network: [10054] Connection reset by peer  	[MsgId: MERR-27792]
End auto log messages stack.	[MsgId: MMSG-10544]


Start auto log messages stack.	[MsgId: MMSG-10546]
vuser_init.c(7): RETRY 3:   	[MsgId: MMSG-26000]
vuser_init.c(7): Error -27792: Failed to transmit data to network: [10054] Connection reset by peer  	[MsgId: MERR-27792]
End auto log messages stack.	[MsgId: MMSG-10544]


Start auto log messages stack.	[MsgId: MMSG-10546]
vuser_init.c(7): RETRY 4:   	[MsgId: MMSG-26000]
vuser_init.c(7): Error -27792: Failed to transmit data to network: [10054] Connection reset by peer  	[MsgId: MERR-27792]
End auto log messages stack.	[MsgId: MMSG-10544]


Start auto log messages stack.	[MsgId: MMSG-10546]
vuser_init.c(7): RETRY 5:   	[MsgId: MMSG-26000]
vuser_init.c(7): Error -27792: Failed to transmit data to network: [10054] Connection reset by peer  	[MsgId: MERR-27792]
End auto log messages stack.	[MsgId: MMSG-10544]


Start auto log messages stack.	[MsgId: MMSG-10546]
vuser_init.c(7): RETRY 6:   	[MsgId: MMSG-26000]
vuser_init.c(7): Error -27792: Failed to transmit data to network: [10054] Connection reset by peer  	[MsgId: MERR-27792]
End auto log messages stack.	[MsgId: MMSG-10544]


Start auto log messages stack.	[MsgId: MMSG-10546]
vuser_init.c(7): RETRY 7:   	[MsgId: MMSG-26000]
vuser_init.c(7): Error -27792: Failed to transmit data to network: [10054] Connection reset by peer  	[MsgId: MERR-27792]
End auto log messages stack.	[MsgId: MMSG-10544]


Start auto log messages stack.	[MsgId: MMSG-10546]
vuser_init.c(7): RETRY 8:   	[MsgId: MMSG-26000]
vuser_init.c(7): Error -27792: Failed to transmit data to network: [10054] Connection reset by peer  	[MsgId: MERR-27792]
End auto log messages stack.	[MsgId: MMSG-10544]


Start auto log messages stack.	[MsgId: MMSG-10546]
vuser_init.c(7): RETRY 9:   	[MsgId: MMSG-26000]
vuser_init.c(7): Error -27792: Failed to transmit data to network: [10054] Connection reset by peer  	[MsgId: MERR-27792]
End auto log messages stack.	[MsgId: MMSG-10544]


Start auto log messages stack.	[MsgId: MMSG-10546]
vuser_init.c(7): RETRY 10:   	[MsgId: MMSG-26000]
vuser_init.c(7): Error -27792: Failed to transmit data to network: [10054] Connection reset by peer  	[MsgId: MERR-27792]
End auto log messages stack.	[MsgId: MMSG-10544]


Start auto log messages stack.	[MsgId: MMSG-10546]
vuser_init.c(7): RETRY 11:   	[MsgId: MMSG-26000]
vuser_init.c(7): Error -27792: Failed to transmit data to network: [10054] Connection reset by peer  	[MsgId: MERR-27792]
End auto log messages stack.	[MsgId: MMSG-10544]


Start auto log messages stack.	[MsgId: MMSG-10546]
vuser_init.c(7): RETRY 12:   	[MsgId: MMSG-26000]
vuser_init.c(7): Error -27792: Failed to transmit data to network: [10054] Connection reset by peer  	[MsgId: MERR-27792]
End auto log messages stack.	[MsgId: MMSG-10544]


Start auto log messages stack.	[MsgId: MMSG-10546]
vuser_init.c(7): RETRY 13:   	[MsgId: MMSG-26000]
vuser_init.c(7): Error -27792: Failed to transmit data to network: [10054] Connection reset by peer  	[MsgId: MERR-27792]
End auto log messages stack.	[MsgId: MMSG-10544]


Start auto log messages stack.	[MsgId: MMSG-10546]
vuser_init.c(7): RETRY 14:   	[MsgId: MMSG-26000]
vuser_init.c(7): Detected non-resource "http://localhost/MercuryWebTours/header.html" in "http://localhost/MercuryWebTours/"  	[MsgId: MMSG-26574]
vuser_init.c(7): Detected non-resource "http://localhost/MercuryWebTours/welcome.pl?signOff=true" in "http://localhost/MercuryWebTours/"  	[MsgId: MMSG-26574]
vuser_init.c(7): Error -27792: Failed to transmit data to network: [10054] Connection reset by peer  	[MsgId: MERR-27792]
vuser_init.c(7): Error -27792: Failed to transmit data to network: [10054] Connection reset by peer  	[MsgId: MERR-27792]
End auto log messages stack.	[MsgId: MMSG-10544]


Start auto log messages stack.	[MsgId: MMSG-10546]
vuser_init.c(7): RETRY 1:   	[MsgId: MMSG-26000]
vuser_init.c(7): Error -27792: Failed to transmit data to network: [10054] Connection reset by peer  	[MsgId: MERR-27792]
End auto log messages stack.	[MsgId: MMSG-10544]


Start auto log messages stack.	[MsgId: MMSG-10546]
vuser_init.c(7): RETRY 2:   	[MsgId: MMSG-26000]
vuser_init.c(7): Error -27792: Failed to transmit data to network: [10054] Connection reset by peer  	[MsgId: MERR-27792]
End auto log messages stack.	[MsgId: MMSG-10544]


Start auto log messages stack.	[MsgId: MMSG-10546]
vuser_init.c(7): RETRY 3:   	[MsgId: MMSG-26000]
vuser_init.c(7): Error -27792: Failed to transmit data to network: [10054] Connection reset by peer  	[MsgId: MERR-27792]
End auto log messages stack.	[MsgId: MMSG-10544]


Start auto log messages stack.	[MsgId: MMSG-10546]
vuser_init.c(7): RETRY 4:   	[MsgId: MMSG-26000]
vuser_init.c(7): Error -27792: Failed to transmit data to network: [10054] Connection reset by peer  	[MsgId: MERR-27792]
End auto log messages stack.	[MsgId: MMSG-10544]


Start auto log messages stack.	[MsgId: MMSG-10546]
vuser_init.c(7): RETRY 5:   	[MsgId: MMSG-26000]
vuser_init.c(7): Error -27792: Failed to transmit data to network: [10054] Connection reset by peer  	[MsgId: MERR-27792]
End auto log messages stack.	[MsgId: MMSG-10544]


Start auto log messages stack.	[MsgId: MMSG-10546]
vuser_init.c(7): RETRY 6:   	[MsgId: MMSG-26000]
vuser_init.c(7): Error -27792: Failed to transmit data to network: [10054] Connection reset by peer  	[MsgId: MERR-27792]
End auto log messages stack.	[MsgId: MMSG-10544]


Start auto log messages stack.	[MsgId: MMSG-10546]
vuser_init.c(7): RETRY 7:   	[MsgId: MMSG-26000]
vuser_init.c(7): Error -27792: Failed to transmit data to network: [10054] Connection reset by peer  	[MsgId: MERR-27792]
End auto log messages stack.	[MsgId: MMSG-10544]


Start auto log messages stack.	[MsgId: MMSG-10546]
vuser_init.c(7): RETRY 8:   	[MsgId: MMSG-26000]
vuser_init.c(7): Error -27792: Failed to transmit data to network: [10054] Connection reset by peer  	[MsgId: MERR-27792]
End auto log messages stack.	[MsgId: MMSG-10544]


