Start auto log messages stack - Iteration 1.	[MsgId: MMSG-10545]
Starting action Action.	[MsgId: MMSG-15919]
Action.c(5): Notify: Transaction "µÇÂ¼" started.	[MsgId: MMSG-16999]
Action.c(7): Detected non-resource "http://localhost/MercuryWebTours/header.html" in "http://localhost/MercuryWebTours/"  	[MsgId: MMSG-26574]
Action.c(7): Detected non-resource "http://localhost/MercuryWebTours/welcome.pl?signOff=true" in "http://localhost/MercuryWebTours/"  	[MsgId: MMSG-26574]
Action.c(7): Error -27792: Failed to transmit data to network: [10054] Connection reset by peer  	[MsgId: MERR-27792]
Action.c(7): Error -27792: Failed to transmit data to network: [10054] Connection reset by peer  	[MsgId: MERR-27792]
End auto log messages stack.	[MsgId: MMSG-10544]


Start auto log messages stack - Iteration 1.	[MsgId: MMSG-10545]
Action.c(7): RETRY 1:   	[MsgId: MMSG-26000]
Action.c(7): Detected non-resource "http://localhost/MercuryWebTours/nav.pl?in=home" in "http://localhost/MercuryWebTours/welcome.pl?signOff=true"  	[MsgId: MMSG-26574]
Action.c(7): Detected non-resource "http://localhost/MercuryWebTours/home.html" in "http://localhost/MercuryWebTours/welcome.pl?signOff=true"  	[MsgId: MMSG-26574]
Action.c(7): Error -27792: Failed to transmit data to network: [10054] Connection reset by peer  	[MsgId: MERR-27792]
End auto log messages stack.	[MsgId: MMSG-10544]


Start auto log messages stack - Iteration 1.	[MsgId: MMSG-10545]
Action.c(7): RETRY 2:   	[MsgId: MMSG-26000]
Action.c(7): Error -27792: Failed to transmit data to network: [10054] Connection reset by peer  	[MsgId: MERR-27792]
End auto log messages stack.	[MsgId: MMSG-10544]


Start auto log messages stack - Iteration 1.	[MsgId: MMSG-10545]
Action.c(7): RETRY 3:   	[MsgId: MMSG-26000]
Action.c(7): Error -27792: Failed to transmit data to network: [10054] Connection reset by peer  	[MsgId: MERR-27792]
End auto log messages stack.	[MsgId: MMSG-10544]


Start auto log messages stack - Iteration 1.	[MsgId: MMSG-10545]
Action.c(7): RETRY 4:   	[MsgId: MMSG-26000]
Action.c(7): Found resource "http://localhost/MercuryWebTours/images/sun_swede.gif" in HTML "http://localhost/MercuryWebTours/nav.pl?in=home"  	[MsgId: MMSG-26659]
Action.c(7): Found resource "http://localhost/MercuryWebTours/images/login.gif" in HTML "http://localhost/MercuryWebTours/nav.pl?in=home"  	[MsgId: MMSG-26659]
Action.c(7): Found resource "http://localhost/MercuryWebTours/images/signup.gif" in HTML "http://localhost/MercuryWebTours/nav.pl?in=home"  	[MsgId: MMSG-26659]
Action.c(7): Found resource "http://localhost/MercuryWebTours/images/admin.gif" in HTML "http://localhost/MercuryWebTours/nav.pl?in=home"  	[MsgId: MMSG-26659]
Action.c(7): Error -27792: Failed to transmit data to network: [10054] Connection reset by peer  	[MsgId: MERR-27792]
End auto log messages stack.	[MsgId: MMSG-10544]


Start auto log messages stack - Iteration 1.	[MsgId: MMSG-10545]
Action.c(7): RETRY 5:   	[MsgId: MMSG-26000]
Action.c(7): Error -27792: Failed to transmit data to network: [10054] Connection reset by peer  	[MsgId: MERR-27792]
End auto log messages stack.	[MsgId: MMSG-10544]


Start auto log messages stack - Iteration 1.	[MsgId: MMSG-10545]
Action.c(7): RETRY 16: [10054] Connection reset by peer  	[MsgId: MMSG-26000]
Action.c(7): RETRY 17: [10054] Connection reset by peer  	[MsgId: MMSG-26000]
Action.c(7): RETRY 18: [10054] Connection reset by peer  	[MsgId: MMSG-26000]
Action.c(7): RETRY 19: [10054] Connection reset by peer  	[MsgId: MMSG-26000]
Action.c(7): RETRY 20: [10054] Connection reset by peer  	[MsgId: MMSG-26000]
Action.c(7): RETRY 21: [10054] Connection reset by peer  	[MsgId: MMSG-26000]
Action.c(7): RETRY 22: [10054] Connection reset by peer  	[MsgId: MMSG-26000]
Action.c(7): Found resource "http://localhost/MercuryWebTours/images/banner_animated.gif" in HTML "http://localhost/MercuryWebTours/header.html"  	[MsgId: MMSG-26659]
Action.c(7): Error -27727: Step download timeout (120 seconds) has expired when downloading resource(s). Set the "Resource Page Timeout is a Warning" Run-Time Setting to Yes/No to have this message as a warning/error, respectively  	[MsgId: MERR-27727]
Start auto log messages stack - Iteration 1.	[MsgId: MMSG-10545]
Start auto log messages stack - Iteration 1.	[MsgId: MMSG-10545]
End auto log messages stack.	[MsgId: MMSG-10544]


Start auto log messages stack - Iteration 1.	[MsgId: MMSG-10545]
Start auto log messages stack - Iteration 1.	[MsgId: MMSG-10545]
Action.c(7): RETRY 8: [10054] Connection reset by peer  	[MsgId: MMSG-26000]
Action.c(7): RETRY 9: [10054] Connection reset by peer  	[MsgId: MMSG-26000]
Action.c(7): RETRY 10: [10054] Connection reset by peer  	[MsgId: MMSG-26000]
Action.c(7): RETRY 11: [10054] Connection reset by peer  	[MsgId: MMSG-26000]
Action.c(7): RETRY 12: [10054] Connection reset by peer  	[MsgId: MMSG-26000]
Action.c(7): Warning -26663: Content-Length value is missing or invalid  	[MsgId: MWAR-26663]
Action.c(7): Found resource "http://localhost/MercuryWebTours/images/banner_animated.gif" in HTML "http://localhost/MercuryWebTours/header.html"  	[MsgId: MMSG-26659]
Action.c(7): Warning -26663: Content-Length value is missing or invalid  	[MsgId: MWAR-26663]
Action.c(7): Error -27727: Step download timeout (120 seconds) has expired when downloading resource(s). Set the "Resource Page Timeout is a Warning" Run-Time Setting to Yes/No to have this message as a warning/error, respectively  	[MsgId: MERR-27727]
End auto log messages stack.	[MsgId: MMSG-10544]


Start auto log messages stack - Iteration 1.	[MsgId: MMSG-10545]
Action.c(7): Found resource "http://localhost/MercuryWebTours/images/admin.gif" in HTML "http://localhost/MercuryWebTours/nav.pl?in=home"  	[MsgId: MMSG-26659]
Action.c(7): RETRY 4: [10054] Connection reset by peer  	[MsgId: MMSG-26000]
Action.c(7): Found resource "http://localhost/MercuryWebTours/images/banner_merctur.jpg" in HTML "http://localhost/MercuryWebTours/home.html"  	[MsgId: MMSG-26659]
Action.c(7): Found resource "http://localhost/MercuryWebTours/images/banner_animated.gif" in HTML "http://localhost/MercuryWebTours/header.html"  	[MsgId: MMSG-26659]
Action.c(7): Warning -26663: Content-Length value is missing or invalid  	[MsgId: MWAR-26663]
Action.c(7): Error -27727: Step download timeout (120 seconds) has expired when downloading resource(s). Set the "Resource Page Timeout is a Warning" Run-Time Setting to Yes/No to have this message as a warning/error, respectively  	[MsgId: MERR-27727]
End auto log messages stack.	[MsgId: MMSG-10544]


Start auto log messages stack - Iteration 1.	[MsgId: MMSG-10545]
Start auto log messages stack - Iteration 1.	[MsgId: MMSG-10545]
Action.c(7): Found resource "http://localhost/MercuryWebTours/images/login.gif" in HTML "http://localhost/MercuryWebTours/nav.pl?in=home"  	[MsgId: MMSG-26659]
Action.c(7): Found resource "http://localhost/MercuryWebTours/images/signup.gif" in HTML "http://localhost/MercuryWebTours/nav.pl?in=home"  	[MsgId: MMSG-26659]
Action.c(7): Found resource "http://localhost/MercuryWebTours/images/admin.gif" in HTML "http://localhost/MercuryWebTours/nav.pl?in=home"  	[MsgId: MMSG-26659]
Action.c(7): Found resource "http://localhost/MercuryWebTours/images/banner_merctur.jpg" in HTML "http://localhost/MercuryWebTours/home.html"  	[MsgId: MMSG-26659]
Action.c(7): Warning -26663: Content-Length value is missing or invalid  	[MsgId: MWAR-26663]
Action.c(7): Error -27727: Step download timeout (120 seconds) has expired when downloading resource(s). Set the "Resource Page Timeout is a Warning" Run-Time Setting to Yes/No to have this message as a warning/error, respectively  	[MsgId: MERR-27727]
End auto log messages stack.	[MsgId: MMSG-10544]


Start auto log messages stack - Iteration 1.	[MsgId: MMSG-10545]
Action.c(7): Warning -26663: Content-Length value is missing or invalid  	[MsgId: MWAR-26663]
Action.c(7): Found resource "http://localhost/MercuryWebTours/images/sun_swede.gif" in HTML "http://localhost/MercuryWebTours/nav.pl?in=home"  	[MsgId: MMSG-26659]
Action.c(7): Found resource "http://localhost/MercuryWebTours/images/login.gif" in HTML "http://localhost/MercuryWebTours/nav.pl?in=home"  	[MsgId: MMSG-26659]
Action.c(7): Found resource "http://localhost/MercuryWebTours/images/signup.gif" in HTML "http://localhost/MercuryWebTours/nav.pl?in=home"  	[MsgId: MMSG-26659]
Action.c(7): Found resource "http://localhost/MercuryWebTours/images/admin.gif" in HTML "http://localhost/MercuryWebTours/nav.pl?in=home"  	[MsgId: MMSG-26659]
Action.c(7): Error -27727: Step download timeout (120 seconds) has expired when downloading resource(s). Set the "Resource Page Timeout is a Warning" Run-Time Setting to Yes/No to have this message as a warning/error, respectively  	[MsgId: MERR-27727]
End auto log messages stack.	[MsgId: MMSG-10544]


Start auto log messages stack - Iteration 1.	[MsgId: MMSG-10545]
Action.c(7): Found resource "http://localhost/MercuryWebTours/images/login.gif" in HTML "http://localhost/MercuryWebTours/nav.pl?in=home"  	[MsgId: MMSG-26659]
Action.c(7): Found resource "http://localhost/MercuryWebTours/images/signup.gif" in HTML "http://localhost/MercuryWebTours/nav.pl?in=home"  	[MsgId: MMSG-26659]
Action.c(7): Found resource "http://localhost/MercuryWebTours/images/admin.gif" in HTML "http://localhost/MercuryWebTours/nav.pl?in=home"  	[MsgId: MMSG-26659]
Action.c(7): Found resource "http://localhost/MercuryWebTours/images/banner_merctur.jpg" in HTML "http://localhost/MercuryWebTours/home.html"  	[MsgId: MMSG-26659]
Action.c(7): Warning -26663: Content-Length value is missing or invalid  	[MsgId: MWAR-26663]
Action.c(7): Error -27727: Step download timeout (120 seconds) has expired when downloading resource(s). Set the "Resource Page Timeout is a Warning" Run-Time Setting to Yes/No to have this message as a warning/error, respectively  	[MsgId: MERR-27727]
End auto log messages stack.	[MsgId: MMSG-10544]


Action.c(7): Found resource "http://localhost/MercuryWebTours/images/login.gif" in HTML "http://localhost/MercuryWebTours/nav.pl?in=home"  	[MsgId: MMSG-26659]
Action.c(7): Found resource "http://localhost/MercuryWebTours/images/signup.gif" in HTML "http://localhost/MercuryWebTours/nav.pl?in=home"  	[MsgId: MMSG-26659]
Action.c(7): Found resource "http://localhost/MercuryWebTours/images/admin.gif" in HTML "http://localhost/MercuryWebTours/nav.pl?in=home"  	[MsgId: MMSG-26659]
Action.c(7): Found resource "http://localhost/MercuryWebTours/images/banner_merctur.jpg" in HTML "http://localhost/MercuryWebTours/home.html"  	[MsgId: MMSG-26659]
Action.c(7): Warning -26663: Content-Length value is missing or invalid  	[MsgId: MWAR-26663]
Action.c(7): Error -27727: Step download timeout (120 seconds) has expired when downloading resource(s). Set the "Resource Page Timeout is a Warning" Run-Time Setting to Yes/No to have this message as a warning/error, respectively  	[MsgId: MERR-27727]
End auto log messages stack.	[MsgId: MMSG-10544]


Action.c(7): Detected non-resource "http://localhost/MercuryWebTours/home.html" in "http://localhost/MercuryWebTours/welcome.pl?signOff=true"  	[MsgId: MMSG-26574]
Action.c(7): Found resource "http://localhost/MercuryWebTours/images/sun_swede.gif" in HTML "http://localhost/MercuryWebTours/nav.pl?in=home"  	[MsgId: MMSG-26659]
Action.c(7): Found resource "http://localhost/MercuryWebTours/images/login.gif" in HTML "http://localhost/MercuryWebTours/nav.pl?in=home"  	[MsgId: MMSG-26659]
Action.c(7): Found resource "http://localhost/MercuryWebTours/images/signup.gif" in HTML "http://localhost/MercuryWebTours/nav.pl?in=home"  	[MsgId: MMSG-26659]
Action.c(7): Found resource "http://localhost/MercuryWebTours/images/admin.gif" in HTML "http://localhost/MercuryWebTours/nav.pl?in=home"  	[MsgId: MMSG-26659]
Action.c(7): Error -27728: Step download timeout (120 seconds) has expired when downloading non-resource(s)  	[MsgId: MERR-27728]
End auto log messages stack.	[MsgId: MMSG-10544]


Start auto log messages stack - Iteration 1.	[MsgId: MMSG-10545]
Action.c(7): Found resource "http://localhost/MercuryWebTours/images/admin.gif" in HTML "http://localhost/MercuryWebTours/nav.pl?in=home"  	[MsgId: MMSG-26659]
Action.c(7): Found resource "http://localhost/MercuryWebTours/images/banner_animated.gif" in HTML "http://localhost/MercuryWebTours/header.html"  	[MsgId: MMSG-26659]
Action.c(7): Found resource "http://localhost/MercuryWebTours/images/banner_merctur.jpg" in HTML "http://localhost/MercuryWebTours/home.html"  	[MsgId: MMSG-26659]
Action.c(7): Warning -26663: Content-Length value is missing or invalid  	[MsgId: MWAR-26663]
Action.c(7): Warning -26663: Content-Length value is missing or invalid  	[MsgId: MWAR-26663]
Action.c(7): Error -27727: Step download timeout (120 seconds) has expired when downloading resource(s). Set the "Resource Page Timeout is a Warning" Run-Time Setting to Yes/No to have this message as a warning/error, respectively  	[MsgId: MERR-27727]
End auto log messages stack.	[MsgId: MMSG-10544]


Start auto log messages stack - Iteration 1.	[MsgId: MMSG-10545]
Action.c(7): RETRY 11: [10054] Connection reset by peer  	[MsgId: MMSG-26000]
Action.c(7): RETRY 12: [10054] Connection reset by peer  	[MsgId: MMSG-26000]
Action.c(7): Warning -26663: Content-Length value is missing or invalid  	[MsgId: MWAR-26663]
Action.c(7): RETRY 13: [10054] Connection reset by peer  	[MsgId: MMSG-26000]
Action.c(7): RETRY 14: [10054] Connection reset by peer  	[MsgId: MMSG-26000]
Action.c(7): RETRY 15: [10054] Connection reset by peer  	[MsgId: MMSG-26000]
Action.c(7): RETRY 16: [10054] Connection reset by peer  	[MsgId: MMSG-26000]
Action.c(7): Found resource "http://localhost/MercuryWebTours/images/banner_animated.gif" in HTML "http://localhost/MercuryWebTours/header.html"  	[MsgId: MMSG-26659]
Action.c(7): Error -27727: Step download timeout (120 seconds) has expired when downloading resource(s). Set the "Resource Page Timeout is a Warning" Run-Time Setting to Yes/No to have this message as a warning/error, respectively  	[MsgId: MERR-27727]
End auto log messages stack.	[MsgId: MMSG-10544]


Start auto log messages stack - Iteration 1.	[MsgId: MMSG-10545]
Action.c(7): RETRY 9: [10054] Connection reset by peer  	[MsgId: MMSG-26000]
Action.c(7): RETRY 10: [10054] Connection reset by peer  	[MsgId: MMSG-26000]
Action.c(7): RETRY 11: [10054] Connection reset by peer  	[MsgId: MMSG-26000]
Action.c(7): RETRY 12: [10054] Connection reset by peer  	[MsgId: MMSG-26000]
Action.c(7): Warning -26663: Content-Length value is missing or invalid  	[MsgId: MWAR-26663]
Action.c(7): RETRY 13: [10054] Connection reset by peer  	[MsgId: MMSG-26000]
Action.c(7): RETRY 14: [10054] Connection reset by peer  	[MsgId: MMSG-26000]
Action.c(7): Found resource "http://localhost/MercuryWebTours/images/banner_animated.gif" in HTML "http://localhost/MercuryWebTours/header.html"  	[MsgId: MMSG-26659]
Action.c(7): Error -27727: Step download timeout (120 seconds) has expired when downloading resource(s). Set the "Resource Page Timeout is a Warning" Run-Time Setting to Yes/No to have this message as a warning/error, respectively  	[MsgId: MERR-27727]
End auto log messages stack.	[MsgId: MMSG-10544]


Start auto log messages stack - Iteration 1.	[MsgId: MMSG-10545]
Start auto log messages stack - Iteration 1.	[MsgId: MMSG-10545]
Action.c(7): RETRY 9: [10054] Connection reset by peer  	[MsgId: MMSG-26000]
Action.c(7): RETRY 10: [10054] Connection reset by peer  	[MsgId: MMSG-26000]
Action.c(7): Warning -26663: Content-Length value is missing or invalid  	[MsgId: MWAR-26663]
Action.c(7): RETRY 11: [10054] Connection reset by peer  	[MsgId: MMSG-26000]
Action.c(7): RETRY 12: [10054] Connection reset by peer  	[MsgId: MMSG-26000]
Action.c(7): RETRY 13: [10054] Connection reset by peer  	[MsgId: MMSG-26000]
Action.c(7): RETRY 14: [10054] Connection reset by peer  	[MsgId: MMSG-26000]
Action.c(7): Found resource "http://localhost/MercuryWebTours/images/banner_animated.gif" in HTML "http://localhost/MercuryWebTours/header.html"  	[MsgId: MMSG-26659]
Action.c(7): Error -27727: Step download timeout (120 seconds) has expired when downloading resource(s). Set the "Resource Page Timeout is a Warning" Run-Time Setting to Yes/No to have this message as a warning/error, respectively  	[MsgId: MERR-27727]
End auto log messages stack.	[MsgId: MMSG-10544]


Start auto log messages stack - Iteration 1.	[MsgId: MMSG-10545]
Action.c(7): RETRY 15: [10054] Connection reset by peer  	[MsgId: MMSG-26000]
Action.c(7): RETRY 16: [10054] Connection reset by peer  	[MsgId: MMSG-26000]
Action.c(7): RETRY 17: [10054] Connection reset by peer  	[MsgId: MMSG-26000]
Action.c(7): RETRY 18: [10054] Connection reset by peer  	[MsgId: MMSG-26000]
Action.c(7): RETRY 19: [10054] Connection reset by peer  	[MsgId: MMSG-26000]
Action.c(7): RETRY 20: [10054] Connection reset by peer  	[MsgId: MMSG-26000]
Action.c(7): RETRY 21: [10054] Connection reset by peer  	[MsgId: MMSG-26000]
Action.c(7): Found resource "http://localhost/MercuryWebTours/images/banner_animated.gif" in HTML "http://localhost/MercuryWebTours/header.html"  	[MsgId: MMSG-26659]
Action.c(7): Error -27727: Step download timeout (120 seconds) has expired when downloading resource(s). Set the "Resource Page Timeout is a Warning" Run-Time Setting to Yes/No to have this message as a warning/error, respectively  	[MsgId: MERR-27727]
End auto log messages stack.	[MsgId: MMSG-10544]


Start auto log messages stack - Iteration 1.	[MsgId: MMSG-10545]
Action.c(7): RETRY 13: [10054] Connection reset by peer  	[MsgId: MMSG-26000]
Action.c(7): Warning -26663: Content-Length value is missing or invalid  	[MsgId: MWAR-26663]
Action.c(7): RETRY 14: [10054] Connection reset by peer  	[MsgId: MMSG-26000]
Action.c(7): RETRY 15: [10054] Connection reset by peer  	[MsgId: MMSG-26000]
Action.c(7): RETRY 16: [10054] Connection reset by peer  	[MsgId: MMSG-26000]
Action.c(7): Found resource "http://localhost/MercuryWebTours/images/banner_animated.gif" in HTML "http://localhost/MercuryWebTours/header.html"  	[MsgId: MMSG-26659]
Action.c(7): Warning -26663: Content-Length value is missing or invalid  	[MsgId: MWAR-26663]
Action.c(7): Error -27727: Step download timeout (120 seconds) has expired when downloading resource(s). Set the "Resource Page Timeout is a Warning" Run-Time Setting to Yes/No to have this message as a warning/error, respectively  	[MsgId: MERR-27727]
End auto log messages stack.	[MsgId: MMSG-10544]


Start auto log messages stack - Iteration 1.	[MsgId: MMSG-10545]
Action.c(7): RETRY 13: [10054] Connection reset by peer  	[MsgId: MMSG-26000]
Action.c(7): RETRY 14: [10054] Connection reset by peer  	[MsgId: MMSG-26000]
Action.c(7): RETRY 15: [10054] Connection reset by peer  	[MsgId: MMSG-26000]
Action.c(7): RETRY 16: [10054] Connection reset by peer  	[MsgId: MMSG-26000]
Action.c(7): RETRY 17: [10054] Connection reset by peer  	[MsgId: MMSG-26000]
Action.c(7): RETRY 18: [10054] Connection reset by peer  	[MsgId: MMSG-26000]
Action.c(7): Found resource "http://localhost/MercuryWebTours/images/banner_animated.gif" in HTML "http://localhost/MercuryWebTours/header.html"  	[MsgId: MMSG-26659]
Action.c(7): Warning -26663: Content-Length value is missing or invalid  	[MsgId: MWAR-26663]
Action.c(7): Error -27727: Step download timeout (120 seconds) has expired when downloading resource(s). Set the "Resource Page Timeout is a Warning" Run-Time Setting to Yes/No to have this message as a warning/error, respectively  	[MsgId: MERR-27727]
End auto log messages stack.	[MsgId: MMSG-10544]


Start auto log messages stack - Iteration 1.	[MsgId: MMSG-10545]
Action.c(7): Found resource "http://localhost/MercuryWebTours/images/signup.gif" in HTML "http://localhost/MercuryWebTours/nav.pl?in=home"  	[MsgId: MMSG-26659]
Action.c(7): Found resource "http://localhost/MercuryWebTours/images/admin.gif" in HTML "http://localhost/MercuryWebTours/nav.pl?in=home"  	[MsgId: MMSG-26659]
Action.c(7): Warning -26663: Content-Length value is missing or invalid  	[MsgId: MWAR-26663]
Action.c(7): Found resource "http://localhost/MercuryWebTours/images/banner_merctur.jpg" in HTML "http://localhost/MercuryWebTours/home.html"  	[MsgId: MMSG-26659]
Action.c(7): Warning -26663: Content-Length value is missing or invalid  	[MsgId: MWAR-26663]
Action.c(7): Error -27727: Step download timeout (120 seconds) has expired when downloading resource(s). Set the "Resource Page Timeout is a Warning" Run-Time Setting to Yes/No to have this message as a warning/error, respectively  	[MsgId: MERR-27727]
End auto log messages stack.	[MsgId: MMSG-10544]


Start auto log messages stack - Iteration 1.	[MsgId: MMSG-10545]
Action.c(7): RETRY 7996: [10054] Connection reset by peer  	[MsgId: MMSG-26000]
Action.c(7): RETRY 7997: [10054] Connection reset by peer  	[MsgId: MMSG-26000]
Action.c(7): RETRY 7998: [10054] Connection reset by peer  	[MsgId: MMSG-26000]
Action.c(7): RETRY 7999: [10054] Connection reset by peer  	[MsgId: MMSG-26000]
Action.c(7): RETRY 8000: [10054] Connection reset by peer  	[MsgId: MMSG-26000]
Action.c(7): RETRY 8001: [10054] Connection reset by peer  	[MsgId: MMSG-26000]
Action.c(7): RETRY 8002: [10054] Connection reset by peer  	[MsgId: MMSG-26000]
Action.c(7): Found resource "http://localhost/MercuryWebTours/images/banner_animated.gif" in HTML "http://localhost/MercuryWebTours/header.html"  	[MsgId: MMSG-26659]
Action.c(7): Error -27727: Step download timeout (120 seconds) has expired when downloading resource(s). Set the "Resource Page Timeout is a Warning" Run-Time Setting to Yes/No to have this message as a warning/error, respectively  	[MsgId: MERR-27727]
End auto log messages stack.	[MsgId: MMSG-10544]


Start auto log messages stack - Iteration 1.	[MsgId: MMSG-10545]
Start auto log messages stack - Iteration 1.	[MsgId: MMSG-10545]
Action.c(7): Found resource "http://localhost/MercuryWebTours/images/login.gif" in HTML "http://localhost/MercuryWebTours/nav.pl?in=home"  	[MsgId: MMSG-26659]
Action.c(7): Found resource "http://localhost/MercuryWebTours/images/signup.gif" in HTML "http://localhost/MercuryWebTours/nav.pl?in=home"  	[MsgId: MMSG-26659]
Action.c(7): Found resource "http://localhost/MercuryWebTours/images/admin.gif" in HTML "http://localhost/MercuryWebTours/nav.pl?in=home"  	[MsgId: MMSG-26659]
Action.c(7): Found resource "http://localhost/MercuryWebTours/images/banner_merctur.jpg" in HTML "http://localhost/MercuryWebTours/home.html"  	[MsgId: MMSG-26659]
Action.c(7): Warning -26663: Content-Length value is missing or invalid  	[MsgId: MWAR-26663]
Action.c(7): Error -27727: Step download timeout (120 seconds) has expired when downloading resource(s). Set the "Resource Page Timeout is a Warning" Run-Time Setting to Yes/No to have this message as a warning/error, respectively  	[MsgId: MERR-27727]
End auto log messages stack.	[MsgId: MMSG-10544]


Start auto log messages stack - Iteration 1.	[MsgId: MMSG-10545]
Action.c(7): Found resource "http://localhost/MercuryWebTours/images/signup.gif" in HTML "http://localhost/MercuryWebTours/nav.pl?in=home"  	[MsgId: MMSG-26659]
Action.c(7): Found resource "http://localhost/MercuryWebTours/images/admin.gif" in HTML "http://localhost/MercuryWebTours/nav.pl?in=home"  	[MsgId: MMSG-26659]
Action.c(7): Found resource "http://localhost/MercuryWebTours/images/banner_merctur.jpg" in HTML "http://localhost/MercuryWebTours/home.html"  	[MsgId: MMSG-26659]
Action.c(7): Found resource "http://localhost/MercuryWebTours/images/banner_animated.gif" in HTML "http://localhost/MercuryWebTours/header.html"  	[MsgId: MMSG-26659]
Action.c(7): Warning -26663: Content-Length value is missing or invalid  	[MsgId: MWAR-26663]
Action.c(7): Error -27727: Step download timeout (120 seconds) has expired when downloading resource(s). Set the "Resource Page Timeout is a Warning" Run-Time Setting to Yes/No to have this message as a warning/error, respectively  	[MsgId: MERR-27727]
End auto log messages stack.	[MsgId: MMSG-10544]


Start auto log messages stack - Iteration 1.	[MsgId: MMSG-10545]
Action.c(7): RETRY 6:   	[MsgId: MMSG-26000]
Action.c(7): Found resource "http://localhost/MercuryWebTours/images/banner_merctur.jpg" in HTML "http://localhost/MercuryWebTours/home.html"  	[MsgId: MMSG-26659]
Action.c(7): Found resource "http://localhost/MercuryWebTours/images/banner_animated.gif" in HTML "http://localhost/MercuryWebTours/header.html"  	[MsgId: MMSG-26659]
Action.c(7): Warning -26663: Content-Length value is missing or invalid  	[MsgId: MWAR-26663]
Action.c(7): Error -27727: Step download timeout (120 seconds) has expired when downloading resource(s). Set the "Resource Page Timeout is a Warning" Run-Time Setting to Yes/No to have this message as a warning/error, respectively  	[MsgId: MERR-27727]
End auto log messages stack.	[MsgId: MMSG-10544]


Start auto log messages stack - Iteration 1.	[MsgId: MMSG-10545]
Action.c(7): RETRY 8: [10054] Connection reset by peer  	[MsgId: MMSG-26000]
Action.c(7): RETRY 9: [10054] Connection reset by peer  	[MsgId: MMSG-26000]
Action.c(7): RETRY 10: [10054] Connection reset by peer  	[MsgId: MMSG-26000]
Action.c(7): Warning -26663: Content-Length value is missing or invalid  	[MsgId: MWAR-26663]
Action.c(7): RETRY 11: [10054] Connection reset by peer  	[MsgId: MMSG-26000]
Action.c(7): RETRY 12: [10054] Connection reset by peer  	[MsgId: MMSG-26000]
Action.c(7): RETRY 13: [10054] Connection reset by peer  	[MsgId: MMSG-26000]
Action.c(7): Found resource "http://localhost/MercuryWebTours/images/banner_animated.gif" in HTML "http://localhost/MercuryWebTours/header.html"  	[MsgId: MMSG-26659]
Action.c(7): Error -27727: Step download timeout (120 seconds) has expired when downloading resource(s). Set the "Resource Page Timeout is a Warning" Run-Time Setting to Yes/No to have this message as a warning/error, respectively  	[MsgId: MERR-27727]
End auto log messages stack.	[MsgId: MMSG-10544]


Start auto log messages stack - Iteration 1.	[MsgId: MMSG-10545]
Action.c(7): RETRY 8280: [10054] Connection reset by peer  	[MsgId: MMSG-26000]
Action.c(7): RETRY 8281: [10054] Connection reset by peer  	[MsgId: MMSG-26000]
Action.c(7): RETRY 8282: [10054] Connection reset by peer  	[MsgId: MMSG-26000]
Action.c(7): RETRY 8283: [10054] Connection reset by peer  	[MsgId: MMSG-26000]
Action.c(7): RETRY 8284: [10054] Connection reset by peer  	[MsgId: MMSG-26000]
Action.c(7): RETRY 8285: [10054] Connection reset by peer  	[MsgId: MMSG-26000]
Action.c(7): RETRY 8286: [10054] Connection reset by peer  	[MsgId: MMSG-26000]
Action.c(7): RETRY 8287: [10054] Connection reset by peer  	[MsgId: MMSG-26000]
Action.c(7): Error -27728: Step download timeout (120 seconds) has expired when downloading non-resource(s)  	[MsgId: MERR-27728]
End auto log messages stack.	[MsgId: MMSG-10544]


Start auto log messages stack - Iteration 1.	[MsgId: MMSG-10545]
Start auto log messages stack - Iteration 1.	[MsgId: MMSG-10545]
Action.c(7): RETRY 78249: [10054] Connection reset by peer  	[MsgId: MMSG-26000]
Action.c(7): RETRY 78250: [10054] Connection reset by peer  	[MsgId: MMSG-26000]
Action.c(7): RETRY 78251: [10054] Connection reset by peer  	[MsgId: MMSG-26000]
Action.c(7): RETRY 78252: [10054] Connection reset by peer  	[MsgId: MMSG-26000]
Action.c(7): RETRY 78253: [10054] Connection reset by peer  	[MsgId: MMSG-26000]
Action.c(7): RETRY 78254: [10054] Connection reset by peer  	[MsgId: MMSG-26000]
Action.c(7): RETRY 78255: [10054] Connection reset by peer  	[MsgId: MMSG-26000]
Action.c(7): RETRY 78256: [10054] Connection reset by peer  	[MsgId: MMSG-26000]
Action.c(7): Error -27728: Step download timeout (120 seconds) has expired when downloading non-resource(s)  	[MsgId: MERR-27728]
End auto log messages stack.	[MsgId: MMSG-10544]


Start auto log messages stack - Iteration 1.	[MsgId: MMSG-10545]
Action.c(7): RETRY 8099: [10054] Connection reset by peer  	[MsgId: MMSG-26000]
Action.c(7): RETRY 8100: [10054] Connection reset by peer  	[MsgId: MMSG-26000]
Action.c(7): RETRY 8101: [10054] Connection reset by peer  	[MsgId: MMSG-26000]
Action.c(7): RETRY 8102: [10054] Connection reset by peer  	[MsgId: MMSG-26000]
Action.c(7): RETRY 8103: [10054] Connection reset by peer  	[MsgId: MMSG-26000]
Action.c(7): RETRY 8104: [10054] Connection reset by peer  	[MsgId: MMSG-26000]
Action.c(7): RETRY 8105: [10054] Connection reset by peer  	[MsgId: MMSG-26000]
Action.c(7): Found resource "http://localhost/MercuryWebTours/images/banner_animated.gif" in HTML "http://localhost/MercuryWebTours/header.html"  	[MsgId: MMSG-26659]
Action.c(7): Error -27727: Step download timeout (120 seconds) has expired when downloading resource(s). Set the "Resource Page Timeout is a Warning" Run-Time Setting to Yes/No to have this message as a warning/error, respectively  	[MsgId: MERR-27727]
End auto log messages stack.	[MsgId: MMSG-10544]


Start auto log messages stack - Iteration 1.	[MsgId: MMSG-10545]
Action.c(7): Found resource "http://localhost/MercuryWebTours/images/admin.gif" in HTML "http://localhost/MercuryWebTours/nav.pl?in=home"  	[MsgId: MMSG-26659]
Action.c(7): RETRY 2: [10054] Connection reset by peer  	[MsgId: MMSG-26000]
Action.c(7): RETRY 3: [10054] Connection reset by peer  	[MsgId: MMSG-26000]
Action.c(7): Found resource "http://localhost/MercuryWebTours/images/banner_merctur.jpg" in HTML "http://localhost/MercuryWebTours/home.html"  	[MsgId: MMSG-26659]
Action.c(7): Found resource "http://localhost/MercuryWebTours/images/banner_animated.gif" in HTML "http://localhost/MercuryWebTours/header.html"  	[MsgId: MMSG-26659]
Action.c(7): Warning -26663: Content-Length value is missing or invalid  	[MsgId: MWAR-26663]
Action.c(7): Error -27727: Step download timeout (120 seconds) has expired when downloading resource(s). Set the "Resource Page Timeout is a Warning" Run-Time Setting to Yes/No to have this message as a warning/error, respectively  	[MsgId: MERR-27727]
End auto log messages stack.	[MsgId: MMSG-10544]


Start auto log messages stack - Iteration 1.	[MsgId: MMSG-10545]
Action.c(7): Found resource "http://localhost/MercuryWebTours/images/signup.gif" in HTML "http://localhost/MercuryWebTours/nav.pl?in=home"  	[MsgId: MMSG-26659]
Action.c(7): Found resource "http://localhost/MercuryWebTours/images/admin.gif" in HTML "http://localhost/MercuryWebTours/nav.pl?in=home"  	[MsgId: MMSG-26659]
Action.c(7): Found resource "http://localhost/MercuryWebTours/images/banner_animated.gif" in HTML "http://localhost/MercuryWebTours/header.html"  	[MsgId: MMSG-26659]
Action.c(7): Found resource "http://localhost/MercuryWebTours/images/banner_merctur.jpg" in HTML "http://localhost/MercuryWebTours/home.html"  	[MsgId: MMSG-26659]
Action.c(7): Warning -26663: Content-Length value is missing or invalid  	[MsgId: MWAR-26663]
Action.c(7): Error -27727: Step download timeout (120 seconds) has expired when downloading resource(s). Set the "Resource Page Timeout is a Warning" Run-Time Setting to Yes/No to have this message as a warning/error, respectively  	[MsgId: MERR-27727]
End auto log messages stack.	[MsgId: MMSG-10544]


Start auto log messages stack - Iteration 1.	[MsgId: MMSG-10545]
Action.c(7): RETRY 31728: [10054] Connection reset by peer  	[MsgId: MMSG-26000]
Action.c(7): RETRY 31729: [10054] Connection reset by peer  	[MsgId: MMSG-26000]
Action.c(7): RETRY 31730: [10054] Connection reset by peer  	[MsgId: MMSG-26000]
Action.c(7): RETRY 31731: [10054] Connection reset by peer  	[MsgId: MMSG-26000]
Action.c(7): RETRY 31732: [10054] Connection reset by peer  	[MsgId: MMSG-26000]
Action.c(7): RETRY 31733: [10054] Connection reset by peer  	[MsgId: MMSG-26000]
Action.c(7): RETRY 31734: [10054] Connection reset by peer  	[MsgId: MMSG-26000]
Action.c(7): RETRY 31735: [10054] Connection reset by peer  	[MsgId: MMSG-26000]
Action.c(7): Error -27728: Step download timeout (120 seconds) has expired when downloading non-resource(s)  	[MsgId: MERR-27728]
End auto log messages stack.	[MsgId: MMSG-10544]


Start auto log messages stack - Iteration 1.	[MsgId: MMSG-10545]
Action.c(7): RETRY 5: [10054] Connection reset by peer  	[MsgId: MMSG-26000]
Action.c(7): RETRY 6: [10054] Connection reset by peer  	[MsgId: MMSG-26000]
Action.c(7): RETRY 7: [10054] Connection reset by peer  	[MsgId: MMSG-26000]
Action.c(7): RETRY 8: [10054] Connection reset by peer  	[MsgId: MMSG-26000]
Action.c(7): RETRY 9: [10054] Connection reset by peer  	[MsgId: MMSG-26000]
Action.c(7): Warning -26663: Content-Length value is missing or invalid  	[MsgId: MWAR-26663]
Action.c(7): Found resource "http://localhost/MercuryWebTours/images/banner_animated.gif" in HTML "http://localhost/MercuryWebTours/header.html"  	[MsgId: MMSG-26659]
Action.c(7): Error -27727: Step download timeout (120 seconds) has expired when downloading resource(s). Set the "Resource Page Timeout is a Warning" Run-Time Setting to Yes/No to have this message as a warning/error, respectively  	[MsgId: MERR-27727]
End auto log messages stack.	[MsgId: MMSG-10544]


Action.c(7): Found resource "http://localhost/MercuryWebTours/images/signup.gif" in HTML "http://localhost/MercuryWebTours/nav.pl?in=home"  	[MsgId: MMSG-26659]
Action.c(7): Found resource "http://localhost/MercuryWebTours/images/admin.gif" in HTML "http://localhost/MercuryWebTours/nav.pl?in=home"  	[MsgId: MMSG-26659]
Action.c(7): Found resource "http://localhost/MercuryWebTours/images/banner_merctur.jpg" in HTML "http://localhost/MercuryWebTours/home.html"  	[MsgId: MMSG-26659]
Action.c(7): Found resource "http://localhost/MercuryWebTours/images/banner_animated.gif" in HTML "http://localhost/MercuryWebTours/header.html"  	[MsgId: MMSG-26659]
Action.c(7): Warning -26663: Content-Length value is missing or invalid  	[MsgId: MWAR-26663]
Action.c(7): Error -27727: Step download timeout (120 seconds) has expired when downloading resource(s). Set the "Resource Page Timeout is a Warning" Run-Time Setting to Yes/No to have this message as a warning/error, respectively  	[MsgId: MERR-27727]
End auto log messages stack.	[MsgId: MMSG-10544]


Action.c(7): RETRY 11: [10054] Connection reset by peer  	[MsgId: MMSG-26000]
Action.c(7): RETRY 12: [10054] Connection reset by peer  	[MsgId: MMSG-26000]
Action.c(7): RETRY 13: [10054] Connection reset by peer  	[MsgId: MMSG-26000]
Action.c(7): Warning -26663: Content-Length value is missing or invalid  	[MsgId: MWAR-26663]
Action.c(7): RETRY 14: [10054] Connection reset by peer  	[MsgId: MMSG-26000]
Action.c(7): Found resource "http://localhost/MercuryWebTours/images/banner_animated.gif" in HTML "http://localhost/MercuryWebTours/header.html"  	[MsgId: MMSG-26659]
Action.c(7): Warning -26663: Content-Length value is missing or invalid  	[MsgId: MWAR-26663]
Action.c(7): Error -27727: Step download timeout (120 seconds) has expired when downloading resource(s). Set the "Resource Page Timeout is a Warning" Run-Time Setting to Yes/No to have this message as a warning/error, respectively  	[MsgId: MERR-27727]
End auto log messages stack.	[MsgId: MMSG-10544]


Action.c(7): Warning -26663: Content-Length value is missing or invalid  	[MsgId: MWAR-26663]
Action.c(7): Found resource "http://localhost/MercuryWebTours/images/sun_swede.gif" in HTML "http://localhost/MercuryWebTours/nav.pl?in=home"  	[MsgId: MMSG-26659]
Action.c(7): Found resource "http://localhost/MercuryWebTours/images/login.gif" in HTML "http://localhost/MercuryWebTours/nav.pl?in=home"  	[MsgId: MMSG-26659]
Action.c(7): Found resource "http://localhost/MercuryWebTours/images/signup.gif" in HTML "http://localhost/MercuryWebTours/nav.pl?in=home"  	[MsgId: MMSG-26659]
Action.c(7): Found resource "http://localhost/MercuryWebTours/images/admin.gif" in HTML "http://localhost/MercuryWebTours/nav.pl?in=home"  	[MsgId: MMSG-26659]
Action.c(7): Error -27727: Step download timeout (120 seconds) has expired when downloading resource(s). Set the "Resource Page Timeout is a Warning" Run-Time Setting to Yes/No to have this message as a warning/error, respectively  	[MsgId: MERR-27727]
End auto log messages stack.	[MsgId: MMSG-10544]


Action.c(7): RETRY 4: [10054] Connection reset by peer  	[MsgId: MMSG-26000]
Action.c(7): RETRY 5: [10054] Connection reset by peer  	[MsgId: MMSG-26000]
Action.c(7): Found resource "http://localhost/MercuryWebTours/images/banner_merctur.jpg" in HTML "http://localhost/MercuryWebTours/home.html"  	[MsgId: MMSG-26659]
Action.c(7): RETRY 6: [10054] Connection reset by peer  	[MsgId: MMSG-26000]
Action.c(7): Found resource "http://localhost/MercuryWebTours/images/banner_animated.gif" in HTML "http://localhost/MercuryWebTours/header.html"  	[MsgId: MMSG-26659]
Action.c(7): Warning -26663: Content-Length value is missing or invalid  	[MsgId: MWAR-26663]
Action.c(7): Error -27727: Step download timeout (120 seconds) has expired when downloading resource(s). Set the "Resource Page Timeout is a Warning" Run-Time Setting to Yes/No to have this message as a warning/error, respectively  	[MsgId: MERR-27727]
End auto log messages stack.	[MsgId: MMSG-10544]


Action.c(7): RETRY 8083: [10054] Connection reset by peer  	[MsgId: MMSG-26000]
Action.c(7): RETRY 8084: [10054] Connection reset by peer  	[MsgId: MMSG-26000]
Action.c(7): RETRY 8085: [10054] Connection reset by peer  	[MsgId: MMSG-26000]
Action.c(7): RETRY 8086: [10054] Connection reset by peer  	[MsgId: MMSG-26000]
Action.c(7): RETRY 8087: [10054] Connection reset by peer  	[MsgId: MMSG-26000]
Action.c(7): Detected non-resource "http://localhost/MercuryWebTours/header.html" in "http://localhost/MercuryWebTours/"  	[MsgId: MMSG-26574]
Action.c(7): Detected non-resource "http://localhost/MercuryWebTours/welcome.pl?signOff=true" in "http://localhost/MercuryWebTours/"  	[MsgId: MMSG-26574]
Action.c(7): Error -27728: Step download timeout (120 seconds) has expired when downloading non-resource(s)  	[MsgId: MERR-27728]
End auto log messages stack.	[MsgId: MMSG-10544]


