Start auto log messages stack - Iteration 1.	[MsgId: MMSG-10545]
Starting action Action.	[MsgId: MMSG-15919]
Action.c(5): Notify: Transaction "µÇÂ¼" started.	[MsgId: MMSG-16999]
Action.c(7): Error -27792: Failed to transmit data to network: [10054] Connection reset by peer  	[MsgId: MERR-27792]
Action.c(7): Error -27792: Failed to transmit data to network: [10054] Connection reset by peer  	[MsgId: MERR-27792]
End auto log messages stack.	[MsgId: MMSG-10544]


Start auto log messages stack - Iteration 1.	[MsgId: MMSG-10545]
Action.c(7): RETRY 1:   	[MsgId: MMSG-26000]
Action.c(7): Error -27792: Failed to transmit data to network: [10054] Connection reset by peer  	[MsgId: MERR-27792]
End auto log messages stack.	[MsgId: MMSG-10544]


Start auto log messages stack - Iteration 1.	[MsgId: MMSG-10545]
Action.c(7): RETRY 2:   	[MsgId: MMSG-26000]
Action.c(7): Detected non-resource "http://localhost/MercuryWebTours/header.html" in "http://localhost/MercuryWebTours/"  	[MsgId: MMSG-26574]
Action.c(7): Detected non-resource "http://localhost/MercuryWebTours/welcome.pl?signOff=true" in "http://localhost/MercuryWebTours/"  	[MsgId: MMSG-26574]
Action.c(7): Error -27792: Failed to transmit data to network: [10054] Connection reset by peer  	[MsgId: MERR-27792]
Action.c(7): Error -27792: Failed to transmit data to network: [10054] Connection reset by peer  	[MsgId: MERR-27792]
End auto log messages stack.	[MsgId: MMSG-10544]


Start auto log messages stack - Iteration 1.	[MsgId: MMSG-10545]
Action.c(7): RETRY 1:   	[MsgId: MMSG-26000]
Action.c(7): Detected non-resource "http://localhost/MercuryWebTours/nav.pl?in=home" in "http://localhost/MercuryWebTours/welcome.pl?signOff=true"  	[MsgId: MMSG-26574]
Action.c(7): Detected non-resource "http://localhost/MercuryWebTours/home.html" in "http://localhost/MercuryWebTours/welcome.pl?signOff=true"  	[MsgId: MMSG-26574]
Action.c(7): Error -27792: Failed to transmit data to network: [10054] Connection reset by peer  	[MsgId: MERR-27792]
End auto log messages stack.	[MsgId: MMSG-10544]


Start auto log messages stack - Iteration 1.	[MsgId: MMSG-10545]
Action.c(7): RETRY 2:   	[MsgId: MMSG-26000]
Action.c(7): Error -27792: Failed to transmit data to network: [10054] Connection reset by peer  	[MsgId: MERR-27792]
End auto log messages stack.	[MsgId: MMSG-10544]


