Line 3 : Section event
Line 5 : WSAStartup event
Line 9 : socket 2752:132 : Socket event
Line 11 : socket 2752:132 : Connect event
Line 13 : socket 2752:132 : Send event
Add code : LrsCreateSocket
Line 19 : socket 2752:132 : Recv event
Add code : LrsSend
Line 26 : Think time event
Add code : LrsRecv
Line 28 : socket 2752:132 : Send event
Line 34 : socket 2752:132 : Recv event
Add code : LrsSend
Line 41 : Think time event
Add code : LrsRecv
Line 43 : socket 2752:132 : Send event
Line 53 : socket 2752:132 : Recv event
Add code : LrsSend
Line 60 : Think time event
Add code : LrsRecv
Line 62 : socket 2752:132 : Send event
Line 69 : socket 2752:132 : Recv event
Add code : LrsSend
Line 76 : socket 2752:132 : Send event
Add code : LrsRecv
Line 82 : socket 2752:132 : Recv event
Add code : LrsSend
Line 89 : socket 2752:132 : Send event
Add code : LrsRecv
Line 95 : socket 2752:132 : Recv event
Add code : LrsSend
Line 102 : socket 2752:132 : Send event
Add code : LrsRecv
Line 109 : socket 2752:132 : Recv event
Add code : LrsSend
Line 116 : socket 2752:132 : Send event
Add code : LrsRecv
Line 122 : socket 2752:132 : Recv event
Add code : LrsSend
Line 129 : socket 2752:132 : Send event
Add code : LrsRecv
Line 136 : socket 2752:132 : Recv event
Add code : LrsSend
Line 143 : socket 2752:132 : Send event
Add code : LrsRecv
Line 149 : socket 2752:132 : Recv event
Add code : LrsSend
Line 156 : socket 2752:132 : Send event
Add code : LrsRecv
Line 164 : socket 2752:132 : Recv event
Add code : LrsSend
Line 171 : socket 2752:132 : Send event
Add code : LrsRecv
Line 177 : socket 2752:132 : Recv event
Add code : LrsSend
Line 177 : Last event
Add code : LrsRecv
