/* New recording mechanism */

22:19:50.312 /* Start section (Action) */

22:19:51.609 /* WSAStartup(): process 2752 using flags 0 */

22:19:51.906 /* ReadCommWindowInfo: HttpInterceptMode = 0 */

22:19:51.921 /* socket(): created with handle: 2752:132, address format 2, type 1, protocol 0. */

22:19:51.968 /* connect(): socket 2752:132 tried to connect with family 2, port 3456, and address 0xc0a803e8. Return value: 0 */

22:19:53.671 /* send(): 55 bytes were sent to socket 2752:132 using flags 0 */

(send_0, 55, 132)
	"4##SELECT agent_name FROM AGENTS ORDER BY agent_name###"


22:19:53.687 /* recv(): 55 bytes were received from socket 2752:132 using flags 0 (1019 were asked for) */

(recv_1, 1019, 132)
	"0##Alex#Amanda#Debby#Julia#Mary#Robert#Sharon#Suzan###"
	"\x00"


22:23:10.953 /* lr_think_time(): wait 197 seconds */

22:23:11.000 /* send(): 68 bytes were sent to socket 2752:132 using flags 0 */

(send_2, 68, 132)
	"2##1## SELECT DISTINCT departure FROM Flights ORDER BY departure ###"


22:23:11.000 /* recv(): 56 bytes were received from socket 2752:132 using flags 0 (1019 were asked for) */

(recv_3, 1019, 132)
	"0##Denver#Los Angeles#Portland#San Francisco#Seattle###"
	"\x00"


22:23:59.000 /* lr_think_time(): wait 48 seconds */

22:23:59.000 /* send(): 300 bytes were sent to socket 2752:132 using flags 0 */

(send_4, 300, 132)
	"2##0##SELECT departure, flight_number, departure_initials, day_of_week, ar"
	"rival_initials, arrival, departure_time, arrival_time, airlines, seats_ava"
	"ilable, ticket_price, mileage   FROM  Flights WHERE arrival = 'Portland' A"
	"ND departure = 'Denver' AND day_of_week = 'Thursday'ORDER BY flight_number"
	" ###"


22:23:59.000 /* recv(): 69 bytes were received from socket 2752:132 using flags 0 (1019 were asked for) */

(recv_5, 1019, 132)
	"0##3012;250;2812;07:59 AM;DEN;Thursday;POR;09:40 AM;DA;148;Denver###"
	"\x00"


22:24:39.750 /* lr_think_time(): wait 40 seconds */

22:24:39.750 /* send(): 82 bytes were sent to socket 2752:132 using flags 0 */

(send_6, 82, 132)
	"11##UPDATE Counters SET counter_value=counter_value+1 WHERE table_name='OR"
	"DERS'###"


22:24:39.750 /* recv(): 8 bytes were received from socket 2752:132 using flags 0 (1019 were asked for) */

(recv_7, 1019, 132)
	"0##1###"
	"\x00"


22:24:41.250 /* send(): 67 bytes were sent to socket 2752:132 using flags 0 */

(send_8, 67, 132)
	"12##SELECT counter_value FROM Counters WHERE table_name='ORDERS'###"


22:24:41.250 /* recv(): 10 bytes were received from socket 2752:132 using flags 0 (1019 were asked for) */

(recv_9, 1019, 132)
	"0##101###"
	"\x00"


22:24:44.250 /* send(): 67 bytes were sent to socket 2752:132 using flags 0 */

(send_10, 67, 132)
	"12##SELECT customer_no FROM Customers WHERE customer_name='tony'###"


22:24:44.250 /* recv(): 9 bytes were received from socket 2752:132 using flags 0 (1019 were asked for) */

(recv_11, 1019, 132)
	"0##-1###"
	"\x00"


22:24:45.750 /* send(): 85 bytes were sent to socket 2752:132 using flags 0 */

(send_12, 85, 132)
	"11##UPDATE Counters SET counter_value=counter_value+1 WHERE table_name='CU"
	"STOMERS'###"


22:24:45.750 /* recv(): 8 bytes were received from socket 2752:132 using flags 0 (1019 were asked for) */

(recv_13, 1019, 132)
	"0##1###"
	"\x00"


22:24:47.250 /* send(): 70 bytes were sent to socket 2752:132 using flags 0 */

(send_14, 70, 132)
	"12##SELECT counter_value FROM Counters WHERE table_name='CUSTOMERS'###"


22:24:47.250 /* recv(): 9 bytes were received from socket 2752:132 using flags 0 (1019 were asked for) */

(recv_15, 1019, 132)
	"0##31###"
	"\x00"


22:24:48.750 /* send(): 76 bytes were sent to socket 2752:132 using flags 0 */

(send_16, 76, 132)
	"11##INSERT INTO Customers (customer_name,customer_no) VALUES ('tony', 31)#"
	"##"


22:24:48.750 /* recv(): 8 bytes were received from socket 2752:132 using flags 0 (1019 were asked for) */

(recv_17, 1019, 132)
	"0##1###"
	"\x00"


22:24:50.250 /* send(): 59 bytes were sent to socket 2752:132 using flags 0 */

(send_18, 59, 132)
	"12##SELECT agent_no FROM Agents WHERE agent_name='Debby'###"


22:24:50.250 /* recv(): 8 bytes were received from socket 2752:132 using flags 0 (1019 were asked for) */

(recv_19, 1019, 132)
	"0##5###"
	"\x00"


22:24:51.750 /* send(): 195 bytes were sent to socket 2752:132 using flags 0 */

(send_20, 195, 132)
	"11##INSERT INTO Orders (order_number,agent_no,customer_no,flight_number,de"
	"parture_date,tickets_ordered,class,send_signature_with_order) VALUES (101,"
	" 5, 31, 3012, {d '2009-01-01'}, 1, '3', 'N')###"


22:24:51.750 /* recv(): 8 bytes were received from socket 2752:132 using flags 0 (1019 were asked for) */

(recv_21, 1019, 132)
	"0##1###"
	"\x00"


22:24:51.750 /* send(): 13 bytes were sent to socket 2752:132 using flags 0 */

(send_22, 13, 132)
	"11##COMMIT###"


22:24:51.750 /* recv(): 8 bytes were received from socket 2752:132 using flags 0 (1019 were asked for) */

(recv_23, 1019, 132)
	"0##0###"
	"\x00"


