Start auto log messages stack - Iteration 2193.	[MsgId: MMSG-10545]
Starting action Action.	[MsgId: MMSG-15919]
Action.c(9): web_set_user was successful  	[MsgId: MMSG-26392]
Action.c(11): Registering web_reg_save_param was successful  	[MsgId: MMSG-26390]
Action.c(16): Registering web_reg_save_param was successful  	[MsgId: MMSG-26390]
Action.c(21): Registering web_reg_save_param was successful  	[MsgId: MMSG-26390]
Action.c(26): Error -27791: Server "localhost" has shut down the connection prematurely  	[MsgId: MERR-27791]
End auto log messages stack.	[MsgId: MMSG-10544]


Start auto log messages stack - Iteration 2193.	[MsgId: MMSG-10545]
Action.c(26): Warning -26000: Empty or no response for URL="http://localhost:8089/manager/status"  	[MsgId: MWAR-26000]
Action.c(26): Error -26377: No match found for the requested parameter "Free memory". Check whether the requested boundaries exist in the response data. Also, if the data you want to save exceeds 256 bytes, use web_set_max_html_param_len to increase the parameter size  	[MsgId: MERR-26377]
Action.c(26): Error -26377: No match found for the requested parameter "Total memory". Check whether the requested boundaries exist in the response data. Also, if the data you want to save exceeds 256 bytes, use web_set_max_html_param_len to increase the parameter size  	[MsgId: MERR-26377]
Action.c(26): Error -26377: No match found for the requested parameter "Max memory". Check whether the requested boundaries exist in the response data. Also, if the data you want to save exceeds 256 bytes, use web_set_max_html_param_len to increase the parameter size  	[MsgId: MERR-26377]
Action.c(26): Error -26374: The above "not found" error(s) may be explained by header and body byte counts being 0 and 0, respectively.  	[MsgId: MERR-26374]
End auto log messages stack.	[MsgId: MMSG-10544]


Start auto log messages stack - Iteration 2194.	[MsgId: MMSG-10545]
Starting action Action.	[MsgId: MMSG-15919]
Action.c(9): web_set_user was successful  	[MsgId: MMSG-26392]
Action.c(11): Registering web_reg_save_param was successful  	[MsgId: MMSG-26390]
Action.c(16): Registering web_reg_save_param was successful  	[MsgId: MMSG-26390]
Action.c(21): Registering web_reg_save_param was successful  	[MsgId: MMSG-26390]
Action.c(26): Error -27796: Failed to connect to server "localhost:8089": [10061] Connection refused  	[MsgId: MERR-27796]
End auto log messages stack.	[MsgId: MMSG-10544]


Start auto log messages stack - Iteration 2194.	[MsgId: MMSG-10545]
Action.c(26): Warning -26000: Empty or no response for URL="http://localhost:8089/manager/status"  	[MsgId: MWAR-26000]
Action.c(26): Error -26377: No match found for the requested parameter "Free memory". Check whether the requested boundaries exist in the response data. Also, if the data you want to save exceeds 256 bytes, use web_set_max_html_param_len to increase the parameter size  	[MsgId: MERR-26377]
Action.c(26): Error -26377: No match found for the requested parameter "Total memory". Check whether the requested boundaries exist in the response data. Also, if the data you want to save exceeds 256 bytes, use web_set_max_html_param_len to increase the parameter size  	[MsgId: MERR-26377]
Action.c(26): Error -26377: No match found for the requested parameter "Max memory". Check whether the requested boundaries exist in the response data. Also, if the data you want to save exceeds 256 bytes, use web_set_max_html_param_len to increase the parameter size  	[MsgId: MERR-26377]
Action.c(26): Error -26374: The above "not found" error(s) may be explained by header and body byte counts being 0 and 0, respectively.  	[MsgId: MERR-26374]
End auto log messages stack.	[MsgId: MMSG-10544]


Start auto log messages stack - Iteration 2195.	[MsgId: MMSG-10545]
Starting action Action.	[MsgId: MMSG-15919]
Action.c(9): web_set_user was successful  	[MsgId: MMSG-26392]
Action.c(11): Registering web_reg_save_param was successful  	[MsgId: MMSG-26390]
Action.c(16): Registering web_reg_save_param was successful  	[MsgId: MMSG-26390]
Action.c(21): Registering web_reg_save_param was successful  	[MsgId: MMSG-26390]
Action.c(26): Error -27796: Failed to connect to server "localhost:8089": [10061] Connection refused  	[MsgId: MERR-27796]
End auto log messages stack.	[MsgId: MMSG-10544]


Start auto log messages stack - Iteration 2195.	[MsgId: MMSG-10545]
Action.c(26): Warning -26000: Empty or no response for URL="http://localhost:8089/manager/status"  	[MsgId: MWAR-26000]
Action.c(26): Error -26377: No match found for the requested parameter "Free memory". Check whether the requested boundaries exist in the response data. Also, if the data you want to save exceeds 256 bytes, use web_set_max_html_param_len to increase the parameter size  	[MsgId: MERR-26377]
Action.c(26): Error -26377: No match found for the requested parameter "Total memory". Check whether the requested boundaries exist in the response data. Also, if the data you want to save exceeds 256 bytes, use web_set_max_html_param_len to increase the parameter size  	[MsgId: MERR-26377]
Action.c(26): Error -26377: No match found for the requested parameter "Max memory". Check whether the requested boundaries exist in the response data. Also, if the data you want to save exceeds 256 bytes, use web_set_max_html_param_len to increase the parameter size  	[MsgId: MERR-26377]
Action.c(26): Error -26374: The above "not found" error(s) may be explained by header and body byte counts being 0 and 0, respectively.  	[MsgId: MERR-26374]
End auto log messages stack.	[MsgId: MMSG-10544]


Start auto log messages stack - Iteration 2196.	[MsgId: MMSG-10545]
Starting action Action.	[MsgId: MMSG-15919]
Action.c(9): web_set_user was successful  	[MsgId: MMSG-26392]
Action.c(11): Registering web_reg_save_param was successful  	[MsgId: MMSG-26390]
Action.c(16): Registering web_reg_save_param was successful  	[MsgId: MMSG-26390]
Action.c(21): Registering web_reg_save_param was successful  	[MsgId: MMSG-26390]
Action.c(26): Error -27796: Failed to connect to server "localhost:8089": [10061] Connection refused  	[MsgId: MERR-27796]
End auto log messages stack.	[MsgId: MMSG-10544]


Start auto log messages stack - Iteration 2196.	[MsgId: MMSG-10545]
Action.c(26): Warning -26000: Empty or no response for URL="http://localhost:8089/manager/status"  	[MsgId: MWAR-26000]
Action.c(26): Error -26377: No match found for the requested parameter "Free memory". Check whether the requested boundaries exist in the response data. Also, if the data you want to save exceeds 256 bytes, use web_set_max_html_param_len to increase the parameter size  	[MsgId: MERR-26377]
Action.c(26): Error -26377: No match found for the requested parameter "Total memory". Check whether the requested boundaries exist in the response data. Also, if the data you want to save exceeds 256 bytes, use web_set_max_html_param_len to increase the parameter size  	[MsgId: MERR-26377]
Action.c(26): Error -26377: No match found for the requested parameter "Max memory". Check whether the requested boundaries exist in the response data. Also, if the data you want to save exceeds 256 bytes, use web_set_max_html_param_len to increase the parameter size  	[MsgId: MERR-26377]
Action.c(26): Error -26374: The above "not found" error(s) may be explained by header and body byte counts being 0 and 0, respectively.  	[MsgId: MERR-26374]
End auto log messages stack.	[MsgId: MMSG-10544]


Start auto log messages stack - Iteration 2197.	[MsgId: MMSG-10545]
Starting action Action.	[MsgId: MMSG-15919]
Action.c(9): web_set_user was successful  	[MsgId: MMSG-26392]
Action.c(11): Registering web_reg_save_param was successful  	[MsgId: MMSG-26390]
Action.c(16): Registering web_reg_save_param was successful  	[MsgId: MMSG-26390]
Action.c(21): Registering web_reg_save_param was successful  	[MsgId: MMSG-26390]
Action.c(26): Error -27796: Failed to connect to server "localhost:8089": [10061] Connection refused  	[MsgId: MERR-27796]
End auto log messages stack.	[MsgId: MMSG-10544]


Start auto log messages stack - Iteration 2197.	[MsgId: MMSG-10545]
Action.c(26): Warning -26000: Empty or no response for URL="http://localhost:8089/manager/status"  	[MsgId: MWAR-26000]
Action.c(26): Error -26377: No match found for the requested parameter "Free memory". Check whether the requested boundaries exist in the response data. Also, if the data you want to save exceeds 256 bytes, use web_set_max_html_param_len to increase the parameter size  	[MsgId: MERR-26377]
Action.c(26): Error -26377: No match found for the requested parameter "Total memory". Check whether the requested boundaries exist in the response data. Also, if the data you want to save exceeds 256 bytes, use web_set_max_html_param_len to increase the parameter size  	[MsgId: MERR-26377]
Action.c(26): Error -26377: No match found for the requested parameter "Max memory". Check whether the requested boundaries exist in the response data. Also, if the data you want to save exceeds 256 bytes, use web_set_max_html_param_len to increase the parameter size  	[MsgId: MERR-26377]
Action.c(26): Error -26374: The above "not found" error(s) may be explained by header and body byte counts being 0 and 0, respectively.  	[MsgId: MERR-26374]
End auto log messages stack.	[MsgId: MMSG-10544]


Start auto log messages stack - Iteration 2198.	[MsgId: MMSG-10545]
Starting action Action.	[MsgId: MMSG-15919]
Action.c(9): web_set_user was successful  	[MsgId: MMSG-26392]
Action.c(11): Registering web_reg_save_param was successful  	[MsgId: MMSG-26390]
Action.c(16): Registering web_reg_save_param was successful  	[MsgId: MMSG-26390]
Action.c(21): Registering web_reg_save_param was successful  	[MsgId: MMSG-26390]
Action.c(26): Error -27796: Failed to connect to server "localhost:8089": [10061] Connection refused  	[MsgId: MERR-27796]
End auto log messages stack.	[MsgId: MMSG-10544]


Start auto log messages stack - Iteration 2198.	[MsgId: MMSG-10545]
Action.c(26): Warning -26000: Empty or no response for URL="http://localhost:8089/manager/status"  	[MsgId: MWAR-26000]
Action.c(26): Error -26377: No match found for the requested parameter "Free memory". Check whether the requested boundaries exist in the response data. Also, if the data you want to save exceeds 256 bytes, use web_set_max_html_param_len to increase the parameter size  	[MsgId: MERR-26377]
Action.c(26): Error -26377: No match found for the requested parameter "Total memory". Check whether the requested boundaries exist in the response data. Also, if the data you want to save exceeds 256 bytes, use web_set_max_html_param_len to increase the parameter size  	[MsgId: MERR-26377]
Action.c(26): Error -26377: No match found for the requested parameter "Max memory". Check whether the requested boundaries exist in the response data. Also, if the data you want to save exceeds 256 bytes, use web_set_max_html_param_len to increase the parameter size  	[MsgId: MERR-26377]
Action.c(26): Error -26374: The above "not found" error(s) may be explained by header and body byte counts being 0 and 0, respectively.  	[MsgId: MERR-26374]
End auto log messages stack.	[MsgId: MMSG-10544]


Start auto log messages stack - Iteration 2199.	[MsgId: MMSG-10545]
Starting action Action.	[MsgId: MMSG-15919]
Action.c(9): web_set_user was successful  	[MsgId: MMSG-26392]
Action.c(11): Registering web_reg_save_param was successful  	[MsgId: MMSG-26390]
Action.c(16): Registering web_reg_save_param was successful  	[MsgId: MMSG-26390]
Action.c(21): Registering web_reg_save_param was successful  	[MsgId: MMSG-26390]
Action.c(26): Error -27796: Failed to connect to server "localhost:8089": [10061] Connection refused  	[MsgId: MERR-27796]
End auto log messages stack.	[MsgId: MMSG-10544]


Start auto log messages stack - Iteration 2199.	[MsgId: MMSG-10545]
Action.c(26): Warning -26000: Empty or no response for URL="http://localhost:8089/manager/status"  	[MsgId: MWAR-26000]
Action.c(26): Error -26377: No match found for the requested parameter "Free memory". Check whether the requested boundaries exist in the response data. Also, if the data you want to save exceeds 256 bytes, use web_set_max_html_param_len to increase the parameter size  	[MsgId: MERR-26377]
Action.c(26): Error -26377: No match found for the requested parameter "Total memory". Check whether the requested boundaries exist in the response data. Also, if the data you want to save exceeds 256 bytes, use web_set_max_html_param_len to increase the parameter size  	[MsgId: MERR-26377]
Action.c(26): Error -26377: No match found for the requested parameter "Max memory". Check whether the requested boundaries exist in the response data. Also, if the data you want to save exceeds 256 bytes, use web_set_max_html_param_len to increase the parameter size  	[MsgId: MERR-26377]
Action.c(26): Error -26374: The above "not found" error(s) may be explained by header and body byte counts being 0 and 0, respectively.  	[MsgId: MERR-26374]
End auto log messages stack.	[MsgId: MMSG-10544]


Start auto log messages stack - Iteration 2200.	[MsgId: MMSG-10545]
Starting action Action.	[MsgId: MMSG-15919]
Action.c(9): web_set_user was successful  	[MsgId: MMSG-26392]
Action.c(11): Registering web_reg_save_param was successful  	[MsgId: MMSG-26390]
Action.c(16): Registering web_reg_save_param was successful  	[MsgId: MMSG-26390]
Action.c(21): Registering web_reg_save_param was successful  	[MsgId: MMSG-26390]
Action.c(26): Error -27796: Failed to connect to server "localhost:8089": [10061] Connection refused  	[MsgId: MERR-27796]
End auto log messages stack.	[MsgId: MMSG-10544]


Start auto log messages stack - Iteration 2200.	[MsgId: MMSG-10545]
Action.c(26): Warning -26000: Empty or no response for URL="http://localhost:8089/manager/status"  	[MsgId: MWAR-26000]
Action.c(26): Error -26377: No match found for the requested parameter "Free memory". Check whether the requested boundaries exist in the response data. Also, if the data you want to save exceeds 256 bytes, use web_set_max_html_param_len to increase the parameter size  	[MsgId: MERR-26377]
Action.c(26): Error -26377: No match found for the requested parameter "Total memory". Check whether the requested boundaries exist in the response data. Also, if the data you want to save exceeds 256 bytes, use web_set_max_html_param_len to increase the parameter size  	[MsgId: MERR-26377]
Action.c(26): Error -26377: No match found for the requested parameter "Max memory". Check whether the requested boundaries exist in the response data. Also, if the data you want to save exceeds 256 bytes, use web_set_max_html_param_len to increase the parameter size  	[MsgId: MERR-26377]
Action.c(26): Error -26374: The above "not found" error(s) may be explained by header and body byte counts being 0 and 0, respectively.  	[MsgId: MERR-26374]
End auto log messages stack.	[MsgId: MMSG-10544]


Start auto log messages stack - Iteration 2201.	[MsgId: MMSG-10545]
Starting action Action.	[MsgId: MMSG-15919]
Action.c(9): web_set_user was successful  	[MsgId: MMSG-26392]
Action.c(11): Registering web_reg_save_param was successful  	[MsgId: MMSG-26390]
Action.c(16): Registering web_reg_save_param was successful  	[MsgId: MMSG-26390]
Action.c(21): Registering web_reg_save_param was successful  	[MsgId: MMSG-26390]
Action.c(26): Error -27796: Failed to connect to server "localhost:8089": [10061] Connection refused  	[MsgId: MERR-27796]
End auto log messages stack.	[MsgId: MMSG-10544]


Start auto log messages stack - Iteration 2201.	[MsgId: MMSG-10545]
Action.c(26): Warning -26000: Empty or no response for URL="http://localhost:8089/manager/status"  	[MsgId: MWAR-26000]
Action.c(26): Error -26377: No match found for the requested parameter "Free memory". Check whether the requested boundaries exist in the response data. Also, if the data you want to save exceeds 256 bytes, use web_set_max_html_param_len to increase the parameter size  	[MsgId: MERR-26377]
Action.c(26): Error -26377: No match found for the requested parameter "Total memory". Check whether the requested boundaries exist in the response data. Also, if the data you want to save exceeds 256 bytes, use web_set_max_html_param_len to increase the parameter size  	[MsgId: MERR-26377]
Action.c(26): Error -26377: No match found for the requested parameter "Max memory". Check whether the requested boundaries exist in the response data. Also, if the data you want to save exceeds 256 bytes, use web_set_max_html_param_len to increase the parameter size  	[MsgId: MERR-26377]
Action.c(26): Error -26374: The above "not found" error(s) may be explained by header and body byte counts being 0 and 0, respectively.  	[MsgId: MERR-26374]
End auto log messages stack.	[MsgId: MMSG-10544]


Start auto log messages stack - Iteration 2202.	[MsgId: MMSG-10545]
Starting action Action.	[MsgId: MMSG-15919]
Action.c(9): web_set_user was successful  	[MsgId: MMSG-26392]
Action.c(11): Registering web_reg_save_param was successful  	[MsgId: MMSG-26390]
Action.c(16): Registering web_reg_save_param was successful  	[MsgId: MMSG-26390]
Action.c(21): Registering web_reg_save_param was successful  	[MsgId: MMSG-26390]
Action.c(26): Error -27796: Failed to connect to server "localhost:8089": [10061] Connection refused  	[MsgId: MERR-27796]
End auto log messages stack.	[MsgId: MMSG-10544]


Start auto log messages stack - Iteration 2202.	[MsgId: MMSG-10545]
Action.c(26): Warning -26000: Empty or no response for URL="http://localhost:8089/manager/status"  	[MsgId: MWAR-26000]
Action.c(26): Error -26377: No match found for the requested parameter "Free memory". Check whether the requested boundaries exist in the response data. Also, if the data you want to save exceeds 256 bytes, use web_set_max_html_param_len to increase the parameter size  	[MsgId: MERR-26377]
Action.c(26): Error -26377: No match found for the requested parameter "Total memory". Check whether the requested boundaries exist in the response data. Also, if the data you want to save exceeds 256 bytes, use web_set_max_html_param_len to increase the parameter size  	[MsgId: MERR-26377]
Action.c(26): Error -26377: No match found for the requested parameter "Max memory". Check whether the requested boundaries exist in the response data. Also, if the data you want to save exceeds 256 bytes, use web_set_max_html_param_len to increase the parameter size  	[MsgId: MERR-26377]
Action.c(26): Error -26374: The above "not found" error(s) may be explained by header and body byte counts being 0 and 0, respectively.  	[MsgId: MERR-26374]
End auto log messages stack.	[MsgId: MMSG-10544]


Start auto log messages stack - Iteration 2203.	[MsgId: MMSG-10545]
Starting action Action.	[MsgId: MMSG-15919]
Action.c(9): web_set_user was successful  	[MsgId: MMSG-26392]
Action.c(11): Registering web_reg_save_param was successful  	[MsgId: MMSG-26390]
Action.c(16): Registering web_reg_save_param was successful  	[MsgId: MMSG-26390]
Action.c(21): Registering web_reg_save_param was successful  	[MsgId: MMSG-26390]
Action.c(26): Error -27796: Failed to connect to server "localhost:8089": [10061] Connection refused  	[MsgId: MERR-27796]
End auto log messages stack.	[MsgId: MMSG-10544]


Start auto log messages stack - Iteration 2203.	[MsgId: MMSG-10545]
Action.c(26): Warning -26000: Empty or no response for URL="http://localhost:8089/manager/status"  	[MsgId: MWAR-26000]
Action.c(26): Error -26377: No match found for the requested parameter "Free memory". Check whether the requested boundaries exist in the response data. Also, if the data you want to save exceeds 256 bytes, use web_set_max_html_param_len to increase the parameter size  	[MsgId: MERR-26377]
Action.c(26): Error -26377: No match found for the requested parameter "Total memory". Check whether the requested boundaries exist in the response data. Also, if the data you want to save exceeds 256 bytes, use web_set_max_html_param_len to increase the parameter size  	[MsgId: MERR-26377]
Action.c(26): Error -26377: No match found for the requested parameter "Max memory". Check whether the requested boundaries exist in the response data. Also, if the data you want to save exceeds 256 bytes, use web_set_max_html_param_len to increase the parameter size  	[MsgId: MERR-26377]
Action.c(26): Error -26374: The above "not found" error(s) may be explained by header and body byte counts being 0 and 0, respectively.  	[MsgId: MERR-26374]
End auto log messages stack.	[MsgId: MMSG-10544]


Start auto log messages stack - Iteration 2204.	[MsgId: MMSG-10545]
Starting action Action.	[MsgId: MMSG-15919]
Action.c(9): web_set_user was successful  	[MsgId: MMSG-26392]
Action.c(11): Registering web_reg_save_param was successful  	[MsgId: MMSG-26390]
Action.c(16): Registering web_reg_save_param was successful  	[MsgId: MMSG-26390]
Action.c(21): Registering web_reg_save_param was successful  	[MsgId: MMSG-26390]
Action.c(26): Error -27796: Failed to connect to server "localhost:8089": [10061] Connection refused  	[MsgId: MERR-27796]
End auto log messages stack.	[MsgId: MMSG-10544]


Start auto log messages stack - Iteration 2204.	[MsgId: MMSG-10545]
Action.c(26): Warning -26000: Empty or no response for URL="http://localhost:8089/manager/status"  	[MsgId: MWAR-26000]
Action.c(26): Error -26377: No match found for the requested parameter "Free memory". Check whether the requested boundaries exist in the response data. Also, if the data you want to save exceeds 256 bytes, use web_set_max_html_param_len to increase the parameter size  	[MsgId: MERR-26377]
Action.c(26): Error -26377: No match found for the requested parameter "Total memory". Check whether the requested boundaries exist in the response data. Also, if the data you want to save exceeds 256 bytes, use web_set_max_html_param_len to increase the parameter size  	[MsgId: MERR-26377]
Action.c(26): Error -26377: No match found for the requested parameter "Max memory". Check whether the requested boundaries exist in the response data. Also, if the data you want to save exceeds 256 bytes, use web_set_max_html_param_len to increase the parameter size  	[MsgId: MERR-26377]
Action.c(26): Error -26374: The above "not found" error(s) may be explained by header and body byte counts being 0 and 0, respectively.  	[MsgId: MERR-26374]
End auto log messages stack.	[MsgId: MMSG-10544]


Start auto log messages stack - Iteration 2205.	[MsgId: MMSG-10545]
Starting action Action.	[MsgId: MMSG-15919]
Action.c(9): web_set_user was successful  	[MsgId: MMSG-26392]
Action.c(11): Registering web_reg_save_param was successful  	[MsgId: MMSG-26390]
Action.c(16): Registering web_reg_save_param was successful  	[MsgId: MMSG-26390]
Action.c(21): Registering web_reg_save_param was successful  	[MsgId: MMSG-26390]
Action.c(26): Error -27796: Failed to connect to server "localhost:8089": [10061] Connection refused  	[MsgId: MERR-27796]
End auto log messages stack.	[MsgId: MMSG-10544]


Start auto log messages stack - Iteration 2205.	[MsgId: MMSG-10545]
Action.c(26): Warning -26000: Empty or no response for URL="http://localhost:8089/manager/status"  	[MsgId: MWAR-26000]
Action.c(26): Error -26377: No match found for the requested parameter "Free memory". Check whether the requested boundaries exist in the response data. Also, if the data you want to save exceeds 256 bytes, use web_set_max_html_param_len to increase the parameter size  	[MsgId: MERR-26377]
Action.c(26): Error -26377: No match found for the requested parameter "Total memory". Check whether the requested boundaries exist in the response data. Also, if the data you want to save exceeds 256 bytes, use web_set_max_html_param_len to increase the parameter size  	[MsgId: MERR-26377]
Action.c(26): Error -26377: No match found for the requested parameter "Max memory". Check whether the requested boundaries exist in the response data. Also, if the data you want to save exceeds 256 bytes, use web_set_max_html_param_len to increase the parameter size  	[MsgId: MERR-26377]
Action.c(26): Error -26374: The above "not found" error(s) may be explained by header and body byte counts being 0 and 0, respectively.  	[MsgId: MERR-26374]
End auto log messages stack.	[MsgId: MMSG-10544]


Start auto log messages stack - Iteration 2206.	[MsgId: MMSG-10545]
Starting action Action.	[MsgId: MMSG-15919]
Action.c(9): web_set_user was successful  	[MsgId: MMSG-26392]
Action.c(11): Registering web_reg_save_param was successful  	[MsgId: MMSG-26390]
Action.c(16): Registering web_reg_save_param was successful  	[MsgId: MMSG-26390]
Action.c(21): Registering web_reg_save_param was successful  	[MsgId: MMSG-26390]
Action.c(26): Error -27796: Failed to connect to server "localhost:8089": [10061] Connection refused  	[MsgId: MERR-27796]
End auto log messages stack.	[MsgId: MMSG-10544]


Start auto log messages stack - Iteration 2206.	[MsgId: MMSG-10545]
Action.c(26): Warning -26000: Empty or no response for URL="http://localhost:8089/manager/status"  	[MsgId: MWAR-26000]
Action.c(26): Error -26377: No match found for the requested parameter "Free memory". Check whether the requested boundaries exist in the response data. Also, if the data you want to save exceeds 256 bytes, use web_set_max_html_param_len to increase the parameter size  	[MsgId: MERR-26377]
Action.c(26): Error -26377: No match found for the requested parameter "Total memory". Check whether the requested boundaries exist in the response data. Also, if the data you want to save exceeds 256 bytes, use web_set_max_html_param_len to increase the parameter size  	[MsgId: MERR-26377]
Action.c(26): Error -26377: No match found for the requested parameter "Max memory". Check whether the requested boundaries exist in the response data. Also, if the data you want to save exceeds 256 bytes, use web_set_max_html_param_len to increase the parameter size  	[MsgId: MERR-26377]
Action.c(26): Error -26374: The above "not found" error(s) may be explained by header and body byte counts being 0 and 0, respectively.  	[MsgId: MERR-26374]
End auto log messages stack.	[MsgId: MMSG-10544]


Start auto log messages stack - Iteration 2207.	[MsgId: MMSG-10545]
Starting action Action.	[MsgId: MMSG-15919]
Action.c(9): web_set_user was successful  	[MsgId: MMSG-26392]
Action.c(11): Registering web_reg_save_param was successful  	[MsgId: MMSG-26390]
Action.c(16): Registering web_reg_save_param was successful  	[MsgId: MMSG-26390]
Action.c(21): Registering web_reg_save_param was successful  	[MsgId: MMSG-26390]
Action.c(26): Error -27796: Failed to connect to server "localhost:8089": [10061] Connection refused  	[MsgId: MERR-27796]
End auto log messages stack.	[MsgId: MMSG-10544]


Start auto log messages stack - Iteration 2207.	[MsgId: MMSG-10545]
Action.c(26): Warning -26000: Empty or no response for URL="http://localhost:8089/manager/status"  	[MsgId: MWAR-26000]
Action.c(26): Error -26377: No match found for the requested parameter "Free memory". Check whether the requested boundaries exist in the response data. Also, if the data you want to save exceeds 256 bytes, use web_set_max_html_param_len to increase the parameter size  	[MsgId: MERR-26377]
Action.c(26): Error -26377: No match found for the requested parameter "Total memory". Check whether the requested boundaries exist in the response data. Also, if the data you want to save exceeds 256 bytes, use web_set_max_html_param_len to increase the parameter size  	[MsgId: MERR-26377]
Action.c(26): Error -26377: No match found for the requested parameter "Max memory". Check whether the requested boundaries exist in the response data. Also, if the data you want to save exceeds 256 bytes, use web_set_max_html_param_len to increase the parameter size  	[MsgId: MERR-26377]
Action.c(26): Error -26374: The above "not found" error(s) may be explained by header and body byte counts being 0 and 0, respectively.  	[MsgId: MERR-26374]
End auto log messages stack.	[MsgId: MMSG-10544]


Start auto log messages stack - Iteration 2208.	[MsgId: MMSG-10545]
Starting action Action.	[MsgId: MMSG-15919]
Action.c(9): web_set_user was successful  	[MsgId: MMSG-26392]
Action.c(11): Registering web_reg_save_param was successful  	[MsgId: MMSG-26390]
Action.c(16): Registering web_reg_save_param was successful  	[MsgId: MMSG-26390]
Action.c(21): Registering web_reg_save_param was successful  	[MsgId: MMSG-26390]
Action.c(26): Error -27796: Failed to connect to server "localhost:8089": [10061] Connection refused  	[MsgId: MERR-27796]
End auto log messages stack.	[MsgId: MMSG-10544]


Start auto log messages stack - Iteration 2208.	[MsgId: MMSG-10545]
Action.c(26): Warning -26000: Empty or no response for URL="http://localhost:8089/manager/status"  	[MsgId: MWAR-26000]
Action.c(26): Error -26377: No match found for the requested parameter "Free memory". Check whether the requested boundaries exist in the response data. Also, if the data you want to save exceeds 256 bytes, use web_set_max_html_param_len to increase the parameter size  	[MsgId: MERR-26377]
Action.c(26): Error -26377: No match found for the requested parameter "Total memory". Check whether the requested boundaries exist in the response data. Also, if the data you want to save exceeds 256 bytes, use web_set_max_html_param_len to increase the parameter size  	[MsgId: MERR-26377]
Action.c(26): Error -26377: No match found for the requested parameter "Max memory". Check whether the requested boundaries exist in the response data. Also, if the data you want to save exceeds 256 bytes, use web_set_max_html_param_len to increase the parameter size  	[MsgId: MERR-26377]
Action.c(26): Error -26374: The above "not found" error(s) may be explained by header and body byte counts being 0 and 0, respectively.  	[MsgId: MERR-26374]
End auto log messages stack.	[MsgId: MMSG-10544]


Start auto log messages stack - Iteration 2209.	[MsgId: MMSG-10545]
Starting action Action.	[MsgId: MMSG-15919]
Action.c(9): web_set_user was successful  	[MsgId: MMSG-26392]
Action.c(11): Registering web_reg_save_param was successful  	[MsgId: MMSG-26390]
Action.c(16): Registering web_reg_save_param was successful  	[MsgId: MMSG-26390]
Action.c(21): Registering web_reg_save_param was successful  	[MsgId: MMSG-26390]
Action.c(26): Error -27796: Failed to connect to server "localhost:8089": [10061] Connection refused  	[MsgId: MERR-27796]
End auto log messages stack.	[MsgId: MMSG-10544]


Start auto log messages stack - Iteration 2209.	[MsgId: MMSG-10545]
Action.c(26): Warning -26000: Empty or no response for URL="http://localhost:8089/manager/status"  	[MsgId: MWAR-26000]
Action.c(26): Error -26377: No match found for the requested parameter "Free memory". Check whether the requested boundaries exist in the response data. Also, if the data you want to save exceeds 256 bytes, use web_set_max_html_param_len to increase the parameter size  	[MsgId: MERR-26377]
Action.c(26): Error -26377: No match found for the requested parameter "Total memory". Check whether the requested boundaries exist in the response data. Also, if the data you want to save exceeds 256 bytes, use web_set_max_html_param_len to increase the parameter size  	[MsgId: MERR-26377]
Action.c(26): Error -26377: No match found for the requested parameter "Max memory". Check whether the requested boundaries exist in the response data. Also, if the data you want to save exceeds 256 bytes, use web_set_max_html_param_len to increase the parameter size  	[MsgId: MERR-26377]
Action.c(26): Error -26374: The above "not found" error(s) may be explained by header and body byte counts being 0 and 0, respectively.  	[MsgId: MERR-26374]
End auto log messages stack.	[MsgId: MMSG-10544]


Start auto log messages stack - Iteration 2210.	[MsgId: MMSG-10545]
Starting action Action.	[MsgId: MMSG-15919]
Action.c(9): web_set_user was successful  	[MsgId: MMSG-26392]
Action.c(11): Registering web_reg_save_param was successful  	[MsgId: MMSG-26390]
Action.c(16): Registering web_reg_save_param was successful  	[MsgId: MMSG-26390]
Action.c(21): Registering web_reg_save_param was successful  	[MsgId: MMSG-26390]
Action.c(26): Error -27796: Failed to connect to server "localhost:8089": [10061] Connection refused  	[MsgId: MERR-27796]
End auto log messages stack.	[MsgId: MMSG-10544]


Start auto log messages stack - Iteration 2210.	[MsgId: MMSG-10545]
Action.c(26): Warning -26000: Empty or no response for URL="http://localhost:8089/manager/status"  	[MsgId: MWAR-26000]
Action.c(26): Error -26377: No match found for the requested parameter "Free memory". Check whether the requested boundaries exist in the response data. Also, if the data you want to save exceeds 256 bytes, use web_set_max_html_param_len to increase the parameter size  	[MsgId: MERR-26377]
Action.c(26): Error -26377: No match found for the requested parameter "Total memory". Check whether the requested boundaries exist in the response data. Also, if the data you want to save exceeds 256 bytes, use web_set_max_html_param_len to increase the parameter size  	[MsgId: MERR-26377]
Action.c(26): Error -26377: No match found for the requested parameter "Max memory". Check whether the requested boundaries exist in the response data. Also, if the data you want to save exceeds 256 bytes, use web_set_max_html_param_len to increase the parameter size  	[MsgId: MERR-26377]
Action.c(26): Error -26374: The above "not found" error(s) may be explained by header and body byte counts being 0 and 0, respectively.  	[MsgId: MERR-26374]
End auto log messages stack.	[MsgId: MMSG-10544]


Start auto log messages stack - Iteration 2211.	[MsgId: MMSG-10545]
Starting action Action.	[MsgId: MMSG-15919]
Action.c(9): web_set_user was successful  	[MsgId: MMSG-26392]
Action.c(11): Registering web_reg_save_param was successful  	[MsgId: MMSG-26390]
Action.c(16): Registering web_reg_save_param was successful  	[MsgId: MMSG-26390]
Action.c(21): Registering web_reg_save_param was successful  	[MsgId: MMSG-26390]
Action.c(26): Error -27796: Failed to connect to server "localhost:8089": [10061] Connection refused  	[MsgId: MERR-27796]
End auto log messages stack.	[MsgId: MMSG-10544]


Start auto log messages stack - Iteration 2211.	[MsgId: MMSG-10545]
Action.c(26): Warning -26000: Empty or no response for URL="http://localhost:8089/manager/status"  	[MsgId: MWAR-26000]
Action.c(26): Error -26377: No match found for the requested parameter "Free memory". Check whether the requested boundaries exist in the response data. Also, if the data you want to save exceeds 256 bytes, use web_set_max_html_param_len to increase the parameter size  	[MsgId: MERR-26377]
Action.c(26): Error -26377: No match found for the requested parameter "Total memory". Check whether the requested boundaries exist in the response data. Also, if the data you want to save exceeds 256 bytes, use web_set_max_html_param_len to increase the parameter size  	[MsgId: MERR-26377]
Action.c(26): Error -26377: No match found for the requested parameter "Max memory". Check whether the requested boundaries exist in the response data. Also, if the data you want to save exceeds 256 bytes, use web_set_max_html_param_len to increase the parameter size  	[MsgId: MERR-26377]
Action.c(26): Error -26374: The above "not found" error(s) may be explained by header and body byte counts being 0 and 0, respectively.  	[MsgId: MERR-26374]
End auto log messages stack.	[MsgId: MMSG-10544]


Start auto log messages stack - Iteration 2212.	[MsgId: MMSG-10545]
Starting action Action.	[MsgId: MMSG-15919]
Action.c(9): web_set_user was successful  	[MsgId: MMSG-26392]
Action.c(11): Registering web_reg_save_param was successful  	[MsgId: MMSG-26390]
Action.c(16): Registering web_reg_save_param was successful  	[MsgId: MMSG-26390]
Action.c(21): Registering web_reg_save_param was successful  	[MsgId: MMSG-26390]
Action.c(26): Error -27796: Failed to connect to server "localhost:8089": [10061] Connection refused  	[MsgId: MERR-27796]
End auto log messages stack.	[MsgId: MMSG-10544]


Start auto log messages stack - Iteration 2212.	[MsgId: MMSG-10545]
Action.c(26): Warning -26000: Empty or no response for URL="http://localhost:8089/manager/status"  	[MsgId: MWAR-26000]
Action.c(26): Error -26377: No match found for the requested parameter "Free memory". Check whether the requested boundaries exist in the response data. Also, if the data you want to save exceeds 256 bytes, use web_set_max_html_param_len to increase the parameter size  	[MsgId: MERR-26377]
Action.c(26): Error -26377: No match found for the requested parameter "Total memory". Check whether the requested boundaries exist in the response data. Also, if the data you want to save exceeds 256 bytes, use web_set_max_html_param_len to increase the parameter size  	[MsgId: MERR-26377]
Action.c(26): Error -26377: No match found for the requested parameter "Max memory". Check whether the requested boundaries exist in the response data. Also, if the data you want to save exceeds 256 bytes, use web_set_max_html_param_len to increase the parameter size  	[MsgId: MERR-26377]
Action.c(26): Error -26374: The above "not found" error(s) may be explained by header and body byte counts being 0 and 0, respectively.  	[MsgId: MERR-26374]
End auto log messages stack.	[MsgId: MMSG-10544]


Start auto log messages stack - Iteration 2213.	[MsgId: MMSG-10545]
Starting action Action.	[MsgId: MMSG-15919]
Action.c(9): web_set_user was successful  	[MsgId: MMSG-26392]
Action.c(11): Registering web_reg_save_param was successful  	[MsgId: MMSG-26390]
Action.c(16): Registering web_reg_save_param was successful  	[MsgId: MMSG-26390]
Action.c(21): Registering web_reg_save_param was successful  	[MsgId: MMSG-26390]
Action.c(26): Error -27796: Failed to connect to server "localhost:8089": [10061] Connection refused  	[MsgId: MERR-27796]
End auto log messages stack.	[MsgId: MMSG-10544]


Start auto log messages stack - Iteration 2213.	[MsgId: MMSG-10545]
Action.c(26): Warning -26000: Empty or no response for URL="http://localhost:8089/manager/status"  	[MsgId: MWAR-26000]
Action.c(26): Error -26377: No match found for the requested parameter "Free memory". Check whether the requested boundaries exist in the response data. Also, if the data you want to save exceeds 256 bytes, use web_set_max_html_param_len to increase the parameter size  	[MsgId: MERR-26377]
Action.c(26): Error -26377: No match found for the requested parameter "Total memory". Check whether the requested boundaries exist in the response data. Also, if the data you want to save exceeds 256 bytes, use web_set_max_html_param_len to increase the parameter size  	[MsgId: MERR-26377]
Action.c(26): Error -26377: No match found for the requested parameter "Max memory". Check whether the requested boundaries exist in the response data. Also, if the data you want to save exceeds 256 bytes, use web_set_max_html_param_len to increase the parameter size  	[MsgId: MERR-26377]
Action.c(26): Error -26374: The above "not found" error(s) may be explained by header and body byte counts being 0 and 0, respectively.  	[MsgId: MERR-26374]
End auto log messages stack.	[MsgId: MMSG-10544]


Start auto log messages stack - Iteration 2214.	[MsgId: MMSG-10545]
Starting action Action.	[MsgId: MMSG-15919]
Action.c(9): web_set_user was successful  	[MsgId: MMSG-26392]
Action.c(11): Registering web_reg_save_param was successful  	[MsgId: MMSG-26390]
Action.c(16): Registering web_reg_save_param was successful  	[MsgId: MMSG-26390]
Action.c(21): Registering web_reg_save_param was successful  	[MsgId: MMSG-26390]
Action.c(26): Error -27796: Failed to connect to server "localhost:8089": [10061] Connection refused  	[MsgId: MERR-27796]
End auto log messages stack.	[MsgId: MMSG-10544]


Start auto log messages stack - Iteration 2214.	[MsgId: MMSG-10545]
Action.c(26): Warning -26000: Empty or no response for URL="http://localhost:8089/manager/status"  	[MsgId: MWAR-26000]
Action.c(26): Error -26377: No match found for the requested parameter "Free memory". Check whether the requested boundaries exist in the response data. Also, if the data you want to save exceeds 256 bytes, use web_set_max_html_param_len to increase the parameter size  	[MsgId: MERR-26377]
Action.c(26): Error -26377: No match found for the requested parameter "Total memory". Check whether the requested boundaries exist in the response data. Also, if the data you want to save exceeds 256 bytes, use web_set_max_html_param_len to increase the parameter size  	[MsgId: MERR-26377]
Action.c(26): Error -26377: No match found for the requested parameter "Max memory". Check whether the requested boundaries exist in the response data. Also, if the data you want to save exceeds 256 bytes, use web_set_max_html_param_len to increase the parameter size  	[MsgId: MERR-26377]
Action.c(26): Error -26374: The above "not found" error(s) may be explained by header and body byte counts being 0 and 0, respectively.  	[MsgId: MERR-26374]
End auto log messages stack.	[MsgId: MMSG-10544]


Start auto log messages stack - Iteration 2215.	[MsgId: MMSG-10545]
Starting action Action.	[MsgId: MMSG-15919]
Action.c(9): web_set_user was successful  	[MsgId: MMSG-26392]
Action.c(11): Registering web_reg_save_param was successful  	[MsgId: MMSG-26390]
Action.c(16): Registering web_reg_save_param was successful  	[MsgId: MMSG-26390]
Action.c(21): Registering web_reg_save_param was successful  	[MsgId: MMSG-26390]
Action.c(26): Error -27796: Failed to connect to server "localhost:8089": [10061] Connection refused  	[MsgId: MERR-27796]
End auto log messages stack.	[MsgId: MMSG-10544]


Start auto log messages stack - Iteration 2215.	[MsgId: MMSG-10545]
Action.c(26): Warning -26000: Empty or no response for URL="http://localhost:8089/manager/status"  	[MsgId: MWAR-26000]
Action.c(26): Error -26377: No match found for the requested parameter "Free memory". Check whether the requested boundaries exist in the response data. Also, if the data you want to save exceeds 256 bytes, use web_set_max_html_param_len to increase the parameter size  	[MsgId: MERR-26377]
Action.c(26): Error -26377: No match found for the requested parameter "Total memory". Check whether the requested boundaries exist in the response data. Also, if the data you want to save exceeds 256 bytes, use web_set_max_html_param_len to increase the parameter size  	[MsgId: MERR-26377]
Action.c(26): Error -26377: No match found for the requested parameter "Max memory". Check whether the requested boundaries exist in the response data. Also, if the data you want to save exceeds 256 bytes, use web_set_max_html_param_len to increase the parameter size  	[MsgId: MERR-26377]
Action.c(26): Error -26374: The above "not found" error(s) may be explained by header and body byte counts being 0 and 0, respectively.  	[MsgId: MERR-26374]
End auto log messages stack.	[MsgId: MMSG-10544]


Start auto log messages stack - Iteration 2216.	[MsgId: MMSG-10545]
Starting action Action.	[MsgId: MMSG-15919]
Action.c(9): web_set_user was successful  	[MsgId: MMSG-26392]
Action.c(11): Registering web_reg_save_param was successful  	[MsgId: MMSG-26390]
Action.c(16): Registering web_reg_save_param was successful  	[MsgId: MMSG-26390]
Action.c(21): Registering web_reg_save_param was successful  	[MsgId: MMSG-26390]
Action.c(26): Error -27796: Failed to connect to server "localhost:8089": [10061] Connection refused  	[MsgId: MERR-27796]
End auto log messages stack.	[MsgId: MMSG-10544]


Start auto log messages stack - Iteration 2216.	[MsgId: MMSG-10545]
Action.c(26): Warning -26000: Empty or no response for URL="http://localhost:8089/manager/status"  	[MsgId: MWAR-26000]
Action.c(26): Error -26377: No match found for the requested parameter "Free memory". Check whether the requested boundaries exist in the response data. Also, if the data you want to save exceeds 256 bytes, use web_set_max_html_param_len to increase the parameter size  	[MsgId: MERR-26377]
Action.c(26): Error -26377: No match found for the requested parameter "Total memory". Check whether the requested boundaries exist in the response data. Also, if the data you want to save exceeds 256 bytes, use web_set_max_html_param_len to increase the parameter size  	[MsgId: MERR-26377]
Action.c(26): Error -26377: No match found for the requested parameter "Max memory". Check whether the requested boundaries exist in the response data. Also, if the data you want to save exceeds 256 bytes, use web_set_max_html_param_len to increase the parameter size  	[MsgId: MERR-26377]
Action.c(26): Error -26374: The above "not found" error(s) may be explained by header and body byte counts being 0 and 0, respectively.  	[MsgId: MERR-26374]
End auto log messages stack.	[MsgId: MMSG-10544]


Start auto log messages stack - Iteration 2217.	[MsgId: MMSG-10545]
Starting action Action.	[MsgId: MMSG-15919]
Action.c(9): web_set_user was successful  	[MsgId: MMSG-26392]
Action.c(11): Registering web_reg_save_param was successful  	[MsgId: MMSG-26390]
Action.c(16): Registering web_reg_save_param was successful  	[MsgId: MMSG-26390]
Action.c(21): Registering web_reg_save_param was successful  	[MsgId: MMSG-26390]
Action.c(26): Error -27796: Failed to connect to server "localhost:8089": [10061] Connection refused  	[MsgId: MERR-27796]
End auto log messages stack.	[MsgId: MMSG-10544]


Start auto log messages stack - Iteration 2217.	[MsgId: MMSG-10545]
Action.c(26): Warning -26000: Empty or no response for URL="http://localhost:8089/manager/status"  	[MsgId: MWAR-26000]
Action.c(26): Error -26377: No match found for the requested parameter "Free memory". Check whether the requested boundaries exist in the response data. Also, if the data you want to save exceeds 256 bytes, use web_set_max_html_param_len to increase the parameter size  	[MsgId: MERR-26377]
Action.c(26): Error -26377: No match found for the requested parameter "Total memory". Check whether the requested boundaries exist in the response data. Also, if the data you want to save exceeds 256 bytes, use web_set_max_html_param_len to increase the parameter size  	[MsgId: MERR-26377]
Action.c(26): Error -26377: No match found for the requested parameter "Max memory". Check whether the requested boundaries exist in the response data. Also, if the data you want to save exceeds 256 bytes, use web_set_max_html_param_len to increase the parameter size  	[MsgId: MERR-26377]
Action.c(26): Error -26374: The above "not found" error(s) may be explained by header and body byte counts being 0 and 0, respectively.  	[MsgId: MERR-26374]
End auto log messages stack.	[MsgId: MMSG-10544]


Start auto log messages stack - Iteration 2218.	[MsgId: MMSG-10545]
Starting action Action.	[MsgId: MMSG-15919]
Action.c(9): web_set_user was successful  	[MsgId: MMSG-26392]
Action.c(11): Registering web_reg_save_param was successful  	[MsgId: MMSG-26390]
Action.c(16): Registering web_reg_save_param was successful  	[MsgId: MMSG-26390]
Action.c(21): Registering web_reg_save_param was successful  	[MsgId: MMSG-26390]
Action.c(26): Error -27796: Failed to connect to server "localhost:8089": [10061] Connection refused  	[MsgId: MERR-27796]
End auto log messages stack.	[MsgId: MMSG-10544]


Start auto log messages stack - Iteration 2218.	[MsgId: MMSG-10545]
Action.c(26): Warning -26000: Empty or no response for URL="http://localhost:8089/manager/status"  	[MsgId: MWAR-26000]
Action.c(26): Error -26377: No match found for the requested parameter "Free memory". Check whether the requested boundaries exist in the response data. Also, if the data you want to save exceeds 256 bytes, use web_set_max_html_param_len to increase the parameter size  	[MsgId: MERR-26377]
Action.c(26): Error -26377: No match found for the requested parameter "Total memory". Check whether the requested boundaries exist in the response data. Also, if the data you want to save exceeds 256 bytes, use web_set_max_html_param_len to increase the parameter size  	[MsgId: MERR-26377]
Action.c(26): Error -26377: No match found for the requested parameter "Max memory". Check whether the requested boundaries exist in the response data. Also, if the data you want to save exceeds 256 bytes, use web_set_max_html_param_len to increase the parameter size  	[MsgId: MERR-26377]
Action.c(26): Error -26374: The above "not found" error(s) may be explained by header and body byte counts being 0 and 0, respectively.  	[MsgId: MERR-26374]
End auto log messages stack.	[MsgId: MMSG-10544]


Start auto log messages stack - Iteration 2219.	[MsgId: MMSG-10545]
Starting action Action.	[MsgId: MMSG-15919]
Action.c(9): web_set_user was successful  	[MsgId: MMSG-26392]
Action.c(11): Registering web_reg_save_param was successful  	[MsgId: MMSG-26390]
Action.c(16): Registering web_reg_save_param was successful  	[MsgId: MMSG-26390]
Action.c(21): Registering web_reg_save_param was successful  	[MsgId: MMSG-26390]
Action.c(26): Error -27796: Failed to connect to server "localhost:8089": [10061] Connection refused  	[MsgId: MERR-27796]
End auto log messages stack.	[MsgId: MMSG-10544]


Start auto log messages stack - Iteration 2219.	[MsgId: MMSG-10545]
Action.c(26): Warning -26000: Empty or no response for URL="http://localhost:8089/manager/status"  	[MsgId: MWAR-26000]
Action.c(26): Error -26377: No match found for the requested parameter "Free memory". Check whether the requested boundaries exist in the response data. Also, if the data you want to save exceeds 256 bytes, use web_set_max_html_param_len to increase the parameter size  	[MsgId: MERR-26377]
Action.c(26): Error -26377: No match found for the requested parameter "Total memory". Check whether the requested boundaries exist in the response data. Also, if the data you want to save exceeds 256 bytes, use web_set_max_html_param_len to increase the parameter size  	[MsgId: MERR-26377]
Action.c(26): Error -26377: No match found for the requested parameter "Max memory". Check whether the requested boundaries exist in the response data. Also, if the data you want to save exceeds 256 bytes, use web_set_max_html_param_len to increase the parameter size  	[MsgId: MERR-26377]
Action.c(26): Error -26374: The above "not found" error(s) may be explained by header and body byte counts being 0 and 0, respectively.  	[MsgId: MERR-26374]
End auto log messages stack.	[MsgId: MMSG-10544]


Start auto log messages stack - Iteration 2220.	[MsgId: MMSG-10545]
Starting action Action.	[MsgId: MMSG-15919]
Action.c(9): web_set_user was successful  	[MsgId: MMSG-26392]
Action.c(11): Registering web_reg_save_param was successful  	[MsgId: MMSG-26390]
Action.c(16): Registering web_reg_save_param was successful  	[MsgId: MMSG-26390]
Action.c(21): Registering web_reg_save_param was successful  	[MsgId: MMSG-26390]
Action.c(26): Error -27796: Failed to connect to server "localhost:8089": [10061] Connection refused  	[MsgId: MERR-27796]
End auto log messages stack.	[MsgId: MMSG-10544]


Start auto log messages stack - Iteration 2220.	[MsgId: MMSG-10545]
Action.c(26): Warning -26000: Empty or no response for URL="http://localhost:8089/manager/status"  	[MsgId: MWAR-26000]
Action.c(26): Error -26377: No match found for the requested parameter "Free memory". Check whether the requested boundaries exist in the response data. Also, if the data you want to save exceeds 256 bytes, use web_set_max_html_param_len to increase the parameter size  	[MsgId: MERR-26377]
Action.c(26): Error -26377: No match found for the requested parameter "Total memory". Check whether the requested boundaries exist in the response data. Also, if the data you want to save exceeds 256 bytes, use web_set_max_html_param_len to increase the parameter size  	[MsgId: MERR-26377]
Action.c(26): Error -26377: No match found for the requested parameter "Max memory". Check whether the requested boundaries exist in the response data. Also, if the data you want to save exceeds 256 bytes, use web_set_max_html_param_len to increase the parameter size  	[MsgId: MERR-26377]
Action.c(26): Error -26374: The above "not found" error(s) may be explained by header and body byte counts being 0 and 0, respectively.  	[MsgId: MERR-26374]
End auto log messages stack.	[MsgId: MMSG-10544]


Start auto log messages stack - Iteration 2221.	[MsgId: MMSG-10545]
Starting action Action.	[MsgId: MMSG-15919]
Action.c(9): web_set_user was successful  	[MsgId: MMSG-26392]
Action.c(11): Registering web_reg_save_param was successful  	[MsgId: MMSG-26390]
Action.c(16): Registering web_reg_save_param was successful  	[MsgId: MMSG-26390]
Action.c(21): Registering web_reg_save_param was successful  	[MsgId: MMSG-26390]
Action.c(26): Error -27796: Failed to connect to server "localhost:8089": [10061] Connection refused  	[MsgId: MERR-27796]
End auto log messages stack.	[MsgId: MMSG-10544]


Start auto log messages stack - Iteration 2221.	[MsgId: MMSG-10545]
Action.c(26): Warning -26000: Empty or no response for URL="http://localhost:8089/manager/status"  	[MsgId: MWAR-26000]
Action.c(26): Error -26377: No match found for the requested parameter "Free memory". Check whether the requested boundaries exist in the response data. Also, if the data you want to save exceeds 256 bytes, use web_set_max_html_param_len to increase the parameter size  	[MsgId: MERR-26377]
Action.c(26): Error -26377: No match found for the requested parameter "Total memory". Check whether the requested boundaries exist in the response data. Also, if the data you want to save exceeds 256 bytes, use web_set_max_html_param_len to increase the parameter size  	[MsgId: MERR-26377]
Action.c(26): Error -26377: No match found for the requested parameter "Max memory". Check whether the requested boundaries exist in the response data. Also, if the data you want to save exceeds 256 bytes, use web_set_max_html_param_len to increase the parameter size  	[MsgId: MERR-26377]
Action.c(26): Error -26374: The above "not found" error(s) may be explained by header and body byte counts being 0 and 0, respectively.  	[MsgId: MERR-26374]
End auto log messages stack.	[MsgId: MMSG-10544]


Start auto log messages stack - Iteration 2222.	[MsgId: MMSG-10545]
Starting action Action.	[MsgId: MMSG-15919]
Action.c(9): web_set_user was successful  	[MsgId: MMSG-26392]
Action.c(11): Registering web_reg_save_param was successful  	[MsgId: MMSG-26390]
Action.c(16): Registering web_reg_save_param was successful  	[MsgId: MMSG-26390]
Action.c(21): Registering web_reg_save_param was successful  	[MsgId: MMSG-26390]
Action.c(26): Error -27796: Failed to connect to server "localhost:8089": [10061] Connection refused  	[MsgId: MERR-27796]
End auto log messages stack.	[MsgId: MMSG-10544]


Start auto log messages stack - Iteration 2222.	[MsgId: MMSG-10545]
Action.c(26): Warning -26000: Empty or no response for URL="http://localhost:8089/manager/status"  	[MsgId: MWAR-26000]
Action.c(26): Error -26377: No match found for the requested parameter "Free memory". Check whether the requested boundaries exist in the response data. Also, if the data you want to save exceeds 256 bytes, use web_set_max_html_param_len to increase the parameter size  	[MsgId: MERR-26377]
Action.c(26): Error -26377: No match found for the requested parameter "Total memory". Check whether the requested boundaries exist in the response data. Also, if the data you want to save exceeds 256 bytes, use web_set_max_html_param_len to increase the parameter size  	[MsgId: MERR-26377]
Action.c(26): Error -26377: No match found for the requested parameter "Max memory". Check whether the requested boundaries exist in the response data. Also, if the data you want to save exceeds 256 bytes, use web_set_max_html_param_len to increase the parameter size  	[MsgId: MERR-26377]
Action.c(26): Error -26374: The above "not found" error(s) may be explained by header and body byte counts being 0 and 0, respectively.  	[MsgId: MERR-26374]
End auto log messages stack.	[MsgId: MMSG-10544]


Start auto log messages stack - Iteration 2223.	[MsgId: MMSG-10545]
Starting action Action.	[MsgId: MMSG-15919]
Action.c(9): web_set_user was successful  	[MsgId: MMSG-26392]
Action.c(11): Registering web_reg_save_param was successful  	[MsgId: MMSG-26390]
Action.c(16): Registering web_reg_save_param was successful  	[MsgId: MMSG-26390]
Action.c(21): Registering web_reg_save_param was successful  	[MsgId: MMSG-26390]
Action.c(26): Error -27796: Failed to connect to server "localhost:8089": [10061] Connection refused  	[MsgId: MERR-27796]
End auto log messages stack.	[MsgId: MMSG-10544]


Start auto log messages stack - Iteration 2223.	[MsgId: MMSG-10545]
Action.c(26): Warning -26000: Empty or no response for URL="http://localhost:8089/manager/status"  	[MsgId: MWAR-26000]
Action.c(26): Error -26377: No match found for the requested parameter "Free memory". Check whether the requested boundaries exist in the response data. Also, if the data you want to save exceeds 256 bytes, use web_set_max_html_param_len to increase the parameter size  	[MsgId: MERR-26377]
Action.c(26): Error -26377: No match found for the requested parameter "Total memory". Check whether the requested boundaries exist in the response data. Also, if the data you want to save exceeds 256 bytes, use web_set_max_html_param_len to increase the parameter size  	[MsgId: MERR-26377]
Action.c(26): Error -26377: No match found for the requested parameter "Max memory". Check whether the requested boundaries exist in the response data. Also, if the data you want to save exceeds 256 bytes, use web_set_max_html_param_len to increase the parameter size  	[MsgId: MERR-26377]
Action.c(26): Error -26374: The above "not found" error(s) may be explained by header and body byte counts being 0 and 0, respectively.  	[MsgId: MERR-26374]
End auto log messages stack.	[MsgId: MMSG-10544]


Start auto log messages stack - Iteration 2224.	[MsgId: MMSG-10545]
Starting action Action.	[MsgId: MMSG-15919]
Action.c(9): web_set_user was successful  	[MsgId: MMSG-26392]
Action.c(11): Registering web_reg_save_param was successful  	[MsgId: MMSG-26390]
Action.c(16): Registering web_reg_save_param was successful  	[MsgId: MMSG-26390]
Action.c(21): Registering web_reg_save_param was successful  	[MsgId: MMSG-26390]
Action.c(26): Error -27796: Failed to connect to server "localhost:8089": [10061] Connection refused  	[MsgId: MERR-27796]
End auto log messages stack.	[MsgId: MMSG-10544]


Start auto log messages stack - Iteration 2224.	[MsgId: MMSG-10545]
Action.c(26): Warning -26000: Empty or no response for URL="http://localhost:8089/manager/status"  	[MsgId: MWAR-26000]
Action.c(26): Error -26377: No match found for the requested parameter "Free memory". Check whether the requested boundaries exist in the response data. Also, if the data you want to save exceeds 256 bytes, use web_set_max_html_param_len to increase the parameter size  	[MsgId: MERR-26377]
Action.c(26): Error -26377: No match found for the requested parameter "Total memory". Check whether the requested boundaries exist in the response data. Also, if the data you want to save exceeds 256 bytes, use web_set_max_html_param_len to increase the parameter size  	[MsgId: MERR-26377]
Action.c(26): Error -26377: No match found for the requested parameter "Max memory". Check whether the requested boundaries exist in the response data. Also, if the data you want to save exceeds 256 bytes, use web_set_max_html_param_len to increase the parameter size  	[MsgId: MERR-26377]
Action.c(26): Error -26374: The above "not found" error(s) may be explained by header and body byte counts being 0 and 0, respectively.  	[MsgId: MERR-26374]
End auto log messages stack.	[MsgId: MMSG-10544]


Start auto log messages stack - Iteration 2225.	[MsgId: MMSG-10545]
Starting action Action.	[MsgId: MMSG-15919]
Action.c(9): web_set_user was successful  	[MsgId: MMSG-26392]
Action.c(11): Registering web_reg_save_param was successful  	[MsgId: MMSG-26390]
Action.c(16): Registering web_reg_save_param was successful  	[MsgId: MMSG-26390]
Action.c(21): Registering web_reg_save_param was successful  	[MsgId: MMSG-26390]
Action.c(26): Error -27796: Failed to connect to server "localhost:8089": [10061] Connection refused  	[MsgId: MERR-27796]
End auto log messages stack.	[MsgId: MMSG-10544]


Start auto log messages stack - Iteration 2225.	[MsgId: MMSG-10545]
Action.c(26): Warning -26000: Empty or no response for URL="http://localhost:8089/manager/status"  	[MsgId: MWAR-26000]
Action.c(26): Error -26377: No match found for the requested parameter "Free memory". Check whether the requested boundaries exist in the response data. Also, if the data you want to save exceeds 256 bytes, use web_set_max_html_param_len to increase the parameter size  	[MsgId: MERR-26377]
Action.c(26): Error -26377: No match found for the requested parameter "Total memory". Check whether the requested boundaries exist in the response data. Also, if the data you want to save exceeds 256 bytes, use web_set_max_html_param_len to increase the parameter size  	[MsgId: MERR-26377]
Action.c(26): Error -26377: No match found for the requested parameter "Max memory". Check whether the requested boundaries exist in the response data. Also, if the data you want to save exceeds 256 bytes, use web_set_max_html_param_len to increase the parameter size  	[MsgId: MERR-26377]
Action.c(26): Error -26374: The above "not found" error(s) may be explained by header and body byte counts being 0 and 0, respectively.  	[MsgId: MERR-26374]
End auto log messages stack.	[MsgId: MMSG-10544]


Start auto log messages stack - Iteration 2226.	[MsgId: MMSG-10545]
Starting action Action.	[MsgId: MMSG-15919]
Action.c(9): web_set_user was successful  	[MsgId: MMSG-26392]
Action.c(11): Registering web_reg_save_param was successful  	[MsgId: MMSG-26390]
Action.c(16): Registering web_reg_save_param was successful  	[MsgId: MMSG-26390]
Action.c(21): Registering web_reg_save_param was successful  	[MsgId: MMSG-26390]
Action.c(26): Error -27796: Failed to connect to server "localhost:8089": [10061] Connection refused  	[MsgId: MERR-27796]
End auto log messages stack.	[MsgId: MMSG-10544]


Start auto log messages stack - Iteration 2226.	[MsgId: MMSG-10545]
Action.c(26): Warning -26000: Empty or no response for URL="http://localhost:8089/manager/status"  	[MsgId: MWAR-26000]
Action.c(26): Error -26377: No match found for the requested parameter "Free memory". Check whether the requested boundaries exist in the response data. Also, if the data you want to save exceeds 256 bytes, use web_set_max_html_param_len to increase the parameter size  	[MsgId: MERR-26377]
Action.c(26): Error -26377: No match found for the requested parameter "Total memory". Check whether the requested boundaries exist in the response data. Also, if the data you want to save exceeds 256 bytes, use web_set_max_html_param_len to increase the parameter size  	[MsgId: MERR-26377]
Action.c(26): Error -26377: No match found for the requested parameter "Max memory". Check whether the requested boundaries exist in the response data. Also, if the data you want to save exceeds 256 bytes, use web_set_max_html_param_len to increase the parameter size  	[MsgId: MERR-26377]
Action.c(26): Error -26374: The above "not found" error(s) may be explained by header and body byte counts being 0 and 0, respectively.  	[MsgId: MERR-26374]
End auto log messages stack.	[MsgId: MMSG-10544]


Start auto log messages stack - Iteration 2227.	[MsgId: MMSG-10545]
Starting action Action.	[MsgId: MMSG-15919]
Action.c(9): web_set_user was successful  	[MsgId: MMSG-26392]
Action.c(11): Registering web_reg_save_param was successful  	[MsgId: MMSG-26390]
Action.c(16): Registering web_reg_save_param was successful  	[MsgId: MMSG-26390]
Action.c(21): Registering web_reg_save_param was successful  	[MsgId: MMSG-26390]
Action.c(26): Error -27796: Failed to connect to server "localhost:8089": [10061] Connection refused  	[MsgId: MERR-27796]
End auto log messages stack.	[MsgId: MMSG-10544]


Start auto log messages stack - Iteration 2227.	[MsgId: MMSG-10545]
Action.c(26): Warning -26000: Empty or no response for URL="http://localhost:8089/manager/status"  	[MsgId: MWAR-26000]
Action.c(26): Error -26377: No match found for the requested parameter "Free memory". Check whether the requested boundaries exist in the response data. Also, if the data you want to save exceeds 256 bytes, use web_set_max_html_param_len to increase the parameter size  	[MsgId: MERR-26377]
Action.c(26): Error -26377: No match found for the requested parameter "Total memory". Check whether the requested boundaries exist in the response data. Also, if the data you want to save exceeds 256 bytes, use web_set_max_html_param_len to increase the parameter size  	[MsgId: MERR-26377]
Action.c(26): Error -26377: No match found for the requested parameter "Max memory". Check whether the requested boundaries exist in the response data. Also, if the data you want to save exceeds 256 bytes, use web_set_max_html_param_len to increase the parameter size  	[MsgId: MERR-26377]
Action.c(26): Error -26374: The above "not found" error(s) may be explained by header and body byte counts being 0 and 0, respectively.  	[MsgId: MERR-26374]
End auto log messages stack.	[MsgId: MMSG-10544]


