Start auto log messages stack - Iteration 69.	[MsgId: MMSG-10545]
Starting action Action.	[MsgId: MMSG-15919]
Action.c(9): web_set_user was successful  	[MsgId: MMSG-26392]
Action.c(11): Registering web_reg_save_param was successful  	[MsgId: MMSG-26390]
Action.c(16): Registering web_reg_save_param was successful  	[MsgId: MMSG-26390]
Action.c(21): Registering web_reg_save_param was successful  	[MsgId: MMSG-26390]
Action.c(26): Error -27791: Server "localhost" has shut down the connection prematurely  	[MsgId: MERR-27791]
End auto log messages stack.	[MsgId: MMSG-10544]


Start auto log messages stack - Iteration 69.	[MsgId: MMSG-10545]
Action.c(26): Warning -26000: Empty or no response for URL="http://localhost:8089/manager/status"  	[MsgId: MWAR-26000]
Action.c(26): Error -26377: No match found for the requested parameter "Free memory". Check whether the requested boundaries exist in the response data. Also, if the data you want to save exceeds 256 bytes, use web_set_max_html_param_len to increase the parameter size  	[MsgId: MERR-26377]
Action.c(26): Error -26377: No match found for the requested parameter "Total memory". Check whether the requested boundaries exist in the response data. Also, if the data you want to save exceeds 256 bytes, use web_set_max_html_param_len to increase the parameter size  	[MsgId: MERR-26377]
Action.c(26): Error -26377: No match found for the requested parameter "Max memory". Check whether the requested boundaries exist in the response data. Also, if the data you want to save exceeds 256 bytes, use web_set_max_html_param_len to increase the parameter size  	[MsgId: MERR-26377]
Action.c(26): Error -26374: The above "not found" error(s) may be explained by header and body byte counts being 0 and 0, respectively.  	[MsgId: MERR-26374]
End auto log messages stack.	[MsgId: MMSG-10544]


Start auto log messages stack - Iteration 70.	[MsgId: MMSG-10545]
Starting action Action.	[MsgId: MMSG-15919]
Action.c(9): web_set_user was successful  	[MsgId: MMSG-26392]
Action.c(11): Registering web_reg_save_param was successful  	[MsgId: MMSG-26390]
Action.c(16): Registering web_reg_save_param was successful  	[MsgId: MMSG-26390]
Action.c(21): Registering web_reg_save_param was successful  	[MsgId: MMSG-26390]
Action.c(26): Error -27796: Failed to connect to server "localhost:8089": [10061] Connection refused  	[MsgId: MERR-27796]
End auto log messages stack.	[MsgId: MMSG-10544]


Start auto log messages stack - Iteration 70.	[MsgId: MMSG-10545]
Action.c(26): Warning -26000: Empty or no response for URL="http://localhost:8089/manager/status"  	[MsgId: MWAR-26000]
Action.c(26): Error -26377: No match found for the requested parameter "Free memory". Check whether the requested boundaries exist in the response data. Also, if the data you want to save exceeds 256 bytes, use web_set_max_html_param_len to increase the parameter size  	[MsgId: MERR-26377]
Action.c(26): Error -26377: No match found for the requested parameter "Total memory". Check whether the requested boundaries exist in the response data. Also, if the data you want to save exceeds 256 bytes, use web_set_max_html_param_len to increase the parameter size  	[MsgId: MERR-26377]
Action.c(26): Error -26377: No match found for the requested parameter "Max memory". Check whether the requested boundaries exist in the response data. Also, if the data you want to save exceeds 256 bytes, use web_set_max_html_param_len to increase the parameter size  	[MsgId: MERR-26377]
Action.c(26): Error -26374: The above "not found" error(s) may be explained by header and body byte counts being 0 and 0, respectively.  	[MsgId: MERR-26374]
End auto log messages stack.	[MsgId: MMSG-10544]


Start auto log messages stack - Iteration 71.	[MsgId: MMSG-10545]
Starting action Action.	[MsgId: MMSG-15919]
Action.c(9): web_set_user was successful  	[MsgId: MMSG-26392]
Action.c(11): Registering web_reg_save_param was successful  	[MsgId: MMSG-26390]
Action.c(16): Registering web_reg_save_param was successful  	[MsgId: MMSG-26390]
Action.c(21): Registering web_reg_save_param was successful  	[MsgId: MMSG-26390]
Action.c(26): Error -27796: Failed to connect to server "localhost:8089": [10061] Connection refused  	[MsgId: MERR-27796]
End auto log messages stack.	[MsgId: MMSG-10544]


Start auto log messages stack - Iteration 71.	[MsgId: MMSG-10545]
Action.c(26): Warning -26000: Empty or no response for URL="http://localhost:8089/manager/status"  	[MsgId: MWAR-26000]
Action.c(26): Error -26377: No match found for the requested parameter "Free memory". Check whether the requested boundaries exist in the response data. Also, if the data you want to save exceeds 256 bytes, use web_set_max_html_param_len to increase the parameter size  	[MsgId: MERR-26377]
Action.c(26): Error -26377: No match found for the requested parameter "Total memory". Check whether the requested boundaries exist in the response data. Also, if the data you want to save exceeds 256 bytes, use web_set_max_html_param_len to increase the parameter size  	[MsgId: MERR-26377]
Action.c(26): Error -26377: No match found for the requested parameter "Max memory". Check whether the requested boundaries exist in the response data. Also, if the data you want to save exceeds 256 bytes, use web_set_max_html_param_len to increase the parameter size  	[MsgId: MERR-26377]
Action.c(26): Error -26374: The above "not found" error(s) may be explained by header and body byte counts being 0 and 0, respectively.  	[MsgId: MERR-26374]
End auto log messages stack.	[MsgId: MMSG-10544]


Start auto log messages stack - Iteration 72.	[MsgId: MMSG-10545]
Starting action Action.	[MsgId: MMSG-15919]
Action.c(9): web_set_user was successful  	[MsgId: MMSG-26392]
Action.c(11): Registering web_reg_save_param was successful  	[MsgId: MMSG-26390]
Action.c(16): Registering web_reg_save_param was successful  	[MsgId: MMSG-26390]
Action.c(21): Registering web_reg_save_param was successful  	[MsgId: MMSG-26390]
Action.c(26): Error -27796: Failed to connect to server "localhost:8089": [10061] Connection refused  	[MsgId: MERR-27796]
End auto log messages stack.	[MsgId: MMSG-10544]


Start auto log messages stack - Iteration 72.	[MsgId: MMSG-10545]
Action.c(26): Warning -26000: Empty or no response for URL="http://localhost:8089/manager/status"  	[MsgId: MWAR-26000]
Action.c(26): Error -26377: No match found for the requested parameter "Free memory". Check whether the requested boundaries exist in the response data. Also, if the data you want to save exceeds 256 bytes, use web_set_max_html_param_len to increase the parameter size  	[MsgId: MERR-26377]
Action.c(26): Error -26377: No match found for the requested parameter "Total memory". Check whether the requested boundaries exist in the response data. Also, if the data you want to save exceeds 256 bytes, use web_set_max_html_param_len to increase the parameter size  	[MsgId: MERR-26377]
Action.c(26): Error -26377: No match found for the requested parameter "Max memory". Check whether the requested boundaries exist in the response data. Also, if the data you want to save exceeds 256 bytes, use web_set_max_html_param_len to increase the parameter size  	[MsgId: MERR-26377]
Action.c(26): Error -26374: The above "not found" error(s) may be explained by header and body byte counts being 0 and 0, respectively.  	[MsgId: MERR-26374]
End auto log messages stack.	[MsgId: MMSG-10544]


Start auto log messages stack - Iteration 73.	[MsgId: MMSG-10545]
Starting action Action.	[MsgId: MMSG-15919]
Action.c(9): web_set_user was successful  	[MsgId: MMSG-26392]
Action.c(11): Registering web_reg_save_param was successful  	[MsgId: MMSG-26390]
Action.c(16): Registering web_reg_save_param was successful  	[MsgId: MMSG-26390]
Action.c(21): Registering web_reg_save_param was successful  	[MsgId: MMSG-26390]
Action.c(26): Error -27796: Failed to connect to server "localhost:8089": [10061] Connection refused  	[MsgId: MERR-27796]
End auto log messages stack.	[MsgId: MMSG-10544]


Start auto log messages stack - Iteration 73.	[MsgId: MMSG-10545]
Action.c(26): Warning -26000: Empty or no response for URL="http://localhost:8089/manager/status"  	[MsgId: MWAR-26000]
Action.c(26): Error -26377: No match found for the requested parameter "Free memory". Check whether the requested boundaries exist in the response data. Also, if the data you want to save exceeds 256 bytes, use web_set_max_html_param_len to increase the parameter size  	[MsgId: MERR-26377]
Action.c(26): Error -26377: No match found for the requested parameter "Total memory". Check whether the requested boundaries exist in the response data. Also, if the data you want to save exceeds 256 bytes, use web_set_max_html_param_len to increase the parameter size  	[MsgId: MERR-26377]
Action.c(26): Error -26377: No match found for the requested parameter "Max memory". Check whether the requested boundaries exist in the response data. Also, if the data you want to save exceeds 256 bytes, use web_set_max_html_param_len to increase the parameter size  	[MsgId: MERR-26377]
Action.c(26): Error -26374: The above "not found" error(s) may be explained by header and body byte counts being 0 and 0, respectively.  	[MsgId: MERR-26374]
End auto log messages stack.	[MsgId: MMSG-10544]


Start auto log messages stack - Iteration 74.	[MsgId: MMSG-10545]
Starting action Action.	[MsgId: MMSG-15919]
Action.c(9): web_set_user was successful  	[MsgId: MMSG-26392]
Action.c(11): Registering web_reg_save_param was successful  	[MsgId: MMSG-26390]
Action.c(16): Registering web_reg_save_param was successful  	[MsgId: MMSG-26390]
Action.c(21): Registering web_reg_save_param was successful  	[MsgId: MMSG-26390]
Action.c(26): Error -27796: Failed to connect to server "localhost:8089": [10061] Connection refused  	[MsgId: MERR-27796]
End auto log messages stack.	[MsgId: MMSG-10544]


Start auto log messages stack - Iteration 74.	[MsgId: MMSG-10545]
Action.c(26): Warning -26000: Empty or no response for URL="http://localhost:8089/manager/status"  	[MsgId: MWAR-26000]
Action.c(26): Error -26377: No match found for the requested parameter "Free memory". Check whether the requested boundaries exist in the response data. Also, if the data you want to save exceeds 256 bytes, use web_set_max_html_param_len to increase the parameter size  	[MsgId: MERR-26377]
Action.c(26): Error -26377: No match found for the requested parameter "Total memory". Check whether the requested boundaries exist in the response data. Also, if the data you want to save exceeds 256 bytes, use web_set_max_html_param_len to increase the parameter size  	[MsgId: MERR-26377]
Action.c(26): Error -26377: No match found for the requested parameter "Max memory". Check whether the requested boundaries exist in the response data. Also, if the data you want to save exceeds 256 bytes, use web_set_max_html_param_len to increase the parameter size  	[MsgId: MERR-26377]
Action.c(26): Error -26374: The above "not found" error(s) may be explained by header and body byte counts being 0 and 0, respectively.  	[MsgId: MERR-26374]
End auto log messages stack.	[MsgId: MMSG-10544]


Start auto log messages stack - Iteration 75.	[MsgId: MMSG-10545]
Starting action Action.	[MsgId: MMSG-15919]
Action.c(9): web_set_user was successful  	[MsgId: MMSG-26392]
Action.c(11): Registering web_reg_save_param was successful  	[MsgId: MMSG-26390]
Action.c(16): Registering web_reg_save_param was successful  	[MsgId: MMSG-26390]
Action.c(21): Registering web_reg_save_param was successful  	[MsgId: MMSG-26390]
Action.c(26): Error -27796: Failed to connect to server "localhost:8089": [10061] Connection refused  	[MsgId: MERR-27796]
End auto log messages stack.	[MsgId: MMSG-10544]


Start auto log messages stack - Iteration 75.	[MsgId: MMSG-10545]
Action.c(26): Warning -26000: Empty or no response for URL="http://localhost:8089/manager/status"  	[MsgId: MWAR-26000]
Action.c(26): Error -26377: No match found for the requested parameter "Free memory". Check whether the requested boundaries exist in the response data. Also, if the data you want to save exceeds 256 bytes, use web_set_max_html_param_len to increase the parameter size  	[MsgId: MERR-26377]
Action.c(26): Error -26377: No match found for the requested parameter "Total memory". Check whether the requested boundaries exist in the response data. Also, if the data you want to save exceeds 256 bytes, use web_set_max_html_param_len to increase the parameter size  	[MsgId: MERR-26377]
Action.c(26): Error -26377: No match found for the requested parameter "Max memory". Check whether the requested boundaries exist in the response data. Also, if the data you want to save exceeds 256 bytes, use web_set_max_html_param_len to increase the parameter size  	[MsgId: MERR-26377]
Action.c(26): Error -26374: The above "not found" error(s) may be explained by header and body byte counts being 0 and 0, respectively.  	[MsgId: MERR-26374]
End auto log messages stack.	[MsgId: MMSG-10544]


Start auto log messages stack - Iteration 76.	[MsgId: MMSG-10545]
Starting action Action.	[MsgId: MMSG-15919]
Action.c(9): web_set_user was successful  	[MsgId: MMSG-26392]
Action.c(11): Registering web_reg_save_param was successful  	[MsgId: MMSG-26390]
Action.c(16): Registering web_reg_save_param was successful  	[MsgId: MMSG-26390]
Action.c(21): Registering web_reg_save_param was successful  	[MsgId: MMSG-26390]
Action.c(26): Error -27796: Failed to connect to server "localhost:8089": [10061] Connection refused  	[MsgId: MERR-27796]
End auto log messages stack.	[MsgId: MMSG-10544]


Start auto log messages stack - Iteration 76.	[MsgId: MMSG-10545]
Action.c(26): Warning -26000: Empty or no response for URL="http://localhost:8089/manager/status"  	[MsgId: MWAR-26000]
Action.c(26): Error -26377: No match found for the requested parameter "Free memory". Check whether the requested boundaries exist in the response data. Also, if the data you want to save exceeds 256 bytes, use web_set_max_html_param_len to increase the parameter size  	[MsgId: MERR-26377]
Action.c(26): Error -26377: No match found for the requested parameter "Total memory". Check whether the requested boundaries exist in the response data. Also, if the data you want to save exceeds 256 bytes, use web_set_max_html_param_len to increase the parameter size  	[MsgId: MERR-26377]
Action.c(26): Error -26377: No match found for the requested parameter "Max memory". Check whether the requested boundaries exist in the response data. Also, if the data you want to save exceeds 256 bytes, use web_set_max_html_param_len to increase the parameter size  	[MsgId: MERR-26377]
Action.c(26): Error -26374: The above "not found" error(s) may be explained by header and body byte counts being 0 and 0, respectively.  	[MsgId: MERR-26374]
End auto log messages stack.	[MsgId: MMSG-10544]


Start auto log messages stack - Iteration 77.	[MsgId: MMSG-10545]
Starting action Action.	[MsgId: MMSG-15919]
Action.c(9): web_set_user was successful  	[MsgId: MMSG-26392]
Action.c(11): Registering web_reg_save_param was successful  	[MsgId: MMSG-26390]
Action.c(16): Registering web_reg_save_param was successful  	[MsgId: MMSG-26390]
Action.c(21): Registering web_reg_save_param was successful  	[MsgId: MMSG-26390]
Action.c(26): Error -27796: Failed to connect to server "localhost:8089": [10061] Connection refused  	[MsgId: MERR-27796]
End auto log messages stack.	[MsgId: MMSG-10544]


Start auto log messages stack - Iteration 77.	[MsgId: MMSG-10545]
Action.c(26): Warning -26000: Empty or no response for URL="http://localhost:8089/manager/status"  	[MsgId: MWAR-26000]
Action.c(26): Error -26377: No match found for the requested parameter "Free memory". Check whether the requested boundaries exist in the response data. Also, if the data you want to save exceeds 256 bytes, use web_set_max_html_param_len to increase the parameter size  	[MsgId: MERR-26377]
Action.c(26): Error -26377: No match found for the requested parameter "Total memory". Check whether the requested boundaries exist in the response data. Also, if the data you want to save exceeds 256 bytes, use web_set_max_html_param_len to increase the parameter size  	[MsgId: MERR-26377]
Action.c(26): Error -26377: No match found for the requested parameter "Max memory". Check whether the requested boundaries exist in the response data. Also, if the data you want to save exceeds 256 bytes, use web_set_max_html_param_len to increase the parameter size  	[MsgId: MERR-26377]
Action.c(26): Error -26374: The above "not found" error(s) may be explained by header and body byte counts being 0 and 0, respectively.  	[MsgId: MERR-26374]
End auto log messages stack.	[MsgId: MMSG-10544]


Start auto log messages stack - Iteration 78.	[MsgId: MMSG-10545]
Starting action Action.	[MsgId: MMSG-15919]
Action.c(9): web_set_user was successful  	[MsgId: MMSG-26392]
Action.c(11): Registering web_reg_save_param was successful  	[MsgId: MMSG-26390]
Action.c(16): Registering web_reg_save_param was successful  	[MsgId: MMSG-26390]
Action.c(21): Registering web_reg_save_param was successful  	[MsgId: MMSG-26390]
Action.c(26): Error -27796: Failed to connect to server "localhost:8089": [10061] Connection refused  	[MsgId: MERR-27796]
End auto log messages stack.	[MsgId: MMSG-10544]


Start auto log messages stack - Iteration 78.	[MsgId: MMSG-10545]
Action.c(26): Warning -26000: Empty or no response for URL="http://localhost:8089/manager/status"  	[MsgId: MWAR-26000]
Action.c(26): Error -26377: No match found for the requested parameter "Free memory". Check whether the requested boundaries exist in the response data. Also, if the data you want to save exceeds 256 bytes, use web_set_max_html_param_len to increase the parameter size  	[MsgId: MERR-26377]
Action.c(26): Error -26377: No match found for the requested parameter "Total memory". Check whether the requested boundaries exist in the response data. Also, if the data you want to save exceeds 256 bytes, use web_set_max_html_param_len to increase the parameter size  	[MsgId: MERR-26377]
Action.c(26): Error -26377: No match found for the requested parameter "Max memory". Check whether the requested boundaries exist in the response data. Also, if the data you want to save exceeds 256 bytes, use web_set_max_html_param_len to increase the parameter size  	[MsgId: MERR-26377]
Action.c(26): Error -26374: The above "not found" error(s) may be explained by header and body byte counts being 0 and 0, respectively.  	[MsgId: MERR-26374]
End auto log messages stack.	[MsgId: MMSG-10544]


Start auto log messages stack - Iteration 79.	[MsgId: MMSG-10545]
Starting action Action.	[MsgId: MMSG-15919]
Action.c(9): web_set_user was successful  	[MsgId: MMSG-26392]
Action.c(11): Registering web_reg_save_param was successful  	[MsgId: MMSG-26390]
Action.c(16): Registering web_reg_save_param was successful  	[MsgId: MMSG-26390]
Action.c(21): Registering web_reg_save_param was successful  	[MsgId: MMSG-26390]
Action.c(26): Error -27796: Failed to connect to server "localhost:8089": [10061] Connection refused  	[MsgId: MERR-27796]
End auto log messages stack.	[MsgId: MMSG-10544]


Start auto log messages stack - Iteration 79.	[MsgId: MMSG-10545]
Action.c(26): Warning -26000: Empty or no response for URL="http://localhost:8089/manager/status"  	[MsgId: MWAR-26000]
Action.c(26): Error -26377: No match found for the requested parameter "Free memory". Check whether the requested boundaries exist in the response data. Also, if the data you want to save exceeds 256 bytes, use web_set_max_html_param_len to increase the parameter size  	[MsgId: MERR-26377]
Action.c(26): Error -26377: No match found for the requested parameter "Total memory". Check whether the requested boundaries exist in the response data. Also, if the data you want to save exceeds 256 bytes, use web_set_max_html_param_len to increase the parameter size  	[MsgId: MERR-26377]
Action.c(26): Error -26377: No match found for the requested parameter "Max memory". Check whether the requested boundaries exist in the response data. Also, if the data you want to save exceeds 256 bytes, use web_set_max_html_param_len to increase the parameter size  	[MsgId: MERR-26377]
Action.c(26): Error -26374: The above "not found" error(s) may be explained by header and body byte counts being 0 and 0, respectively.  	[MsgId: MERR-26374]
End auto log messages stack.	[MsgId: MMSG-10544]


Start auto log messages stack - Iteration 80.	[MsgId: MMSG-10545]
Starting action Action.	[MsgId: MMSG-15919]
Action.c(9): web_set_user was successful  	[MsgId: MMSG-26392]
Action.c(11): Registering web_reg_save_param was successful  	[MsgId: MMSG-26390]
Action.c(16): Registering web_reg_save_param was successful  	[MsgId: MMSG-26390]
Action.c(21): Registering web_reg_save_param was successful  	[MsgId: MMSG-26390]
Action.c(26): Error -27796: Failed to connect to server "localhost:8089": [10061] Connection refused  	[MsgId: MERR-27796]
End auto log messages stack.	[MsgId: MMSG-10544]


Start auto log messages stack - Iteration 80.	[MsgId: MMSG-10545]
Action.c(26): Warning -26000: Empty or no response for URL="http://localhost:8089/manager/status"  	[MsgId: MWAR-26000]
Action.c(26): Error -26377: No match found for the requested parameter "Free memory". Check whether the requested boundaries exist in the response data. Also, if the data you want to save exceeds 256 bytes, use web_set_max_html_param_len to increase the parameter size  	[MsgId: MERR-26377]
Action.c(26): Error -26377: No match found for the requested parameter "Total memory". Check whether the requested boundaries exist in the response data. Also, if the data you want to save exceeds 256 bytes, use web_set_max_html_param_len to increase the parameter size  	[MsgId: MERR-26377]
Action.c(26): Error -26377: No match found for the requested parameter "Max memory". Check whether the requested boundaries exist in the response data. Also, if the data you want to save exceeds 256 bytes, use web_set_max_html_param_len to increase the parameter size  	[MsgId: MERR-26377]
Action.c(26): Error -26374: The above "not found" error(s) may be explained by header and body byte counts being 0 and 0, respectively.  	[MsgId: MERR-26374]
End auto log messages stack.	[MsgId: MMSG-10544]


Start auto log messages stack - Iteration 81.	[MsgId: MMSG-10545]
Starting action Action.	[MsgId: MMSG-15919]
Action.c(9): web_set_user was successful  	[MsgId: MMSG-26392]
Action.c(11): Registering web_reg_save_param was successful  	[MsgId: MMSG-26390]
Action.c(16): Registering web_reg_save_param was successful  	[MsgId: MMSG-26390]
Action.c(21): Registering web_reg_save_param was successful  	[MsgId: MMSG-26390]
Action.c(26): Error -27796: Failed to connect to server "localhost:8089": [10061] Connection refused  	[MsgId: MERR-27796]
End auto log messages stack.	[MsgId: MMSG-10544]


Start auto log messages stack - Iteration 81.	[MsgId: MMSG-10545]
Action.c(26): Warning -26000: Empty or no response for URL="http://localhost:8089/manager/status"  	[MsgId: MWAR-26000]
Action.c(26): Error -26377: No match found for the requested parameter "Free memory". Check whether the requested boundaries exist in the response data. Also, if the data you want to save exceeds 256 bytes, use web_set_max_html_param_len to increase the parameter size  	[MsgId: MERR-26377]
Action.c(26): Error -26377: No match found for the requested parameter "Total memory". Check whether the requested boundaries exist in the response data. Also, if the data you want to save exceeds 256 bytes, use web_set_max_html_param_len to increase the parameter size  	[MsgId: MERR-26377]
Action.c(26): Error -26377: No match found for the requested parameter "Max memory". Check whether the requested boundaries exist in the response data. Also, if the data you want to save exceeds 256 bytes, use web_set_max_html_param_len to increase the parameter size  	[MsgId: MERR-26377]
Action.c(26): Error -26374: The above "not found" error(s) may be explained by header and body byte counts being 0 and 0, respectively.  	[MsgId: MERR-26374]
End auto log messages stack.	[MsgId: MMSG-10544]


Start auto log messages stack - Iteration 82.	[MsgId: MMSG-10545]
Starting action Action.	[MsgId: MMSG-15919]
Action.c(9): web_set_user was successful  	[MsgId: MMSG-26392]
Action.c(11): Registering web_reg_save_param was successful  	[MsgId: MMSG-26390]
Action.c(16): Registering web_reg_save_param was successful  	[MsgId: MMSG-26390]
Action.c(21): Registering web_reg_save_param was successful  	[MsgId: MMSG-26390]
Action.c(26): Error -27796: Failed to connect to server "localhost:8089": [10061] Connection refused  	[MsgId: MERR-27796]
End auto log messages stack.	[MsgId: MMSG-10544]


Start auto log messages stack - Iteration 82.	[MsgId: MMSG-10545]
Action.c(26): Warning -26000: Empty or no response for URL="http://localhost:8089/manager/status"  	[MsgId: MWAR-26000]
Action.c(26): Error -26377: No match found for the requested parameter "Free memory". Check whether the requested boundaries exist in the response data. Also, if the data you want to save exceeds 256 bytes, use web_set_max_html_param_len to increase the parameter size  	[MsgId: MERR-26377]
Action.c(26): Error -26377: No match found for the requested parameter "Total memory". Check whether the requested boundaries exist in the response data. Also, if the data you want to save exceeds 256 bytes, use web_set_max_html_param_len to increase the parameter size  	[MsgId: MERR-26377]
Action.c(26): Error -26377: No match found for the requested parameter "Max memory". Check whether the requested boundaries exist in the response data. Also, if the data you want to save exceeds 256 bytes, use web_set_max_html_param_len to increase the parameter size  	[MsgId: MERR-26377]
Action.c(26): Error -26374: The above "not found" error(s) may be explained by header and body byte counts being 0 and 0, respectively.  	[MsgId: MERR-26374]
End auto log messages stack.	[MsgId: MMSG-10544]


Start auto log messages stack - Iteration 83.	[MsgId: MMSG-10545]
Starting action Action.	[MsgId: MMSG-15919]
Action.c(9): web_set_user was successful  	[MsgId: MMSG-26392]
Action.c(11): Registering web_reg_save_param was successful  	[MsgId: MMSG-26390]
Action.c(16): Registering web_reg_save_param was successful  	[MsgId: MMSG-26390]
Action.c(21): Registering web_reg_save_param was successful  	[MsgId: MMSG-26390]
Action.c(26): Error -27796: Failed to connect to server "localhost:8089": [10061] Connection refused  	[MsgId: MERR-27796]
End auto log messages stack.	[MsgId: MMSG-10544]


Start auto log messages stack - Iteration 83.	[MsgId: MMSG-10545]
Action.c(26): Warning -26000: Empty or no response for URL="http://localhost:8089/manager/status"  	[MsgId: MWAR-26000]
Action.c(26): Error -26377: No match found for the requested parameter "Free memory". Check whether the requested boundaries exist in the response data. Also, if the data you want to save exceeds 256 bytes, use web_set_max_html_param_len to increase the parameter size  	[MsgId: MERR-26377]
Action.c(26): Error -26377: No match found for the requested parameter "Total memory". Check whether the requested boundaries exist in the response data. Also, if the data you want to save exceeds 256 bytes, use web_set_max_html_param_len to increase the parameter size  	[MsgId: MERR-26377]
Action.c(26): Error -26377: No match found for the requested parameter "Max memory". Check whether the requested boundaries exist in the response data. Also, if the data you want to save exceeds 256 bytes, use web_set_max_html_param_len to increase the parameter size  	[MsgId: MERR-26377]
Action.c(26): Error -26374: The above "not found" error(s) may be explained by header and body byte counts being 0 and 0, respectively.  	[MsgId: MERR-26374]
End auto log messages stack.	[MsgId: MMSG-10544]


Start auto log messages stack - Iteration 84.	[MsgId: MMSG-10545]
Starting action Action.	[MsgId: MMSG-15919]
Action.c(9): web_set_user was successful  	[MsgId: MMSG-26392]
Action.c(11): Registering web_reg_save_param was successful  	[MsgId: MMSG-26390]
Action.c(16): Registering web_reg_save_param was successful  	[MsgId: MMSG-26390]
Action.c(21): Registering web_reg_save_param was successful  	[MsgId: MMSG-26390]
Action.c(26): Error -27796: Failed to connect to server "localhost:8089": [10061] Connection refused  	[MsgId: MERR-27796]
End auto log messages stack.	[MsgId: MMSG-10544]


Start auto log messages stack - Iteration 84.	[MsgId: MMSG-10545]
Action.c(26): Warning -26000: Empty or no response for URL="http://localhost:8089/manager/status"  	[MsgId: MWAR-26000]
Action.c(26): Error -26377: No match found for the requested parameter "Free memory". Check whether the requested boundaries exist in the response data. Also, if the data you want to save exceeds 256 bytes, use web_set_max_html_param_len to increase the parameter size  	[MsgId: MERR-26377]
Action.c(26): Error -26377: No match found for the requested parameter "Total memory". Check whether the requested boundaries exist in the response data. Also, if the data you want to save exceeds 256 bytes, use web_set_max_html_param_len to increase the parameter size  	[MsgId: MERR-26377]
Action.c(26): Error -26377: No match found for the requested parameter "Max memory". Check whether the requested boundaries exist in the response data. Also, if the data you want to save exceeds 256 bytes, use web_set_max_html_param_len to increase the parameter size  	[MsgId: MERR-26377]
Action.c(26): Error -26374: The above "not found" error(s) may be explained by header and body byte counts being 0 and 0, respectively.  	[MsgId: MERR-26374]
End auto log messages stack.	[MsgId: MMSG-10544]


Start auto log messages stack - Iteration 85.	[MsgId: MMSG-10545]
Starting action Action.	[MsgId: MMSG-15919]
Action.c(9): web_set_user was successful  	[MsgId: MMSG-26392]
Action.c(11): Registering web_reg_save_param was successful  	[MsgId: MMSG-26390]
Action.c(16): Registering web_reg_save_param was successful  	[MsgId: MMSG-26390]
Action.c(21): Registering web_reg_save_param was successful  	[MsgId: MMSG-26390]
Action.c(26): Error -27796: Failed to connect to server "localhost:8089": [10061] Connection refused  	[MsgId: MERR-27796]
End auto log messages stack.	[MsgId: MMSG-10544]


Start auto log messages stack - Iteration 85.	[MsgId: MMSG-10545]
Action.c(26): Warning -26000: Empty or no response for URL="http://localhost:8089/manager/status"  	[MsgId: MWAR-26000]
Action.c(26): Error -26377: No match found for the requested parameter "Free memory". Check whether the requested boundaries exist in the response data. Also, if the data you want to save exceeds 256 bytes, use web_set_max_html_param_len to increase the parameter size  	[MsgId: MERR-26377]
Action.c(26): Error -26377: No match found for the requested parameter "Total memory". Check whether the requested boundaries exist in the response data. Also, if the data you want to save exceeds 256 bytes, use web_set_max_html_param_len to increase the parameter size  	[MsgId: MERR-26377]
Action.c(26): Error -26377: No match found for the requested parameter "Max memory". Check whether the requested boundaries exist in the response data. Also, if the data you want to save exceeds 256 bytes, use web_set_max_html_param_len to increase the parameter size  	[MsgId: MERR-26377]
Action.c(26): Error -26374: The above "not found" error(s) may be explained by header and body byte counts being 0 and 0, respectively.  	[MsgId: MERR-26374]
End auto log messages stack.	[MsgId: MMSG-10544]


Start auto log messages stack - Iteration 86.	[MsgId: MMSG-10545]
Starting action Action.	[MsgId: MMSG-15919]
Action.c(9): web_set_user was successful  	[MsgId: MMSG-26392]
Action.c(11): Registering web_reg_save_param was successful  	[MsgId: MMSG-26390]
Action.c(16): Registering web_reg_save_param was successful  	[MsgId: MMSG-26390]
Action.c(21): Registering web_reg_save_param was successful  	[MsgId: MMSG-26390]
Action.c(26): Error -27796: Failed to connect to server "localhost:8089": [10061] Connection refused  	[MsgId: MERR-27796]
End auto log messages stack.	[MsgId: MMSG-10544]


Start auto log messages stack - Iteration 86.	[MsgId: MMSG-10545]
Action.c(26): Warning -26000: Empty or no response for URL="http://localhost:8089/manager/status"  	[MsgId: MWAR-26000]
Action.c(26): Error -26377: No match found for the requested parameter "Free memory". Check whether the requested boundaries exist in the response data. Also, if the data you want to save exceeds 256 bytes, use web_set_max_html_param_len to increase the parameter size  	[MsgId: MERR-26377]
Action.c(26): Error -26377: No match found for the requested parameter "Total memory". Check whether the requested boundaries exist in the response data. Also, if the data you want to save exceeds 256 bytes, use web_set_max_html_param_len to increase the parameter size  	[MsgId: MERR-26377]
Action.c(26): Error -26377: No match found for the requested parameter "Max memory". Check whether the requested boundaries exist in the response data. Also, if the data you want to save exceeds 256 bytes, use web_set_max_html_param_len to increase the parameter size  	[MsgId: MERR-26377]
Action.c(26): Error -26374: The above "not found" error(s) may be explained by header and body byte counts being 0 and 0, respectively.  	[MsgId: MERR-26374]
End auto log messages stack.	[MsgId: MMSG-10544]


Start auto log messages stack - Iteration 87.	[MsgId: MMSG-10545]
Starting action Action.	[MsgId: MMSG-15919]
Action.c(9): web_set_user was successful  	[MsgId: MMSG-26392]
Action.c(11): Registering web_reg_save_param was successful  	[MsgId: MMSG-26390]
Action.c(16): Registering web_reg_save_param was successful  	[MsgId: MMSG-26390]
Action.c(21): Registering web_reg_save_param was successful  	[MsgId: MMSG-26390]
Action.c(26): Error -27796: Failed to connect to server "localhost:8089": [10061] Connection refused  	[MsgId: MERR-27796]
End auto log messages stack.	[MsgId: MMSG-10544]


Start auto log messages stack - Iteration 87.	[MsgId: MMSG-10545]
Action.c(26): Warning -26000: Empty or no response for URL="http://localhost:8089/manager/status"  	[MsgId: MWAR-26000]
Action.c(26): Error -26377: No match found for the requested parameter "Free memory". Check whether the requested boundaries exist in the response data. Also, if the data you want to save exceeds 256 bytes, use web_set_max_html_param_len to increase the parameter size  	[MsgId: MERR-26377]
Action.c(26): Error -26377: No match found for the requested parameter "Total memory". Check whether the requested boundaries exist in the response data. Also, if the data you want to save exceeds 256 bytes, use web_set_max_html_param_len to increase the parameter size  	[MsgId: MERR-26377]
Action.c(26): Error -26377: No match found for the requested parameter "Max memory". Check whether the requested boundaries exist in the response data. Also, if the data you want to save exceeds 256 bytes, use web_set_max_html_param_len to increase the parameter size  	[MsgId: MERR-26377]
Action.c(26): Error -26374: The above "not found" error(s) may be explained by header and body byte counts being 0 and 0, respectively.  	[MsgId: MERR-26374]
End auto log messages stack.	[MsgId: MMSG-10544]


Start auto log messages stack - Iteration 88.	[MsgId: MMSG-10545]
Starting action Action.	[MsgId: MMSG-15919]
Action.c(9): web_set_user was successful  	[MsgId: MMSG-26392]
Action.c(11): Registering web_reg_save_param was successful  	[MsgId: MMSG-26390]
Action.c(16): Registering web_reg_save_param was successful  	[MsgId: MMSG-26390]
Action.c(21): Registering web_reg_save_param was successful  	[MsgId: MMSG-26390]
Action.c(26): Error -27796: Failed to connect to server "localhost:8089": [10061] Connection refused  	[MsgId: MERR-27796]
End auto log messages stack.	[MsgId: MMSG-10544]


Start auto log messages stack - Iteration 88.	[MsgId: MMSG-10545]
Action.c(26): Warning -26000: Empty or no response for URL="http://localhost:8089/manager/status"  	[MsgId: MWAR-26000]
Action.c(26): Error -26377: No match found for the requested parameter "Free memory". Check whether the requested boundaries exist in the response data. Also, if the data you want to save exceeds 256 bytes, use web_set_max_html_param_len to increase the parameter size  	[MsgId: MERR-26377]
Action.c(26): Error -26377: No match found for the requested parameter "Total memory". Check whether the requested boundaries exist in the response data. Also, if the data you want to save exceeds 256 bytes, use web_set_max_html_param_len to increase the parameter size  	[MsgId: MERR-26377]
Action.c(26): Error -26377: No match found for the requested parameter "Max memory". Check whether the requested boundaries exist in the response data. Also, if the data you want to save exceeds 256 bytes, use web_set_max_html_param_len to increase the parameter size  	[MsgId: MERR-26377]
Action.c(26): Error -26374: The above "not found" error(s) may be explained by header and body byte counts being 0 and 0, respectively.  	[MsgId: MERR-26374]
End auto log messages stack.	[MsgId: MMSG-10544]


Start auto log messages stack - Iteration 89.	[MsgId: MMSG-10545]
Starting action Action.	[MsgId: MMSG-15919]
Action.c(9): web_set_user was successful  	[MsgId: MMSG-26392]
Action.c(11): Registering web_reg_save_param was successful  	[MsgId: MMSG-26390]
Action.c(16): Registering web_reg_save_param was successful  	[MsgId: MMSG-26390]
Action.c(21): Registering web_reg_save_param was successful  	[MsgId: MMSG-26390]
Action.c(26): Error -27796: Failed to connect to server "localhost:8089": [10061] Connection refused  	[MsgId: MERR-27796]
End auto log messages stack.	[MsgId: MMSG-10544]


Start auto log messages stack - Iteration 89.	[MsgId: MMSG-10545]
Action.c(26): Warning -26000: Empty or no response for URL="http://localhost:8089/manager/status"  	[MsgId: MWAR-26000]
Action.c(26): Error -26377: No match found for the requested parameter "Free memory". Check whether the requested boundaries exist in the response data. Also, if the data you want to save exceeds 256 bytes, use web_set_max_html_param_len to increase the parameter size  	[MsgId: MERR-26377]
Action.c(26): Error -26377: No match found for the requested parameter "Total memory". Check whether the requested boundaries exist in the response data. Also, if the data you want to save exceeds 256 bytes, use web_set_max_html_param_len to increase the parameter size  	[MsgId: MERR-26377]
Action.c(26): Error -26377: No match found for the requested parameter "Max memory". Check whether the requested boundaries exist in the response data. Also, if the data you want to save exceeds 256 bytes, use web_set_max_html_param_len to increase the parameter size  	[MsgId: MERR-26377]
Action.c(26): Error -26374: The above "not found" error(s) may be explained by header and body byte counts being 0 and 0, respectively.  	[MsgId: MERR-26374]
End auto log messages stack.	[MsgId: MMSG-10544]


Start auto log messages stack - Iteration 90.	[MsgId: MMSG-10545]
Starting action Action.	[MsgId: MMSG-15919]
Action.c(9): web_set_user was successful  	[MsgId: MMSG-26392]
Action.c(11): Registering web_reg_save_param was successful  	[MsgId: MMSG-26390]
Action.c(16): Registering web_reg_save_param was successful  	[MsgId: MMSG-26390]
Action.c(21): Registering web_reg_save_param was successful  	[MsgId: MMSG-26390]
Action.c(26): Error -27796: Failed to connect to server "localhost:8089": [10061] Connection refused  	[MsgId: MERR-27796]
End auto log messages stack.	[MsgId: MMSG-10544]


Start auto log messages stack - Iteration 90.	[MsgId: MMSG-10545]
Action.c(26): Warning -26000: Empty or no response for URL="http://localhost:8089/manager/status"  	[MsgId: MWAR-26000]
Action.c(26): Error -26377: No match found for the requested parameter "Free memory". Check whether the requested boundaries exist in the response data. Also, if the data you want to save exceeds 256 bytes, use web_set_max_html_param_len to increase the parameter size  	[MsgId: MERR-26377]
Action.c(26): Error -26377: No match found for the requested parameter "Total memory". Check whether the requested boundaries exist in the response data. Also, if the data you want to save exceeds 256 bytes, use web_set_max_html_param_len to increase the parameter size  	[MsgId: MERR-26377]
Action.c(26): Error -26377: No match found for the requested parameter "Max memory". Check whether the requested boundaries exist in the response data. Also, if the data you want to save exceeds 256 bytes, use web_set_max_html_param_len to increase the parameter size  	[MsgId: MERR-26377]
Action.c(26): Error -26374: The above "not found" error(s) may be explained by header and body byte counts being 0 and 0, respectively.  	[MsgId: MERR-26374]
End auto log messages stack.	[MsgId: MMSG-10544]


Start auto log messages stack - Iteration 91.	[MsgId: MMSG-10545]
Starting action Action.	[MsgId: MMSG-15919]
Action.c(9): web_set_user was successful  	[MsgId: MMSG-26392]
Action.c(11): Registering web_reg_save_param was successful  	[MsgId: MMSG-26390]
Action.c(16): Registering web_reg_save_param was successful  	[MsgId: MMSG-26390]
Action.c(21): Registering web_reg_save_param was successful  	[MsgId: MMSG-26390]
Action.c(26): Error -27796: Failed to connect to server "localhost:8089": [10061] Connection refused  	[MsgId: MERR-27796]
End auto log messages stack.	[MsgId: MMSG-10544]


Start auto log messages stack - Iteration 91.	[MsgId: MMSG-10545]
Action.c(26): Warning -26000: Empty or no response for URL="http://localhost:8089/manager/status"  	[MsgId: MWAR-26000]
Action.c(26): Error -26377: No match found for the requested parameter "Free memory". Check whether the requested boundaries exist in the response data. Also, if the data you want to save exceeds 256 bytes, use web_set_max_html_param_len to increase the parameter size  	[MsgId: MERR-26377]
Action.c(26): Error -26377: No match found for the requested parameter "Total memory". Check whether the requested boundaries exist in the response data. Also, if the data you want to save exceeds 256 bytes, use web_set_max_html_param_len to increase the parameter size  	[MsgId: MERR-26377]
Action.c(26): Error -26377: No match found for the requested parameter "Max memory". Check whether the requested boundaries exist in the response data. Also, if the data you want to save exceeds 256 bytes, use web_set_max_html_param_len to increase the parameter size  	[MsgId: MERR-26377]
Action.c(26): Error -26374: The above "not found" error(s) may be explained by header and body byte counts being 0 and 0, respectively.  	[MsgId: MERR-26374]
End auto log messages stack.	[MsgId: MMSG-10544]


Start auto log messages stack - Iteration 92.	[MsgId: MMSG-10545]
Starting action Action.	[MsgId: MMSG-15919]
Action.c(9): web_set_user was successful  	[MsgId: MMSG-26392]
Action.c(11): Registering web_reg_save_param was successful  	[MsgId: MMSG-26390]
Action.c(16): Registering web_reg_save_param was successful  	[MsgId: MMSG-26390]
Action.c(21): Registering web_reg_save_param was successful  	[MsgId: MMSG-26390]
Action.c(26): Error -27796: Failed to connect to server "localhost:8089": [10061] Connection refused  	[MsgId: MERR-27796]
End auto log messages stack.	[MsgId: MMSG-10544]


Start auto log messages stack - Iteration 92.	[MsgId: MMSG-10545]
Action.c(26): Warning -26000: Empty or no response for URL="http://localhost:8089/manager/status"  	[MsgId: MWAR-26000]
Action.c(26): Error -26377: No match found for the requested parameter "Free memory". Check whether the requested boundaries exist in the response data. Also, if the data you want to save exceeds 256 bytes, use web_set_max_html_param_len to increase the parameter size  	[MsgId: MERR-26377]
Action.c(26): Error -26377: No match found for the requested parameter "Total memory". Check whether the requested boundaries exist in the response data. Also, if the data you want to save exceeds 256 bytes, use web_set_max_html_param_len to increase the parameter size  	[MsgId: MERR-26377]
Action.c(26): Error -26377: No match found for the requested parameter "Max memory". Check whether the requested boundaries exist in the response data. Also, if the data you want to save exceeds 256 bytes, use web_set_max_html_param_len to increase the parameter size  	[MsgId: MERR-26377]
Action.c(26): Error -26374: The above "not found" error(s) may be explained by header and body byte counts being 0 and 0, respectively.  	[MsgId: MERR-26374]
End auto log messages stack.	[MsgId: MMSG-10544]


Start auto log messages stack - Iteration 93.	[MsgId: MMSG-10545]
Starting action Action.	[MsgId: MMSG-15919]
Action.c(9): web_set_user was successful  	[MsgId: MMSG-26392]
Action.c(11): Registering web_reg_save_param was successful  	[MsgId: MMSG-26390]
Action.c(16): Registering web_reg_save_param was successful  	[MsgId: MMSG-26390]
Action.c(21): Registering web_reg_save_param was successful  	[MsgId: MMSG-26390]
Action.c(26): Error -27796: Failed to connect to server "localhost:8089": [10061] Connection refused  	[MsgId: MERR-27796]
End auto log messages stack.	[MsgId: MMSG-10544]


Start auto log messages stack - Iteration 93.	[MsgId: MMSG-10545]
Action.c(26): Warning -26000: Empty or no response for URL="http://localhost:8089/manager/status"  	[MsgId: MWAR-26000]
Action.c(26): Error -26377: No match found for the requested parameter "Free memory". Check whether the requested boundaries exist in the response data. Also, if the data you want to save exceeds 256 bytes, use web_set_max_html_param_len to increase the parameter size  	[MsgId: MERR-26377]
Action.c(26): Error -26377: No match found for the requested parameter "Total memory". Check whether the requested boundaries exist in the response data. Also, if the data you want to save exceeds 256 bytes, use web_set_max_html_param_len to increase the parameter size  	[MsgId: MERR-26377]
Action.c(26): Error -26377: No match found for the requested parameter "Max memory". Check whether the requested boundaries exist in the response data. Also, if the data you want to save exceeds 256 bytes, use web_set_max_html_param_len to increase the parameter size  	[MsgId: MERR-26377]
Action.c(26): Error -26374: The above "not found" error(s) may be explained by header and body byte counts being 0 and 0, respectively.  	[MsgId: MERR-26374]
End auto log messages stack.	[MsgId: MMSG-10544]


Start auto log messages stack - Iteration 94.	[MsgId: MMSG-10545]
Starting action Action.	[MsgId: MMSG-15919]
Action.c(9): web_set_user was successful  	[MsgId: MMSG-26392]
Action.c(11): Registering web_reg_save_param was successful  	[MsgId: MMSG-26390]
Action.c(16): Registering web_reg_save_param was successful  	[MsgId: MMSG-26390]
Action.c(21): Registering web_reg_save_param was successful  	[MsgId: MMSG-26390]
Action.c(26): Error -27796: Failed to connect to server "localhost:8089": [10061] Connection refused  	[MsgId: MERR-27796]
End auto log messages stack.	[MsgId: MMSG-10544]


Start auto log messages stack - Iteration 94.	[MsgId: MMSG-10545]
Action.c(26): Warning -26000: Empty or no response for URL="http://localhost:8089/manager/status"  	[MsgId: MWAR-26000]
Action.c(26): Error -26377: No match found for the requested parameter "Free memory". Check whether the requested boundaries exist in the response data. Also, if the data you want to save exceeds 256 bytes, use web_set_max_html_param_len to increase the parameter size  	[MsgId: MERR-26377]
Action.c(26): Error -26377: No match found for the requested parameter "Total memory". Check whether the requested boundaries exist in the response data. Also, if the data you want to save exceeds 256 bytes, use web_set_max_html_param_len to increase the parameter size  	[MsgId: MERR-26377]
Action.c(26): Error -26377: No match found for the requested parameter "Max memory". Check whether the requested boundaries exist in the response data. Also, if the data you want to save exceeds 256 bytes, use web_set_max_html_param_len to increase the parameter size  	[MsgId: MERR-26377]
Action.c(26): Error -26374: The above "not found" error(s) may be explained by header and body byte counts being 0 and 0, respectively.  	[MsgId: MERR-26374]
End auto log messages stack.	[MsgId: MMSG-10544]


