Start auto log messages stack - Iteration 796.	[MsgId: MMSG-10545]
Starting action Action.	[MsgId: MMSG-15919]
Action.c(9): web_set_user was successful  	[MsgId: MMSG-26392]
Action.c(11): Registering web_reg_save_param was successful  	[MsgId: MMSG-26390]
Action.c(16): Registering web_reg_save_param was successful  	[MsgId: MMSG-26390]
Action.c(21): Registering web_reg_save_param was successful  	[MsgId: MMSG-26390]
Action.c(26): Error -27791: Server "localhost" has shut down the connection prematurely  	[MsgId: MERR-27791]
End auto log messages stack.	[MsgId: MMSG-10544]


Start auto log messages stack - Iteration 796.	[MsgId: MMSG-10545]
Action.c(26): Warning -26000: Empty or no response for URL="http://localhost:8089/manager/status"  	[MsgId: MWAR-26000]
Action.c(26): Error -26377: No match found for the requested parameter "Free memory". Check whether the requested boundaries exist in the response data. Also, if the data you want to save exceeds 256 bytes, use web_set_max_html_param_len to increase the parameter size  	[MsgId: MERR-26377]
Action.c(26): Error -26377: No match found for the requested parameter "Total memory". Check whether the requested boundaries exist in the response data. Also, if the data you want to save exceeds 256 bytes, use web_set_max_html_param_len to increase the parameter size  	[MsgId: MERR-26377]
Action.c(26): Error -26377: No match found for the requested parameter "Max memory". Check whether the requested boundaries exist in the response data. Also, if the data you want to save exceeds 256 bytes, use web_set_max_html_param_len to increase the parameter size  	[MsgId: MERR-26377]
Action.c(26): Error -26374: The above "not found" error(s) may be explained by header and body byte counts being 0 and 0, respectively.  	[MsgId: MERR-26374]
End auto log messages stack.	[MsgId: MMSG-10544]


Start auto log messages stack - Iteration 797.	[MsgId: MMSG-10545]
Starting action Action.	[MsgId: MMSG-15919]
Action.c(9): web_set_user was successful  	[MsgId: MMSG-26392]
Action.c(11): Registering web_reg_save_param was successful  	[MsgId: MMSG-26390]
Action.c(16): Registering web_reg_save_param was successful  	[MsgId: MMSG-26390]
Action.c(21): Registering web_reg_save_param was successful  	[MsgId: MMSG-26390]
Action.c(26): Error -27796: Failed to connect to server "localhost:8089": [10061] Connection refused  	[MsgId: MERR-27796]
End auto log messages stack.	[MsgId: MMSG-10544]


Start auto log messages stack - Iteration 797.	[MsgId: MMSG-10545]
Action.c(26): Warning -26000: Empty or no response for URL="http://localhost:8089/manager/status"  	[MsgId: MWAR-26000]
Action.c(26): Error -26377: No match found for the requested parameter "Free memory". Check whether the requested boundaries exist in the response data. Also, if the data you want to save exceeds 256 bytes, use web_set_max_html_param_len to increase the parameter size  	[MsgId: MERR-26377]
Action.c(26): Error -26377: No match found for the requested parameter "Total memory". Check whether the requested boundaries exist in the response data. Also, if the data you want to save exceeds 256 bytes, use web_set_max_html_param_len to increase the parameter size  	[MsgId: MERR-26377]
Action.c(26): Error -26377: No match found for the requested parameter "Max memory". Check whether the requested boundaries exist in the response data. Also, if the data you want to save exceeds 256 bytes, use web_set_max_html_param_len to increase the parameter size  	[MsgId: MERR-26377]
Action.c(26): Error -26374: The above "not found" error(s) may be explained by header and body byte counts being 0 and 0, respectively.  	[MsgId: MERR-26374]
End auto log messages stack.	[MsgId: MMSG-10544]


Start auto log messages stack - Iteration 798.	[MsgId: MMSG-10545]
Starting action Action.	[MsgId: MMSG-15919]
Action.c(9): web_set_user was successful  	[MsgId: MMSG-26392]
Action.c(11): Registering web_reg_save_param was successful  	[MsgId: MMSG-26390]
Action.c(16): Registering web_reg_save_param was successful  	[MsgId: MMSG-26390]
Action.c(21): Registering web_reg_save_param was successful  	[MsgId: MMSG-26390]
Action.c(26): Error -27796: Failed to connect to server "localhost:8089": [10061] Connection refused  	[MsgId: MERR-27796]
End auto log messages stack.	[MsgId: MMSG-10544]


Start auto log messages stack - Iteration 798.	[MsgId: MMSG-10545]
Action.c(26): Warning -26000: Empty or no response for URL="http://localhost:8089/manager/status"  	[MsgId: MWAR-26000]
Action.c(26): Error -26377: No match found for the requested parameter "Free memory". Check whether the requested boundaries exist in the response data. Also, if the data you want to save exceeds 256 bytes, use web_set_max_html_param_len to increase the parameter size  	[MsgId: MERR-26377]
Action.c(26): Error -26377: No match found for the requested parameter "Total memory". Check whether the requested boundaries exist in the response data. Also, if the data you want to save exceeds 256 bytes, use web_set_max_html_param_len to increase the parameter size  	[MsgId: MERR-26377]
Action.c(26): Error -26377: No match found for the requested parameter "Max memory". Check whether the requested boundaries exist in the response data. Also, if the data you want to save exceeds 256 bytes, use web_set_max_html_param_len to increase the parameter size  	[MsgId: MERR-26377]
Action.c(26): Error -26374: The above "not found" error(s) may be explained by header and body byte counts being 0 and 0, respectively.  	[MsgId: MERR-26374]
End auto log messages stack.	[MsgId: MMSG-10544]


Start auto log messages stack - Iteration 799.	[MsgId: MMSG-10545]
Starting action Action.	[MsgId: MMSG-15919]
Action.c(9): web_set_user was successful  	[MsgId: MMSG-26392]
Action.c(11): Registering web_reg_save_param was successful  	[MsgId: MMSG-26390]
Action.c(16): Registering web_reg_save_param was successful  	[MsgId: MMSG-26390]
Action.c(21): Registering web_reg_save_param was successful  	[MsgId: MMSG-26390]
Action.c(26): Error -27796: Failed to connect to server "localhost:8089": [10061] Connection refused  	[MsgId: MERR-27796]
End auto log messages stack.	[MsgId: MMSG-10544]


Start auto log messages stack - Iteration 799.	[MsgId: MMSG-10545]
Action.c(26): Warning -26000: Empty or no response for URL="http://localhost:8089/manager/status"  	[MsgId: MWAR-26000]
Action.c(26): Error -26377: No match found for the requested parameter "Free memory". Check whether the requested boundaries exist in the response data. Also, if the data you want to save exceeds 256 bytes, use web_set_max_html_param_len to increase the parameter size  	[MsgId: MERR-26377]
Action.c(26): Error -26377: No match found for the requested parameter "Total memory". Check whether the requested boundaries exist in the response data. Also, if the data you want to save exceeds 256 bytes, use web_set_max_html_param_len to increase the parameter size  	[MsgId: MERR-26377]
Action.c(26): Error -26377: No match found for the requested parameter "Max memory". Check whether the requested boundaries exist in the response data. Also, if the data you want to save exceeds 256 bytes, use web_set_max_html_param_len to increase the parameter size  	[MsgId: MERR-26377]
Action.c(26): Error -26374: The above "not found" error(s) may be explained by header and body byte counts being 0 and 0, respectively.  	[MsgId: MERR-26374]
End auto log messages stack.	[MsgId: MMSG-10544]


Start auto log messages stack - Iteration 800.	[MsgId: MMSG-10545]
Starting action Action.	[MsgId: MMSG-15919]
Action.c(9): web_set_user was successful  	[MsgId: MMSG-26392]
Action.c(11): Registering web_reg_save_param was successful  	[MsgId: MMSG-26390]
Action.c(16): Registering web_reg_save_param was successful  	[MsgId: MMSG-26390]
Action.c(21): Registering web_reg_save_param was successful  	[MsgId: MMSG-26390]
Action.c(26): Error -27796: Failed to connect to server "localhost:8089": [10061] Connection refused  	[MsgId: MERR-27796]
End auto log messages stack.	[MsgId: MMSG-10544]


Start auto log messages stack - Iteration 800.	[MsgId: MMSG-10545]
Action.c(26): Warning -26000: Empty or no response for URL="http://localhost:8089/manager/status"  	[MsgId: MWAR-26000]
Action.c(26): Error -26377: No match found for the requested parameter "Free memory". Check whether the requested boundaries exist in the response data. Also, if the data you want to save exceeds 256 bytes, use web_set_max_html_param_len to increase the parameter size  	[MsgId: MERR-26377]
Action.c(26): Error -26377: No match found for the requested parameter "Total memory". Check whether the requested boundaries exist in the response data. Also, if the data you want to save exceeds 256 bytes, use web_set_max_html_param_len to increase the parameter size  	[MsgId: MERR-26377]
Action.c(26): Error -26377: No match found for the requested parameter "Max memory". Check whether the requested boundaries exist in the response data. Also, if the data you want to save exceeds 256 bytes, use web_set_max_html_param_len to increase the parameter size  	[MsgId: MERR-26377]
Action.c(26): Error -26374: The above "not found" error(s) may be explained by header and body byte counts being 0 and 0, respectively.  	[MsgId: MERR-26374]
End auto log messages stack.	[MsgId: MMSG-10544]


Start auto log messages stack - Iteration 801.	[MsgId: MMSG-10545]
Starting action Action.	[MsgId: MMSG-15919]
Action.c(9): web_set_user was successful  	[MsgId: MMSG-26392]
Action.c(11): Registering web_reg_save_param was successful  	[MsgId: MMSG-26390]
Action.c(16): Registering web_reg_save_param was successful  	[MsgId: MMSG-26390]
Action.c(21): Registering web_reg_save_param was successful  	[MsgId: MMSG-26390]
Action.c(26): Error -27796: Failed to connect to server "localhost:8089": [10061] Connection refused  	[MsgId: MERR-27796]
End auto log messages stack.	[MsgId: MMSG-10544]


Start auto log messages stack - Iteration 801.	[MsgId: MMSG-10545]
Action.c(26): Warning -26000: Empty or no response for URL="http://localhost:8089/manager/status"  	[MsgId: MWAR-26000]
Action.c(26): Error -26377: No match found for the requested parameter "Free memory". Check whether the requested boundaries exist in the response data. Also, if the data you want to save exceeds 256 bytes, use web_set_max_html_param_len to increase the parameter size  	[MsgId: MERR-26377]
Action.c(26): Error -26377: No match found for the requested parameter "Total memory". Check whether the requested boundaries exist in the response data. Also, if the data you want to save exceeds 256 bytes, use web_set_max_html_param_len to increase the parameter size  	[MsgId: MERR-26377]
Action.c(26): Error -26377: No match found for the requested parameter "Max memory". Check whether the requested boundaries exist in the response data. Also, if the data you want to save exceeds 256 bytes, use web_set_max_html_param_len to increase the parameter size  	[MsgId: MERR-26377]
Action.c(26): Error -26374: The above "not found" error(s) may be explained by header and body byte counts being 0 and 0, respectively.  	[MsgId: MERR-26374]
End auto log messages stack.	[MsgId: MMSG-10544]


Start auto log messages stack - Iteration 802.	[MsgId: MMSG-10545]
Starting action Action.	[MsgId: MMSG-15919]
Action.c(9): web_set_user was successful  	[MsgId: MMSG-26392]
Action.c(11): Registering web_reg_save_param was successful  	[MsgId: MMSG-26390]
Action.c(16): Registering web_reg_save_param was successful  	[MsgId: MMSG-26390]
Action.c(21): Registering web_reg_save_param was successful  	[MsgId: MMSG-26390]
Action.c(26): Error -27796: Failed to connect to server "localhost:8089": [10061] Connection refused  	[MsgId: MERR-27796]
End auto log messages stack.	[MsgId: MMSG-10544]


Start auto log messages stack - Iteration 802.	[MsgId: MMSG-10545]
Action.c(26): Warning -26000: Empty or no response for URL="http://localhost:8089/manager/status"  	[MsgId: MWAR-26000]
Action.c(26): Error -26377: No match found for the requested parameter "Free memory". Check whether the requested boundaries exist in the response data. Also, if the data you want to save exceeds 256 bytes, use web_set_max_html_param_len to increase the parameter size  	[MsgId: MERR-26377]
Action.c(26): Error -26377: No match found for the requested parameter "Total memory". Check whether the requested boundaries exist in the response data. Also, if the data you want to save exceeds 256 bytes, use web_set_max_html_param_len to increase the parameter size  	[MsgId: MERR-26377]
Action.c(26): Error -26377: No match found for the requested parameter "Max memory". Check whether the requested boundaries exist in the response data. Also, if the data you want to save exceeds 256 bytes, use web_set_max_html_param_len to increase the parameter size  	[MsgId: MERR-26377]
Action.c(26): Error -26374: The above "not found" error(s) may be explained by header and body byte counts being 0 and 0, respectively.  	[MsgId: MERR-26374]
End auto log messages stack.	[MsgId: MMSG-10544]


Start auto log messages stack - Iteration 803.	[MsgId: MMSG-10545]
Starting action Action.	[MsgId: MMSG-15919]
Action.c(9): web_set_user was successful  	[MsgId: MMSG-26392]
Action.c(11): Registering web_reg_save_param was successful  	[MsgId: MMSG-26390]
Action.c(16): Registering web_reg_save_param was successful  	[MsgId: MMSG-26390]
Action.c(21): Registering web_reg_save_param was successful  	[MsgId: MMSG-26390]
Action.c(26): Error -27796: Failed to connect to server "localhost:8089": [10061] Connection refused  	[MsgId: MERR-27796]
End auto log messages stack.	[MsgId: MMSG-10544]


Start auto log messages stack - Iteration 803.	[MsgId: MMSG-10545]
Action.c(26): Warning -26000: Empty or no response for URL="http://localhost:8089/manager/status"  	[MsgId: MWAR-26000]
Action.c(26): Error -26377: No match found for the requested parameter "Free memory". Check whether the requested boundaries exist in the response data. Also, if the data you want to save exceeds 256 bytes, use web_set_max_html_param_len to increase the parameter size  	[MsgId: MERR-26377]
Action.c(26): Error -26377: No match found for the requested parameter "Total memory". Check whether the requested boundaries exist in the response data. Also, if the data you want to save exceeds 256 bytes, use web_set_max_html_param_len to increase the parameter size  	[MsgId: MERR-26377]
Action.c(26): Error -26377: No match found for the requested parameter "Max memory". Check whether the requested boundaries exist in the response data. Also, if the data you want to save exceeds 256 bytes, use web_set_max_html_param_len to increase the parameter size  	[MsgId: MERR-26377]
Action.c(26): Error -26374: The above "not found" error(s) may be explained by header and body byte counts being 0 and 0, respectively.  	[MsgId: MERR-26374]
End auto log messages stack.	[MsgId: MMSG-10544]


Start auto log messages stack - Iteration 804.	[MsgId: MMSG-10545]
Starting action Action.	[MsgId: MMSG-15919]
Action.c(9): web_set_user was successful  	[MsgId: MMSG-26392]
Action.c(11): Registering web_reg_save_param was successful  	[MsgId: MMSG-26390]
Action.c(16): Registering web_reg_save_param was successful  	[MsgId: MMSG-26390]
Action.c(21): Registering web_reg_save_param was successful  	[MsgId: MMSG-26390]
Action.c(26): Error -27796: Failed to connect to server "localhost:8089": [10061] Connection refused  	[MsgId: MERR-27796]
End auto log messages stack.	[MsgId: MMSG-10544]


Start auto log messages stack - Iteration 804.	[MsgId: MMSG-10545]
Action.c(26): Warning -26000: Empty or no response for URL="http://localhost:8089/manager/status"  	[MsgId: MWAR-26000]
Action.c(26): Error -26377: No match found for the requested parameter "Free memory". Check whether the requested boundaries exist in the response data. Also, if the data you want to save exceeds 256 bytes, use web_set_max_html_param_len to increase the parameter size  	[MsgId: MERR-26377]
Action.c(26): Error -26377: No match found for the requested parameter "Total memory". Check whether the requested boundaries exist in the response data. Also, if the data you want to save exceeds 256 bytes, use web_set_max_html_param_len to increase the parameter size  	[MsgId: MERR-26377]
Action.c(26): Error -26377: No match found for the requested parameter "Max memory". Check whether the requested boundaries exist in the response data. Also, if the data you want to save exceeds 256 bytes, use web_set_max_html_param_len to increase the parameter size  	[MsgId: MERR-26377]
Action.c(26): Error -26374: The above "not found" error(s) may be explained by header and body byte counts being 0 and 0, respectively.  	[MsgId: MERR-26374]
End auto log messages stack.	[MsgId: MMSG-10544]


Start auto log messages stack - Iteration 805.	[MsgId: MMSG-10545]
Starting action Action.	[MsgId: MMSG-15919]
Action.c(9): web_set_user was successful  	[MsgId: MMSG-26392]
Action.c(11): Registering web_reg_save_param was successful  	[MsgId: MMSG-26390]
Action.c(16): Registering web_reg_save_param was successful  	[MsgId: MMSG-26390]
Action.c(21): Registering web_reg_save_param was successful  	[MsgId: MMSG-26390]
Action.c(26): Error -27796: Failed to connect to server "localhost:8089": [10061] Connection refused  	[MsgId: MERR-27796]
End auto log messages stack.	[MsgId: MMSG-10544]


Start auto log messages stack - Iteration 805.	[MsgId: MMSG-10545]
Action.c(26): Warning -26000: Empty or no response for URL="http://localhost:8089/manager/status"  	[MsgId: MWAR-26000]
Action.c(26): Error -26377: No match found for the requested parameter "Free memory". Check whether the requested boundaries exist in the response data. Also, if the data you want to save exceeds 256 bytes, use web_set_max_html_param_len to increase the parameter size  	[MsgId: MERR-26377]
Action.c(26): Error -26377: No match found for the requested parameter "Total memory". Check whether the requested boundaries exist in the response data. Also, if the data you want to save exceeds 256 bytes, use web_set_max_html_param_len to increase the parameter size  	[MsgId: MERR-26377]
Action.c(26): Error -26377: No match found for the requested parameter "Max memory". Check whether the requested boundaries exist in the response data. Also, if the data you want to save exceeds 256 bytes, use web_set_max_html_param_len to increase the parameter size  	[MsgId: MERR-26377]
Action.c(26): Error -26374: The above "not found" error(s) may be explained by header and body byte counts being 0 and 0, respectively.  	[MsgId: MERR-26374]
End auto log messages stack.	[MsgId: MMSG-10544]


Start auto log messages stack - Iteration 806.	[MsgId: MMSG-10545]
Starting action Action.	[MsgId: MMSG-15919]
Action.c(9): web_set_user was successful  	[MsgId: MMSG-26392]
Action.c(11): Registering web_reg_save_param was successful  	[MsgId: MMSG-26390]
Action.c(16): Registering web_reg_save_param was successful  	[MsgId: MMSG-26390]
Action.c(21): Registering web_reg_save_param was successful  	[MsgId: MMSG-26390]
Action.c(26): Error -27796: Failed to connect to server "localhost:8089": [10061] Connection refused  	[MsgId: MERR-27796]
End auto log messages stack.	[MsgId: MMSG-10544]


Start auto log messages stack - Iteration 806.	[MsgId: MMSG-10545]
Action.c(26): Warning -26000: Empty or no response for URL="http://localhost:8089/manager/status"  	[MsgId: MWAR-26000]
Action.c(26): Error -26377: No match found for the requested parameter "Free memory". Check whether the requested boundaries exist in the response data. Also, if the data you want to save exceeds 256 bytes, use web_set_max_html_param_len to increase the parameter size  	[MsgId: MERR-26377]
Action.c(26): Error -26377: No match found for the requested parameter "Total memory". Check whether the requested boundaries exist in the response data. Also, if the data you want to save exceeds 256 bytes, use web_set_max_html_param_len to increase the parameter size  	[MsgId: MERR-26377]
Action.c(26): Error -26377: No match found for the requested parameter "Max memory". Check whether the requested boundaries exist in the response data. Also, if the data you want to save exceeds 256 bytes, use web_set_max_html_param_len to increase the parameter size  	[MsgId: MERR-26377]
Action.c(26): Error -26374: The above "not found" error(s) may be explained by header and body byte counts being 0 and 0, respectively.  	[MsgId: MERR-26374]
End auto log messages stack.	[MsgId: MMSG-10544]


Start auto log messages stack - Iteration 807.	[MsgId: MMSG-10545]
Starting action Action.	[MsgId: MMSG-15919]
Action.c(9): web_set_user was successful  	[MsgId: MMSG-26392]
Action.c(11): Registering web_reg_save_param was successful  	[MsgId: MMSG-26390]
Action.c(16): Registering web_reg_save_param was successful  	[MsgId: MMSG-26390]
Action.c(21): Registering web_reg_save_param was successful  	[MsgId: MMSG-26390]
Action.c(26): Error -27796: Failed to connect to server "localhost:8089": [10061] Connection refused  	[MsgId: MERR-27796]
End auto log messages stack.	[MsgId: MMSG-10544]


Start auto log messages stack - Iteration 807.	[MsgId: MMSG-10545]
Action.c(26): Warning -26000: Empty or no response for URL="http://localhost:8089/manager/status"  	[MsgId: MWAR-26000]
Action.c(26): Error -26377: No match found for the requested parameter "Free memory". Check whether the requested boundaries exist in the response data. Also, if the data you want to save exceeds 256 bytes, use web_set_max_html_param_len to increase the parameter size  	[MsgId: MERR-26377]
Action.c(26): Error -26377: No match found for the requested parameter "Total memory". Check whether the requested boundaries exist in the response data. Also, if the data you want to save exceeds 256 bytes, use web_set_max_html_param_len to increase the parameter size  	[MsgId: MERR-26377]
Action.c(26): Error -26377: No match found for the requested parameter "Max memory". Check whether the requested boundaries exist in the response data. Also, if the data you want to save exceeds 256 bytes, use web_set_max_html_param_len to increase the parameter size  	[MsgId: MERR-26377]
Action.c(26): Error -26374: The above "not found" error(s) may be explained by header and body byte counts being 0 and 0, respectively.  	[MsgId: MERR-26374]
End auto log messages stack.	[MsgId: MMSG-10544]


Start auto log messages stack - Iteration 808.	[MsgId: MMSG-10545]
Starting action Action.	[MsgId: MMSG-15919]
Action.c(9): web_set_user was successful  	[MsgId: MMSG-26392]
Action.c(11): Registering web_reg_save_param was successful  	[MsgId: MMSG-26390]
Action.c(16): Registering web_reg_save_param was successful  	[MsgId: MMSG-26390]
Action.c(21): Registering web_reg_save_param was successful  	[MsgId: MMSG-26390]
Action.c(26): Error -27796: Failed to connect to server "localhost:8089": [10061] Connection refused  	[MsgId: MERR-27796]
End auto log messages stack.	[MsgId: MMSG-10544]


Start auto log messages stack - Iteration 808.	[MsgId: MMSG-10545]
Action.c(26): Warning -26000: Empty or no response for URL="http://localhost:8089/manager/status"  	[MsgId: MWAR-26000]
Action.c(26): Error -26377: No match found for the requested parameter "Free memory". Check whether the requested boundaries exist in the response data. Also, if the data you want to save exceeds 256 bytes, use web_set_max_html_param_len to increase the parameter size  	[MsgId: MERR-26377]
Action.c(26): Error -26377: No match found for the requested parameter "Total memory". Check whether the requested boundaries exist in the response data. Also, if the data you want to save exceeds 256 bytes, use web_set_max_html_param_len to increase the parameter size  	[MsgId: MERR-26377]
Action.c(26): Error -26377: No match found for the requested parameter "Max memory". Check whether the requested boundaries exist in the response data. Also, if the data you want to save exceeds 256 bytes, use web_set_max_html_param_len to increase the parameter size  	[MsgId: MERR-26377]
Action.c(26): Error -26374: The above "not found" error(s) may be explained by header and body byte counts being 0 and 0, respectively.  	[MsgId: MERR-26374]
End auto log messages stack.	[MsgId: MMSG-10544]


Start auto log messages stack - Iteration 809.	[MsgId: MMSG-10545]
Starting action Action.	[MsgId: MMSG-15919]
Action.c(9): web_set_user was successful  	[MsgId: MMSG-26392]
Action.c(11): Registering web_reg_save_param was successful  	[MsgId: MMSG-26390]
Action.c(16): Registering web_reg_save_param was successful  	[MsgId: MMSG-26390]
Action.c(21): Registering web_reg_save_param was successful  	[MsgId: MMSG-26390]
Action.c(26): Error -27796: Failed to connect to server "localhost:8089": [10061] Connection refused  	[MsgId: MERR-27796]
End auto log messages stack.	[MsgId: MMSG-10544]


Start auto log messages stack - Iteration 809.	[MsgId: MMSG-10545]
Action.c(26): Warning -26000: Empty or no response for URL="http://localhost:8089/manager/status"  	[MsgId: MWAR-26000]
Action.c(26): Error -26377: No match found for the requested parameter "Free memory". Check whether the requested boundaries exist in the response data. Also, if the data you want to save exceeds 256 bytes, use web_set_max_html_param_len to increase the parameter size  	[MsgId: MERR-26377]
Action.c(26): Error -26377: No match found for the requested parameter "Total memory". Check whether the requested boundaries exist in the response data. Also, if the data you want to save exceeds 256 bytes, use web_set_max_html_param_len to increase the parameter size  	[MsgId: MERR-26377]
Action.c(26): Error -26377: No match found for the requested parameter "Max memory". Check whether the requested boundaries exist in the response data. Also, if the data you want to save exceeds 256 bytes, use web_set_max_html_param_len to increase the parameter size  	[MsgId: MERR-26377]
Action.c(26): Error -26374: The above "not found" error(s) may be explained by header and body byte counts being 0 and 0, respectively.  	[MsgId: MERR-26374]
End auto log messages stack.	[MsgId: MMSG-10544]


Start auto log messages stack - Iteration 810.	[MsgId: MMSG-10545]
Starting action Action.	[MsgId: MMSG-15919]
Action.c(9): web_set_user was successful  	[MsgId: MMSG-26392]
Action.c(11): Registering web_reg_save_param was successful  	[MsgId: MMSG-26390]
Action.c(16): Registering web_reg_save_param was successful  	[MsgId: MMSG-26390]
Action.c(21): Registering web_reg_save_param was successful  	[MsgId: MMSG-26390]
Action.c(26): Error -27796: Failed to connect to server "localhost:8089": [10061] Connection refused  	[MsgId: MERR-27796]
End auto log messages stack.	[MsgId: MMSG-10544]


Start auto log messages stack - Iteration 810.	[MsgId: MMSG-10545]
Action.c(26): Warning -26000: Empty or no response for URL="http://localhost:8089/manager/status"  	[MsgId: MWAR-26000]
Action.c(26): Error -26377: No match found for the requested parameter "Free memory". Check whether the requested boundaries exist in the response data. Also, if the data you want to save exceeds 256 bytes, use web_set_max_html_param_len to increase the parameter size  	[MsgId: MERR-26377]
Action.c(26): Error -26377: No match found for the requested parameter "Total memory". Check whether the requested boundaries exist in the response data. Also, if the data you want to save exceeds 256 bytes, use web_set_max_html_param_len to increase the parameter size  	[MsgId: MERR-26377]
Action.c(26): Error -26377: No match found for the requested parameter "Max memory". Check whether the requested boundaries exist in the response data. Also, if the data you want to save exceeds 256 bytes, use web_set_max_html_param_len to increase the parameter size  	[MsgId: MERR-26377]
Action.c(26): Error -26374: The above "not found" error(s) may be explained by header and body byte counts being 0 and 0, respectively.  	[MsgId: MERR-26374]
End auto log messages stack.	[MsgId: MMSG-10544]


Start auto log messages stack - Iteration 811.	[MsgId: MMSG-10545]
Starting action Action.	[MsgId: MMSG-15919]
Action.c(9): web_set_user was successful  	[MsgId: MMSG-26392]
Action.c(11): Registering web_reg_save_param was successful  	[MsgId: MMSG-26390]
Action.c(16): Registering web_reg_save_param was successful  	[MsgId: MMSG-26390]
Action.c(21): Registering web_reg_save_param was successful  	[MsgId: MMSG-26390]
Action.c(26): Error -27796: Failed to connect to server "localhost:8089": [10061] Connection refused  	[MsgId: MERR-27796]
End auto log messages stack.	[MsgId: MMSG-10544]


Start auto log messages stack - Iteration 811.	[MsgId: MMSG-10545]
Action.c(26): Warning -26000: Empty or no response for URL="http://localhost:8089/manager/status"  	[MsgId: MWAR-26000]
Action.c(26): Error -26377: No match found for the requested parameter "Free memory". Check whether the requested boundaries exist in the response data. Also, if the data you want to save exceeds 256 bytes, use web_set_max_html_param_len to increase the parameter size  	[MsgId: MERR-26377]
Action.c(26): Error -26377: No match found for the requested parameter "Total memory". Check whether the requested boundaries exist in the response data. Also, if the data you want to save exceeds 256 bytes, use web_set_max_html_param_len to increase the parameter size  	[MsgId: MERR-26377]
Action.c(26): Error -26377: No match found for the requested parameter "Max memory". Check whether the requested boundaries exist in the response data. Also, if the data you want to save exceeds 256 bytes, use web_set_max_html_param_len to increase the parameter size  	[MsgId: MERR-26377]
Action.c(26): Error -26374: The above "not found" error(s) may be explained by header and body byte counts being 0 and 0, respectively.  	[MsgId: MERR-26374]
End auto log messages stack.	[MsgId: MMSG-10544]


Start auto log messages stack - Iteration 812.	[MsgId: MMSG-10545]
Starting action Action.	[MsgId: MMSG-15919]
Action.c(9): web_set_user was successful  	[MsgId: MMSG-26392]
Action.c(11): Registering web_reg_save_param was successful  	[MsgId: MMSG-26390]
Action.c(16): Registering web_reg_save_param was successful  	[MsgId: MMSG-26390]
Action.c(21): Registering web_reg_save_param was successful  	[MsgId: MMSG-26390]
Action.c(26): Error -27796: Failed to connect to server "localhost:8089": [10061] Connection refused  	[MsgId: MERR-27796]
End auto log messages stack.	[MsgId: MMSG-10544]


Start auto log messages stack - Iteration 812.	[MsgId: MMSG-10545]
Action.c(26): Warning -26000: Empty or no response for URL="http://localhost:8089/manager/status"  	[MsgId: MWAR-26000]
Action.c(26): Error -26377: No match found for the requested parameter "Free memory". Check whether the requested boundaries exist in the response data. Also, if the data you want to save exceeds 256 bytes, use web_set_max_html_param_len to increase the parameter size  	[MsgId: MERR-26377]
Action.c(26): Error -26377: No match found for the requested parameter "Total memory". Check whether the requested boundaries exist in the response data. Also, if the data you want to save exceeds 256 bytes, use web_set_max_html_param_len to increase the parameter size  	[MsgId: MERR-26377]
Action.c(26): Error -26377: No match found for the requested parameter "Max memory". Check whether the requested boundaries exist in the response data. Also, if the data you want to save exceeds 256 bytes, use web_set_max_html_param_len to increase the parameter size  	[MsgId: MERR-26377]
Action.c(26): Error -26374: The above "not found" error(s) may be explained by header and body byte counts being 0 and 0, respectively.  	[MsgId: MERR-26374]
End auto log messages stack.	[MsgId: MMSG-10544]


Start auto log messages stack - Iteration 813.	[MsgId: MMSG-10545]
Starting action Action.	[MsgId: MMSG-15919]
Action.c(9): web_set_user was successful  	[MsgId: MMSG-26392]
Action.c(11): Registering web_reg_save_param was successful  	[MsgId: MMSG-26390]
Action.c(16): Registering web_reg_save_param was successful  	[MsgId: MMSG-26390]
Action.c(21): Registering web_reg_save_param was successful  	[MsgId: MMSG-26390]
Action.c(26): Error -27796: Failed to connect to server "localhost:8089": [10061] Connection refused  	[MsgId: MERR-27796]
End auto log messages stack.	[MsgId: MMSG-10544]


Start auto log messages stack - Iteration 813.	[MsgId: MMSG-10545]
Action.c(26): Warning -26000: Empty or no response for URL="http://localhost:8089/manager/status"  	[MsgId: MWAR-26000]
Action.c(26): Error -26377: No match found for the requested parameter "Free memory". Check whether the requested boundaries exist in the response data. Also, if the data you want to save exceeds 256 bytes, use web_set_max_html_param_len to increase the parameter size  	[MsgId: MERR-26377]
Action.c(26): Error -26377: No match found for the requested parameter "Total memory". Check whether the requested boundaries exist in the response data. Also, if the data you want to save exceeds 256 bytes, use web_set_max_html_param_len to increase the parameter size  	[MsgId: MERR-26377]
Action.c(26): Error -26377: No match found for the requested parameter "Max memory". Check whether the requested boundaries exist in the response data. Also, if the data you want to save exceeds 256 bytes, use web_set_max_html_param_len to increase the parameter size  	[MsgId: MERR-26377]
Action.c(26): Error -26374: The above "not found" error(s) may be explained by header and body byte counts being 0 and 0, respectively.  	[MsgId: MERR-26374]
End auto log messages stack.	[MsgId: MMSG-10544]


Start auto log messages stack - Iteration 814.	[MsgId: MMSG-10545]
Starting action Action.	[MsgId: MMSG-15919]
Action.c(9): web_set_user was successful  	[MsgId: MMSG-26392]
Action.c(11): Registering web_reg_save_param was successful  	[MsgId: MMSG-26390]
Action.c(16): Registering web_reg_save_param was successful  	[MsgId: MMSG-26390]
Action.c(21): Registering web_reg_save_param was successful  	[MsgId: MMSG-26390]
Action.c(26): Error -27796: Failed to connect to server "localhost:8089": [10061] Connection refused  	[MsgId: MERR-27796]
End auto log messages stack.	[MsgId: MMSG-10544]


Start auto log messages stack - Iteration 814.	[MsgId: MMSG-10545]
Action.c(26): Warning -26000: Empty or no response for URL="http://localhost:8089/manager/status"  	[MsgId: MWAR-26000]
Action.c(26): Error -26377: No match found for the requested parameter "Free memory". Check whether the requested boundaries exist in the response data. Also, if the data you want to save exceeds 256 bytes, use web_set_max_html_param_len to increase the parameter size  	[MsgId: MERR-26377]
Action.c(26): Error -26377: No match found for the requested parameter "Total memory". Check whether the requested boundaries exist in the response data. Also, if the data you want to save exceeds 256 bytes, use web_set_max_html_param_len to increase the parameter size  	[MsgId: MERR-26377]
Action.c(26): Error -26377: No match found for the requested parameter "Max memory". Check whether the requested boundaries exist in the response data. Also, if the data you want to save exceeds 256 bytes, use web_set_max_html_param_len to increase the parameter size  	[MsgId: MERR-26377]
Action.c(26): Error -26374: The above "not found" error(s) may be explained by header and body byte counts being 0 and 0, respectively.  	[MsgId: MERR-26374]
End auto log messages stack.	[MsgId: MMSG-10544]


Start auto log messages stack - Iteration 815.	[MsgId: MMSG-10545]
Starting action Action.	[MsgId: MMSG-15919]
Action.c(9): web_set_user was successful  	[MsgId: MMSG-26392]
Action.c(11): Registering web_reg_save_param was successful  	[MsgId: MMSG-26390]
Action.c(16): Registering web_reg_save_param was successful  	[MsgId: MMSG-26390]
Action.c(21): Registering web_reg_save_param was successful  	[MsgId: MMSG-26390]
Action.c(26): Error -27796: Failed to connect to server "localhost:8089": [10061] Connection refused  	[MsgId: MERR-27796]
End auto log messages stack.	[MsgId: MMSG-10544]


Start auto log messages stack - Iteration 815.	[MsgId: MMSG-10545]
Action.c(26): Warning -26000: Empty or no response for URL="http://localhost:8089/manager/status"  	[MsgId: MWAR-26000]
Action.c(26): Error -26377: No match found for the requested parameter "Free memory". Check whether the requested boundaries exist in the response data. Also, if the data you want to save exceeds 256 bytes, use web_set_max_html_param_len to increase the parameter size  	[MsgId: MERR-26377]
Action.c(26): Error -26377: No match found for the requested parameter "Total memory". Check whether the requested boundaries exist in the response data. Also, if the data you want to save exceeds 256 bytes, use web_set_max_html_param_len to increase the parameter size  	[MsgId: MERR-26377]
Action.c(26): Error -26377: No match found for the requested parameter "Max memory". Check whether the requested boundaries exist in the response data. Also, if the data you want to save exceeds 256 bytes, use web_set_max_html_param_len to increase the parameter size  	[MsgId: MERR-26377]
Action.c(26): Error -26374: The above "not found" error(s) may be explained by header and body byte counts being 0 and 0, respectively.  	[MsgId: MERR-26374]
End auto log messages stack.	[MsgId: MMSG-10544]


Start auto log messages stack - Iteration 816.	[MsgId: MMSG-10545]
Starting action Action.	[MsgId: MMSG-15919]
Action.c(9): web_set_user was successful  	[MsgId: MMSG-26392]
Action.c(11): Registering web_reg_save_param was successful  	[MsgId: MMSG-26390]
Action.c(16): Registering web_reg_save_param was successful  	[MsgId: MMSG-26390]
Action.c(21): Registering web_reg_save_param was successful  	[MsgId: MMSG-26390]
Action.c(26): Error -27796: Failed to connect to server "localhost:8089": [10061] Connection refused  	[MsgId: MERR-27796]
End auto log messages stack.	[MsgId: MMSG-10544]


Start auto log messages stack - Iteration 816.	[MsgId: MMSG-10545]
Action.c(26): Warning -26000: Empty or no response for URL="http://localhost:8089/manager/status"  	[MsgId: MWAR-26000]
Action.c(26): Error -26377: No match found for the requested parameter "Free memory". Check whether the requested boundaries exist in the response data. Also, if the data you want to save exceeds 256 bytes, use web_set_max_html_param_len to increase the parameter size  	[MsgId: MERR-26377]
Action.c(26): Error -26377: No match found for the requested parameter "Total memory". Check whether the requested boundaries exist in the response data. Also, if the data you want to save exceeds 256 bytes, use web_set_max_html_param_len to increase the parameter size  	[MsgId: MERR-26377]
Action.c(26): Error -26377: No match found for the requested parameter "Max memory". Check whether the requested boundaries exist in the response data. Also, if the data you want to save exceeds 256 bytes, use web_set_max_html_param_len to increase the parameter size  	[MsgId: MERR-26377]
Action.c(26): Error -26374: The above "not found" error(s) may be explained by header and body byte counts being 0 and 0, respectively.  	[MsgId: MERR-26374]
End auto log messages stack.	[MsgId: MMSG-10544]


Start auto log messages stack - Iteration 817.	[MsgId: MMSG-10545]
Starting action Action.	[MsgId: MMSG-15919]
Action.c(9): web_set_user was successful  	[MsgId: MMSG-26392]
Action.c(11): Registering web_reg_save_param was successful  	[MsgId: MMSG-26390]
Action.c(16): Registering web_reg_save_param was successful  	[MsgId: MMSG-26390]
Action.c(21): Registering web_reg_save_param was successful  	[MsgId: MMSG-26390]
Action.c(26): Error -27796: Failed to connect to server "localhost:8089": [10061] Connection refused  	[MsgId: MERR-27796]
End auto log messages stack.	[MsgId: MMSG-10544]


Start auto log messages stack - Iteration 817.	[MsgId: MMSG-10545]
Action.c(26): Warning -26000: Empty or no response for URL="http://localhost:8089/manager/status"  	[MsgId: MWAR-26000]
Action.c(26): Error -26377: No match found for the requested parameter "Free memory". Check whether the requested boundaries exist in the response data. Also, if the data you want to save exceeds 256 bytes, use web_set_max_html_param_len to increase the parameter size  	[MsgId: MERR-26377]
Action.c(26): Error -26377: No match found for the requested parameter "Total memory". Check whether the requested boundaries exist in the response data. Also, if the data you want to save exceeds 256 bytes, use web_set_max_html_param_len to increase the parameter size  	[MsgId: MERR-26377]
Action.c(26): Error -26377: No match found for the requested parameter "Max memory". Check whether the requested boundaries exist in the response data. Also, if the data you want to save exceeds 256 bytes, use web_set_max_html_param_len to increase the parameter size  	[MsgId: MERR-26377]
Action.c(26): Error -26374: The above "not found" error(s) may be explained by header and body byte counts being 0 and 0, respectively.  	[MsgId: MERR-26374]
End auto log messages stack.	[MsgId: MMSG-10544]


Start auto log messages stack - Iteration 818.	[MsgId: MMSG-10545]
Starting action Action.	[MsgId: MMSG-15919]
Action.c(9): web_set_user was successful  	[MsgId: MMSG-26392]
Action.c(11): Registering web_reg_save_param was successful  	[MsgId: MMSG-26390]
Action.c(16): Registering web_reg_save_param was successful  	[MsgId: MMSG-26390]
Action.c(21): Registering web_reg_save_param was successful  	[MsgId: MMSG-26390]
Action.c(26): Error -27796: Failed to connect to server "localhost:8089": [10061] Connection refused  	[MsgId: MERR-27796]
End auto log messages stack.	[MsgId: MMSG-10544]


Start auto log messages stack - Iteration 818.	[MsgId: MMSG-10545]
Action.c(26): Warning -26000: Empty or no response for URL="http://localhost:8089/manager/status"  	[MsgId: MWAR-26000]
Action.c(26): Error -26377: No match found for the requested parameter "Free memory". Check whether the requested boundaries exist in the response data. Also, if the data you want to save exceeds 256 bytes, use web_set_max_html_param_len to increase the parameter size  	[MsgId: MERR-26377]
Action.c(26): Error -26377: No match found for the requested parameter "Total memory". Check whether the requested boundaries exist in the response data. Also, if the data you want to save exceeds 256 bytes, use web_set_max_html_param_len to increase the parameter size  	[MsgId: MERR-26377]
Action.c(26): Error -26377: No match found for the requested parameter "Max memory". Check whether the requested boundaries exist in the response data. Also, if the data you want to save exceeds 256 bytes, use web_set_max_html_param_len to increase the parameter size  	[MsgId: MERR-26377]
Action.c(26): Error -26374: The above "not found" error(s) may be explained by header and body byte counts being 0 and 0, respectively.  	[MsgId: MERR-26374]
End auto log messages stack.	[MsgId: MMSG-10544]


Start auto log messages stack - Iteration 819.	[MsgId: MMSG-10545]
Starting action Action.	[MsgId: MMSG-15919]
Action.c(9): web_set_user was successful  	[MsgId: MMSG-26392]
Action.c(11): Registering web_reg_save_param was successful  	[MsgId: MMSG-26390]
Action.c(16): Registering web_reg_save_param was successful  	[MsgId: MMSG-26390]
Action.c(21): Registering web_reg_save_param was successful  	[MsgId: MMSG-26390]
Action.c(26): Error -27796: Failed to connect to server "localhost:8089": [10061] Connection refused  	[MsgId: MERR-27796]
End auto log messages stack.	[MsgId: MMSG-10544]


Start auto log messages stack - Iteration 819.	[MsgId: MMSG-10545]
Action.c(26): Warning -26000: Empty or no response for URL="http://localhost:8089/manager/status"  	[MsgId: MWAR-26000]
Action.c(26): Error -26377: No match found for the requested parameter "Free memory". Check whether the requested boundaries exist in the response data. Also, if the data you want to save exceeds 256 bytes, use web_set_max_html_param_len to increase the parameter size  	[MsgId: MERR-26377]
Action.c(26): Error -26377: No match found for the requested parameter "Total memory". Check whether the requested boundaries exist in the response data. Also, if the data you want to save exceeds 256 bytes, use web_set_max_html_param_len to increase the parameter size  	[MsgId: MERR-26377]
Action.c(26): Error -26377: No match found for the requested parameter "Max memory". Check whether the requested boundaries exist in the response data. Also, if the data you want to save exceeds 256 bytes, use web_set_max_html_param_len to increase the parameter size  	[MsgId: MERR-26377]
Action.c(26): Error -26374: The above "not found" error(s) may be explained by header and body byte counts being 0 and 0, respectively.  	[MsgId: MERR-26374]
End auto log messages stack.	[MsgId: MMSG-10544]


