Start auto log messages stack - Iteration 1.	[MsgId: MMSG-10545]
Starting action Action.	[MsgId: MMSG-15919]
Action.c(9): web_set_user was successful  	[MsgId: MMSG-26392]
Action.c(11): Registering web_reg_save_param was successful  	[MsgId: MMSG-26390]
Action.c(16): Registering web_reg_save_param was successful  	[MsgId: MMSG-26390]
Action.c(21): Registering web_reg_save_param was successful  	[MsgId: MMSG-26390]
Action.c(26): Error -26612: HTTP Status-Code=500 (Internal Server Error) for "http://localhost:8089/manager/status"  	[MsgId: MERR-26612]
Action.c(26): Error -26377: No match found for the requested parameter "Free memory". Check whether the requested boundaries exist in the response data. Also, if the data you want to save exceeds 256 bytes, use web_set_max_html_param_len to increase the parameter size  	[MsgId: MERR-26377]
Action.c(26): Error -26377: No match found for the requested parameter "Total memory". Check whether the requested boundaries exist in the response data. Also, if the data you want to save exceeds 256 bytes, use web_set_max_html_param_len to increase the parameter size  	[MsgId: MERR-26377]
Action.c(26): Error -26377: No match found for the requested parameter "Max memory". Check whether the requested boundaries exist in the response data. Also, if the data you want to save exceeds 256 bytes, use web_set_max_html_param_len to increase the parameter size  	[MsgId: MERR-26377]
End auto log messages stack.	[MsgId: MMSG-10544]


Start auto log messages stack - Iteration 2.	[MsgId: MMSG-10545]
Starting action Action.	[MsgId: MMSG-15919]
Action.c(9): web_set_user was successful  	[MsgId: MMSG-26392]
Action.c(11): Registering web_reg_save_param was successful  	[MsgId: MMSG-26390]
Action.c(16): Registering web_reg_save_param was successful  	[MsgId: MMSG-26390]
Action.c(21): Registering web_reg_save_param was successful  	[MsgId: MMSG-26390]
Action.c(26): Error -26612: HTTP Status-Code=500 (Internal Server Error) for "http://localhost:8089/manager/status"  	[MsgId: MERR-26612]
Action.c(26): Error -26377: No match found for the requested parameter "Free memory". Check whether the requested boundaries exist in the response data. Also, if the data you want to save exceeds 256 bytes, use web_set_max_html_param_len to increase the parameter size  	[MsgId: MERR-26377]
Action.c(26): Error -26377: No match found for the requested parameter "Total memory". Check whether the requested boundaries exist in the response data. Also, if the data you want to save exceeds 256 bytes, use web_set_max_html_param_len to increase the parameter size  	[MsgId: MERR-26377]
Action.c(26): Error -26377: No match found for the requested parameter "Max memory". Check whether the requested boundaries exist in the response data. Also, if the data you want to save exceeds 256 bytes, use web_set_max_html_param_len to increase the parameter size  	[MsgId: MERR-26377]
End auto log messages stack.	[MsgId: MMSG-10544]


Start auto log messages stack - Iteration 3.	[MsgId: MMSG-10545]
Starting action Action.	[MsgId: MMSG-15919]
Action.c(9): web_set_user was successful  	[MsgId: MMSG-26392]
Action.c(11): Registering web_reg_save_param was successful  	[MsgId: MMSG-26390]
Action.c(16): Registering web_reg_save_param was successful  	[MsgId: MMSG-26390]
Action.c(21): Registering web_reg_save_param was successful  	[MsgId: MMSG-26390]
Action.c(26): Error -26612: HTTP Status-Code=500 (Internal Server Error) for "http://localhost:8089/manager/status"  	[MsgId: MERR-26612]
Action.c(26): Error -26377: No match found for the requested parameter "Free memory". Check whether the requested boundaries exist in the response data. Also, if the data you want to save exceeds 256 bytes, use web_set_max_html_param_len to increase the parameter size  	[MsgId: MERR-26377]
Action.c(26): Error -26377: No match found for the requested parameter "Total memory". Check whether the requested boundaries exist in the response data. Also, if the data you want to save exceeds 256 bytes, use web_set_max_html_param_len to increase the parameter size  	[MsgId: MERR-26377]
Action.c(26): Error -26377: No match found for the requested parameter "Max memory". Check whether the requested boundaries exist in the response data. Also, if the data you want to save exceeds 256 bytes, use web_set_max_html_param_len to increase the parameter size  	[MsgId: MERR-26377]
End auto log messages stack.	[MsgId: MMSG-10544]


Start auto log messages stack - Iteration 4.	[MsgId: MMSG-10545]
Starting action Action.	[MsgId: MMSG-15919]
Action.c(9): web_set_user was successful  	[MsgId: MMSG-26392]
Action.c(11): Registering web_reg_save_param was successful  	[MsgId: MMSG-26390]
Action.c(16): Registering web_reg_save_param was successful  	[MsgId: MMSG-26390]
Action.c(21): Registering web_reg_save_param was successful  	[MsgId: MMSG-26390]
Action.c(26): Error -26612: HTTP Status-Code=500 (Internal Server Error) for "http://localhost:8089/manager/status"  	[MsgId: MERR-26612]
Action.c(26): Error -26377: No match found for the requested parameter "Free memory". Check whether the requested boundaries exist in the response data. Also, if the data you want to save exceeds 256 bytes, use web_set_max_html_param_len to increase the parameter size  	[MsgId: MERR-26377]
Action.c(26): Error -26377: No match found for the requested parameter "Total memory". Check whether the requested boundaries exist in the response data. Also, if the data you want to save exceeds 256 bytes, use web_set_max_html_param_len to increase the parameter size  	[MsgId: MERR-26377]
Action.c(26): Error -26377: No match found for the requested parameter "Max memory". Check whether the requested boundaries exist in the response data. Also, if the data you want to save exceeds 256 bytes, use web_set_max_html_param_len to increase the parameter size  	[MsgId: MERR-26377]
End auto log messages stack.	[MsgId: MMSG-10544]


Start auto log messages stack - Iteration 5.	[MsgId: MMSG-10545]
Starting action Action.	[MsgId: MMSG-15919]
Action.c(9): web_set_user was successful  	[MsgId: MMSG-26392]
Action.c(11): Registering web_reg_save_param was successful  	[MsgId: MMSG-26390]
Action.c(16): Registering web_reg_save_param was successful  	[MsgId: MMSG-26390]
Action.c(21): Registering web_reg_save_param was successful  	[MsgId: MMSG-26390]
Action.c(26): Error -26612: HTTP Status-Code=500 (Internal Server Error) for "http://localhost:8089/manager/status"  	[MsgId: MERR-26612]
Action.c(26): Error -26377: No match found for the requested parameter "Free memory". Check whether the requested boundaries exist in the response data. Also, if the data you want to save exceeds 256 bytes, use web_set_max_html_param_len to increase the parameter size  	[MsgId: MERR-26377]
Action.c(26): Error -26377: No match found for the requested parameter "Total memory". Check whether the requested boundaries exist in the response data. Also, if the data you want to save exceeds 256 bytes, use web_set_max_html_param_len to increase the parameter size  	[MsgId: MERR-26377]
Action.c(26): Error -26377: No match found for the requested parameter "Max memory". Check whether the requested boundaries exist in the response data. Also, if the data you want to save exceeds 256 bytes, use web_set_max_html_param_len to increase the parameter size  	[MsgId: MERR-26377]
End auto log messages stack.	[MsgId: MMSG-10544]


Start auto log messages stack - Iteration 6.	[MsgId: MMSG-10545]
Starting action Action.	[MsgId: MMSG-15919]
Action.c(9): web_set_user was successful  	[MsgId: MMSG-26392]
Action.c(11): Registering web_reg_save_param was successful  	[MsgId: MMSG-26390]
Action.c(16): Registering web_reg_save_param was successful  	[MsgId: MMSG-26390]
Action.c(21): Registering web_reg_save_param was successful  	[MsgId: MMSG-26390]
Action.c(26): Error -26612: HTTP Status-Code=500 (Internal Server Error) for "http://localhost:8089/manager/status"  	[MsgId: MERR-26612]
Action.c(26): Error -26377: No match found for the requested parameter "Free memory". Check whether the requested boundaries exist in the response data. Also, if the data you want to save exceeds 256 bytes, use web_set_max_html_param_len to increase the parameter size  	[MsgId: MERR-26377]
Action.c(26): Error -26377: No match found for the requested parameter "Total memory". Check whether the requested boundaries exist in the response data. Also, if the data you want to save exceeds 256 bytes, use web_set_max_html_param_len to increase the parameter size  	[MsgId: MERR-26377]
Action.c(26): Error -26377: No match found for the requested parameter "Max memory". Check whether the requested boundaries exist in the response data. Also, if the data you want to save exceeds 256 bytes, use web_set_max_html_param_len to increase the parameter size  	[MsgId: MERR-26377]
End auto log messages stack.	[MsgId: MMSG-10544]


Start auto log messages stack - Iteration 7.	[MsgId: MMSG-10545]
Starting action Action.	[MsgId: MMSG-15919]
Action.c(9): web_set_user was successful  	[MsgId: MMSG-26392]
Action.c(11): Registering web_reg_save_param was successful  	[MsgId: MMSG-26390]
Action.c(16): Registering web_reg_save_param was successful  	[MsgId: MMSG-26390]
Action.c(21): Registering web_reg_save_param was successful  	[MsgId: MMSG-26390]
Action.c(26): Error -26612: HTTP Status-Code=500 (Internal Server Error) for "http://localhost:8089/manager/status"  	[MsgId: MERR-26612]
Action.c(26): Error -26377: No match found for the requested parameter "Free memory". Check whether the requested boundaries exist in the response data. Also, if the data you want to save exceeds 256 bytes, use web_set_max_html_param_len to increase the parameter size  	[MsgId: MERR-26377]
Action.c(26): Error -26377: No match found for the requested parameter "Total memory". Check whether the requested boundaries exist in the response data. Also, if the data you want to save exceeds 256 bytes, use web_set_max_html_param_len to increase the parameter size  	[MsgId: MERR-26377]
Action.c(26): Error -26377: No match found for the requested parameter "Max memory". Check whether the requested boundaries exist in the response data. Also, if the data you want to save exceeds 256 bytes, use web_set_max_html_param_len to increase the parameter size  	[MsgId: MERR-26377]
End auto log messages stack.	[MsgId: MMSG-10544]


Start auto log messages stack - Iteration 8.	[MsgId: MMSG-10545]
Starting action Action.	[MsgId: MMSG-15919]
Action.c(9): web_set_user was successful  	[MsgId: MMSG-26392]
Action.c(11): Registering web_reg_save_param was successful  	[MsgId: MMSG-26390]
Action.c(16): Registering web_reg_save_param was successful  	[MsgId: MMSG-26390]
Action.c(21): Registering web_reg_save_param was successful  	[MsgId: MMSG-26390]
Action.c(26): Error -26612: HTTP Status-Code=500 (Internal Server Error) for "http://localhost:8089/manager/status"  	[MsgId: MERR-26612]
Action.c(26): Error -26377: No match found for the requested parameter "Free memory". Check whether the requested boundaries exist in the response data. Also, if the data you want to save exceeds 256 bytes, use web_set_max_html_param_len to increase the parameter size  	[MsgId: MERR-26377]
Action.c(26): Error -26377: No match found for the requested parameter "Total memory". Check whether the requested boundaries exist in the response data. Also, if the data you want to save exceeds 256 bytes, use web_set_max_html_param_len to increase the parameter size  	[MsgId: MERR-26377]
Action.c(26): Error -26377: No match found for the requested parameter "Max memory". Check whether the requested boundaries exist in the response data. Also, if the data you want to save exceeds 256 bytes, use web_set_max_html_param_len to increase the parameter size  	[MsgId: MERR-26377]
End auto log messages stack.	[MsgId: MMSG-10544]


Start auto log messages stack - Iteration 9.	[MsgId: MMSG-10545]
Starting action Action.	[MsgId: MMSG-15919]
Action.c(9): web_set_user was successful  	[MsgId: MMSG-26392]
Action.c(11): Registering web_reg_save_param was successful  	[MsgId: MMSG-26390]
Action.c(16): Registering web_reg_save_param was successful  	[MsgId: MMSG-26390]
Action.c(21): Registering web_reg_save_param was successful  	[MsgId: MMSG-26390]
Action.c(26): Error -26612: HTTP Status-Code=500 (Internal Server Error) for "http://localhost:8089/manager/status"  	[MsgId: MERR-26612]
Action.c(26): Error -26377: No match found for the requested parameter "Free memory". Check whether the requested boundaries exist in the response data. Also, if the data you want to save exceeds 256 bytes, use web_set_max_html_param_len to increase the parameter size  	[MsgId: MERR-26377]
Action.c(26): Error -26377: No match found for the requested parameter "Total memory". Check whether the requested boundaries exist in the response data. Also, if the data you want to save exceeds 256 bytes, use web_set_max_html_param_len to increase the parameter size  	[MsgId: MERR-26377]
Action.c(26): Error -26377: No match found for the requested parameter "Max memory". Check whether the requested boundaries exist in the response data. Also, if the data you want to save exceeds 256 bytes, use web_set_max_html_param_len to increase the parameter size  	[MsgId: MERR-26377]
End auto log messages stack.	[MsgId: MMSG-10544]


Start auto log messages stack - Iteration 10.	[MsgId: MMSG-10545]
Starting action Action.	[MsgId: MMSG-15919]
Action.c(9): web_set_user was successful  	[MsgId: MMSG-26392]
Action.c(11): Registering web_reg_save_param was successful  	[MsgId: MMSG-26390]
Action.c(16): Registering web_reg_save_param was successful  	[MsgId: MMSG-26390]
Action.c(21): Registering web_reg_save_param was successful  	[MsgId: MMSG-26390]
Action.c(26): Error -26612: HTTP Status-Code=500 (Internal Server Error) for "http://localhost:8089/manager/status"  	[MsgId: MERR-26612]
Action.c(26): Error -26377: No match found for the requested parameter "Free memory". Check whether the requested boundaries exist in the response data. Also, if the data you want to save exceeds 256 bytes, use web_set_max_html_param_len to increase the parameter size  	[MsgId: MERR-26377]
Action.c(26): Error -26377: No match found for the requested parameter "Total memory". Check whether the requested boundaries exist in the response data. Also, if the data you want to save exceeds 256 bytes, use web_set_max_html_param_len to increase the parameter size  	[MsgId: MERR-26377]
Action.c(26): Error -26377: No match found for the requested parameter "Max memory". Check whether the requested boundaries exist in the response data. Also, if the data you want to save exceeds 256 bytes, use web_set_max_html_param_len to increase the parameter size  	[MsgId: MERR-26377]
End auto log messages stack.	[MsgId: MMSG-10544]


Start auto log messages stack - Iteration 11.	[MsgId: MMSG-10545]
Starting action Action.	[MsgId: MMSG-15919]
Action.c(9): web_set_user was successful  	[MsgId: MMSG-26392]
Action.c(11): Registering web_reg_save_param was successful  	[MsgId: MMSG-26390]
Action.c(16): Registering web_reg_save_param was successful  	[MsgId: MMSG-26390]
Action.c(21): Registering web_reg_save_param was successful  	[MsgId: MMSG-26390]
Action.c(26): Error -26612: HTTP Status-Code=500 (Internal Server Error) for "http://localhost:8089/manager/status"  	[MsgId: MERR-26612]
Action.c(26): Error -26377: No match found for the requested parameter "Free memory". Check whether the requested boundaries exist in the response data. Also, if the data you want to save exceeds 256 bytes, use web_set_max_html_param_len to increase the parameter size  	[MsgId: MERR-26377]
Action.c(26): Error -26377: No match found for the requested parameter "Total memory". Check whether the requested boundaries exist in the response data. Also, if the data you want to save exceeds 256 bytes, use web_set_max_html_param_len to increase the parameter size  	[MsgId: MERR-26377]
Action.c(26): Error -26377: No match found for the requested parameter "Max memory". Check whether the requested boundaries exist in the response data. Also, if the data you want to save exceeds 256 bytes, use web_set_max_html_param_len to increase the parameter size  	[MsgId: MERR-26377]
End auto log messages stack.	[MsgId: MMSG-10544]


Start auto log messages stack - Iteration 12.	[MsgId: MMSG-10545]
Starting action Action.	[MsgId: MMSG-15919]
Action.c(9): web_set_user was successful  	[MsgId: MMSG-26392]
Action.c(11): Registering web_reg_save_param was successful  	[MsgId: MMSG-26390]
Action.c(16): Registering web_reg_save_param was successful  	[MsgId: MMSG-26390]
Action.c(21): Registering web_reg_save_param was successful  	[MsgId: MMSG-26390]
Action.c(26): Error -26612: HTTP Status-Code=500 (Internal Server Error) for "http://localhost:8089/manager/status"  	[MsgId: MERR-26612]
Action.c(26): Error -26377: No match found for the requested parameter "Free memory". Check whether the requested boundaries exist in the response data. Also, if the data you want to save exceeds 256 bytes, use web_set_max_html_param_len to increase the parameter size  	[MsgId: MERR-26377]
Action.c(26): Error -26377: No match found for the requested parameter "Total memory". Check whether the requested boundaries exist in the response data. Also, if the data you want to save exceeds 256 bytes, use web_set_max_html_param_len to increase the parameter size  	[MsgId: MERR-26377]
Action.c(26): Error -26377: No match found for the requested parameter "Max memory". Check whether the requested boundaries exist in the response data. Also, if the data you want to save exceeds 256 bytes, use web_set_max_html_param_len to increase the parameter size  	[MsgId: MERR-26377]
End auto log messages stack.	[MsgId: MMSG-10544]


Start auto log messages stack - Iteration 13.	[MsgId: MMSG-10545]
Starting action Action.	[MsgId: MMSG-15919]
Action.c(9): web_set_user was successful  	[MsgId: MMSG-26392]
Action.c(11): Registering web_reg_save_param was successful  	[MsgId: MMSG-26390]
Action.c(16): Registering web_reg_save_param was successful  	[MsgId: MMSG-26390]
Action.c(21): Registering web_reg_save_param was successful  	[MsgId: MMSG-26390]
Action.c(26): Error -26612: HTTP Status-Code=500 (Internal Server Error) for "http://localhost:8089/manager/status"  	[MsgId: MERR-26612]
Action.c(26): Error -26377: No match found for the requested parameter "Free memory". Check whether the requested boundaries exist in the response data. Also, if the data you want to save exceeds 256 bytes, use web_set_max_html_param_len to increase the parameter size  	[MsgId: MERR-26377]
Action.c(26): Error -26377: No match found for the requested parameter "Total memory". Check whether the requested boundaries exist in the response data. Also, if the data you want to save exceeds 256 bytes, use web_set_max_html_param_len to increase the parameter size  	[MsgId: MERR-26377]
Action.c(26): Error -26377: No match found for the requested parameter "Max memory". Check whether the requested boundaries exist in the response data. Also, if the data you want to save exceeds 256 bytes, use web_set_max_html_param_len to increase the parameter size  	[MsgId: MERR-26377]
End auto log messages stack.	[MsgId: MMSG-10544]


Start auto log messages stack - Iteration 15.	[MsgId: MMSG-10545]
Starting action Action.	[MsgId: MMSG-15919]
Action.c(9): web_set_user was successful  	[MsgId: MMSG-26392]
Action.c(11): Registering web_reg_save_param was successful  	[MsgId: MMSG-26390]
Action.c(16): Registering web_reg_save_param was successful  	[MsgId: MMSG-26390]
Action.c(21): Registering web_reg_save_param was successful  	[MsgId: MMSG-26390]
Action.c(26): Error -26612: HTTP Status-Code=500 (Internal Server Error) for "http://localhost:8089/manager/status"  	[MsgId: MERR-26612]
Action.c(26): Error -26377: No match found for the requested parameter "Free memory". Check whether the requested boundaries exist in the response data. Also, if the data you want to save exceeds 256 bytes, use web_set_max_html_param_len to increase the parameter size  	[MsgId: MERR-26377]
Action.c(26): Error -26377: No match found for the requested parameter "Total memory". Check whether the requested boundaries exist in the response data. Also, if the data you want to save exceeds 256 bytes, use web_set_max_html_param_len to increase the parameter size  	[MsgId: MERR-26377]
Action.c(26): Error -26377: No match found for the requested parameter "Max memory". Check whether the requested boundaries exist in the response data. Also, if the data you want to save exceeds 256 bytes, use web_set_max_html_param_len to increase the parameter size  	[MsgId: MERR-26377]
End auto log messages stack.	[MsgId: MMSG-10544]


Start auto log messages stack - Iteration 16.	[MsgId: MMSG-10545]
Starting action Action.	[MsgId: MMSG-15919]
Action.c(9): web_set_user was successful  	[MsgId: MMSG-26392]
Action.c(11): Registering web_reg_save_param was successful  	[MsgId: MMSG-26390]
Action.c(16): Registering web_reg_save_param was successful  	[MsgId: MMSG-26390]
Action.c(21): Registering web_reg_save_param was successful  	[MsgId: MMSG-26390]
Action.c(26): Error -26612: HTTP Status-Code=500 (Internal Server Error) for "http://localhost:8089/manager/status"  	[MsgId: MERR-26612]
Action.c(26): Error -26377: No match found for the requested parameter "Free memory". Check whether the requested boundaries exist in the response data. Also, if the data you want to save exceeds 256 bytes, use web_set_max_html_param_len to increase the parameter size  	[MsgId: MERR-26377]
Action.c(26): Error -26377: No match found for the requested parameter "Total memory". Check whether the requested boundaries exist in the response data. Also, if the data you want to save exceeds 256 bytes, use web_set_max_html_param_len to increase the parameter size  	[MsgId: MERR-26377]
Action.c(26): Error -26377: No match found for the requested parameter "Max memory". Check whether the requested boundaries exist in the response data. Also, if the data you want to save exceeds 256 bytes, use web_set_max_html_param_len to increase the parameter size  	[MsgId: MERR-26377]
End auto log messages stack.	[MsgId: MMSG-10544]


Start auto log messages stack - Iteration 17.	[MsgId: MMSG-10545]
Starting action Action.	[MsgId: MMSG-15919]
Action.c(9): web_set_user was successful  	[MsgId: MMSG-26392]
Action.c(11): Registering web_reg_save_param was successful  	[MsgId: MMSG-26390]
Action.c(16): Registering web_reg_save_param was successful  	[MsgId: MMSG-26390]
Action.c(21): Registering web_reg_save_param was successful  	[MsgId: MMSG-26390]
Action.c(26): Error -26612: HTTP Status-Code=500 (Internal Server Error) for "http://localhost:8089/manager/status"  	[MsgId: MERR-26612]
Action.c(26): Error -26377: No match found for the requested parameter "Free memory". Check whether the requested boundaries exist in the response data. Also, if the data you want to save exceeds 256 bytes, use web_set_max_html_param_len to increase the parameter size  	[MsgId: MERR-26377]
Action.c(26): Error -26377: No match found for the requested parameter "Total memory". Check whether the requested boundaries exist in the response data. Also, if the data you want to save exceeds 256 bytes, use web_set_max_html_param_len to increase the parameter size  	[MsgId: MERR-26377]
Action.c(26): Error -26377: No match found for the requested parameter "Max memory". Check whether the requested boundaries exist in the response data. Also, if the data you want to save exceeds 256 bytes, use web_set_max_html_param_len to increase the parameter size  	[MsgId: MERR-26377]
End auto log messages stack.	[MsgId: MMSG-10544]


Start auto log messages stack - Iteration 19.	[MsgId: MMSG-10545]
Starting action Action.	[MsgId: MMSG-15919]
Action.c(9): web_set_user was successful  	[MsgId: MMSG-26392]
Action.c(11): Registering web_reg_save_param was successful  	[MsgId: MMSG-26390]
Action.c(16): Registering web_reg_save_param was successful  	[MsgId: MMSG-26390]
Action.c(21): Registering web_reg_save_param was successful  	[MsgId: MMSG-26390]
Action.c(26): Error -26612: HTTP Status-Code=500 (Internal Server Error) for "http://localhost:8089/manager/status"  	[MsgId: MERR-26612]
Action.c(26): Error -26377: No match found for the requested parameter "Free memory". Check whether the requested boundaries exist in the response data. Also, if the data you want to save exceeds 256 bytes, use web_set_max_html_param_len to increase the parameter size  	[MsgId: MERR-26377]
Action.c(26): Error -26377: No match found for the requested parameter "Total memory". Check whether the requested boundaries exist in the response data. Also, if the data you want to save exceeds 256 bytes, use web_set_max_html_param_len to increase the parameter size  	[MsgId: MERR-26377]
Action.c(26): Error -26377: No match found for the requested parameter "Max memory". Check whether the requested boundaries exist in the response data. Also, if the data you want to save exceeds 256 bytes, use web_set_max_html_param_len to increase the parameter size  	[MsgId: MERR-26377]
End auto log messages stack.	[MsgId: MMSG-10544]


Start auto log messages stack - Iteration 20.	[MsgId: MMSG-10545]
Starting action Action.	[MsgId: MMSG-15919]
Action.c(9): web_set_user was successful  	[MsgId: MMSG-26392]
Action.c(11): Registering web_reg_save_param was successful  	[MsgId: MMSG-26390]
Action.c(16): Registering web_reg_save_param was successful  	[MsgId: MMSG-26390]
Action.c(21): Registering web_reg_save_param was successful  	[MsgId: MMSG-26390]
Action.c(26): Error -26612: HTTP Status-Code=500 (Internal Server Error) for "http://localhost:8089/manager/status"  	[MsgId: MERR-26612]
Action.c(26): Error -26377: No match found for the requested parameter "Free memory". Check whether the requested boundaries exist in the response data. Also, if the data you want to save exceeds 256 bytes, use web_set_max_html_param_len to increase the parameter size  	[MsgId: MERR-26377]
Action.c(26): Error -26377: No match found for the requested parameter "Total memory". Check whether the requested boundaries exist in the response data. Also, if the data you want to save exceeds 256 bytes, use web_set_max_html_param_len to increase the parameter size  	[MsgId: MERR-26377]
Action.c(26): Error -26377: No match found for the requested parameter "Max memory". Check whether the requested boundaries exist in the response data. Also, if the data you want to save exceeds 256 bytes, use web_set_max_html_param_len to increase the parameter size  	[MsgId: MERR-26377]
End auto log messages stack.	[MsgId: MMSG-10544]


Start auto log messages stack - Iteration 21.	[MsgId: MMSG-10545]
Starting action Action.	[MsgId: MMSG-15919]
Action.c(9): web_set_user was successful  	[MsgId: MMSG-26392]
Action.c(11): Registering web_reg_save_param was successful  	[MsgId: MMSG-26390]
Action.c(16): Registering web_reg_save_param was successful  	[MsgId: MMSG-26390]
Action.c(21): Registering web_reg_save_param was successful  	[MsgId: MMSG-26390]
Action.c(26): Error -26612: HTTP Status-Code=500 (Internal Server Error) for "http://localhost:8089/manager/status"  	[MsgId: MERR-26612]
Action.c(26): Error -26377: No match found for the requested parameter "Free memory". Check whether the requested boundaries exist in the response data. Also, if the data you want to save exceeds 256 bytes, use web_set_max_html_param_len to increase the parameter size  	[MsgId: MERR-26377]
Action.c(26): Error -26377: No match found for the requested parameter "Total memory". Check whether the requested boundaries exist in the response data. Also, if the data you want to save exceeds 256 bytes, use web_set_max_html_param_len to increase the parameter size  	[MsgId: MERR-26377]
Action.c(26): Error -26377: No match found for the requested parameter "Max memory". Check whether the requested boundaries exist in the response data. Also, if the data you want to save exceeds 256 bytes, use web_set_max_html_param_len to increase the parameter size  	[MsgId: MERR-26377]
End auto log messages stack.	[MsgId: MMSG-10544]


Start auto log messages stack - Iteration 22.	[MsgId: MMSG-10545]
Starting action Action.	[MsgId: MMSG-15919]
Action.c(9): web_set_user was successful  	[MsgId: MMSG-26392]
Action.c(11): Registering web_reg_save_param was successful  	[MsgId: MMSG-26390]
Action.c(16): Registering web_reg_save_param was successful  	[MsgId: MMSG-26390]
Action.c(21): Registering web_reg_save_param was successful  	[MsgId: MMSG-26390]
Action.c(26): Error -26612: HTTP Status-Code=500 (Internal Server Error) for "http://localhost:8089/manager/status"  	[MsgId: MERR-26612]
Action.c(26): Error -26377: No match found for the requested parameter "Free memory". Check whether the requested boundaries exist in the response data. Also, if the data you want to save exceeds 256 bytes, use web_set_max_html_param_len to increase the parameter size  	[MsgId: MERR-26377]
Action.c(26): Error -26377: No match found for the requested parameter "Total memory". Check whether the requested boundaries exist in the response data. Also, if the data you want to save exceeds 256 bytes, use web_set_max_html_param_len to increase the parameter size  	[MsgId: MERR-26377]
Action.c(26): Error -26377: No match found for the requested parameter "Max memory". Check whether the requested boundaries exist in the response data. Also, if the data you want to save exceeds 256 bytes, use web_set_max_html_param_len to increase the parameter size  	[MsgId: MERR-26377]
End auto log messages stack.	[MsgId: MMSG-10544]


Start auto log messages stack - Iteration 23.	[MsgId: MMSG-10545]
Starting action Action.	[MsgId: MMSG-15919]
Action.c(9): web_set_user was successful  	[MsgId: MMSG-26392]
Action.c(11): Registering web_reg_save_param was successful  	[MsgId: MMSG-26390]
Action.c(16): Registering web_reg_save_param was successful  	[MsgId: MMSG-26390]
Action.c(21): Registering web_reg_save_param was successful  	[MsgId: MMSG-26390]
Action.c(26): Error -26612: HTTP Status-Code=500 (Internal Server Error) for "http://localhost:8089/manager/status"  	[MsgId: MERR-26612]
Action.c(26): Error -26377: No match found for the requested parameter "Free memory". Check whether the requested boundaries exist in the response data. Also, if the data you want to save exceeds 256 bytes, use web_set_max_html_param_len to increase the parameter size  	[MsgId: MERR-26377]
Action.c(26): Error -26377: No match found for the requested parameter "Total memory". Check whether the requested boundaries exist in the response data. Also, if the data you want to save exceeds 256 bytes, use web_set_max_html_param_len to increase the parameter size  	[MsgId: MERR-26377]
Action.c(26): Error -26377: No match found for the requested parameter "Max memory". Check whether the requested boundaries exist in the response data. Also, if the data you want to save exceeds 256 bytes, use web_set_max_html_param_len to increase the parameter size  	[MsgId: MERR-26377]
End auto log messages stack.	[MsgId: MMSG-10544]


Start auto log messages stack - Iteration 24.	[MsgId: MMSG-10545]
Starting action Action.	[MsgId: MMSG-15919]
Action.c(9): web_set_user was successful  	[MsgId: MMSG-26392]
Action.c(11): Registering web_reg_save_param was successful  	[MsgId: MMSG-26390]
Action.c(16): Registering web_reg_save_param was successful  	[MsgId: MMSG-26390]
Action.c(21): Registering web_reg_save_param was successful  	[MsgId: MMSG-26390]
Action.c(26): Error -26612: HTTP Status-Code=500 (Internal Server Error) for "http://localhost:8089/manager/status"  	[MsgId: MERR-26612]
Action.c(26): Error -26377: No match found for the requested parameter "Free memory". Check whether the requested boundaries exist in the response data. Also, if the data you want to save exceeds 256 bytes, use web_set_max_html_param_len to increase the parameter size  	[MsgId: MERR-26377]
Action.c(26): Error -26377: No match found for the requested parameter "Total memory". Check whether the requested boundaries exist in the response data. Also, if the data you want to save exceeds 256 bytes, use web_set_max_html_param_len to increase the parameter size  	[MsgId: MERR-26377]
Action.c(26): Error -26377: No match found for the requested parameter "Max memory". Check whether the requested boundaries exist in the response data. Also, if the data you want to save exceeds 256 bytes, use web_set_max_html_param_len to increase the parameter size  	[MsgId: MERR-26377]
End auto log messages stack.	[MsgId: MMSG-10544]


Start auto log messages stack - Iteration 25.	[MsgId: MMSG-10545]
Starting action Action.	[MsgId: MMSG-15919]
Action.c(9): web_set_user was successful  	[MsgId: MMSG-26392]
Action.c(11): Registering web_reg_save_param was successful  	[MsgId: MMSG-26390]
Action.c(16): Registering web_reg_save_param was successful  	[MsgId: MMSG-26390]
Action.c(21): Registering web_reg_save_param was successful  	[MsgId: MMSG-26390]
Action.c(26): Error -26612: HTTP Status-Code=500 (Internal Server Error) for "http://localhost:8089/manager/status"  	[MsgId: MERR-26612]
Action.c(26): Error -26377: No match found for the requested parameter "Free memory". Check whether the requested boundaries exist in the response data. Also, if the data you want to save exceeds 256 bytes, use web_set_max_html_param_len to increase the parameter size  	[MsgId: MERR-26377]
Action.c(26): Error -26377: No match found for the requested parameter "Total memory". Check whether the requested boundaries exist in the response data. Also, if the data you want to save exceeds 256 bytes, use web_set_max_html_param_len to increase the parameter size  	[MsgId: MERR-26377]
Action.c(26): Error -26377: No match found for the requested parameter "Max memory". Check whether the requested boundaries exist in the response data. Also, if the data you want to save exceeds 256 bytes, use web_set_max_html_param_len to increase the parameter size  	[MsgId: MERR-26377]
End auto log messages stack.	[MsgId: MMSG-10544]


Start auto log messages stack - Iteration 26.	[MsgId: MMSG-10545]
Starting action Action.	[MsgId: MMSG-15919]
Action.c(9): web_set_user was successful  	[MsgId: MMSG-26392]
Action.c(11): Registering web_reg_save_param was successful  	[MsgId: MMSG-26390]
Action.c(16): Registering web_reg_save_param was successful  	[MsgId: MMSG-26390]
Action.c(21): Registering web_reg_save_param was successful  	[MsgId: MMSG-26390]
Action.c(26): Error -26612: HTTP Status-Code=500 (Internal Server Error) for "http://localhost:8089/manager/status"  	[MsgId: MERR-26612]
Action.c(26): Error -26377: No match found for the requested parameter "Free memory". Check whether the requested boundaries exist in the response data. Also, if the data you want to save exceeds 256 bytes, use web_set_max_html_param_len to increase the parameter size  	[MsgId: MERR-26377]
Action.c(26): Error -26377: No match found for the requested parameter "Total memory". Check whether the requested boundaries exist in the response data. Also, if the data you want to save exceeds 256 bytes, use web_set_max_html_param_len to increase the parameter size  	[MsgId: MERR-26377]
Action.c(26): Error -26377: No match found for the requested parameter "Max memory". Check whether the requested boundaries exist in the response data. Also, if the data you want to save exceeds 256 bytes, use web_set_max_html_param_len to increase the parameter size  	[MsgId: MERR-26377]
End auto log messages stack.	[MsgId: MMSG-10544]


Start auto log messages stack - Iteration 27.	[MsgId: MMSG-10545]
Starting action Action.	[MsgId: MMSG-15919]
Action.c(9): web_set_user was successful  	[MsgId: MMSG-26392]
Action.c(11): Registering web_reg_save_param was successful  	[MsgId: MMSG-26390]
Action.c(16): Registering web_reg_save_param was successful  	[MsgId: MMSG-26390]
Action.c(21): Registering web_reg_save_param was successful  	[MsgId: MMSG-26390]
Action.c(26): Error -26612: HTTP Status-Code=500 (Internal Server Error) for "http://localhost:8089/manager/status"  	[MsgId: MERR-26612]
Action.c(26): Error -26377: No match found for the requested parameter "Free memory". Check whether the requested boundaries exist in the response data. Also, if the data you want to save exceeds 256 bytes, use web_set_max_html_param_len to increase the parameter size  	[MsgId: MERR-26377]
Action.c(26): Error -26377: No match found for the requested parameter "Total memory". Check whether the requested boundaries exist in the response data. Also, if the data you want to save exceeds 256 bytes, use web_set_max_html_param_len to increase the parameter size  	[MsgId: MERR-26377]
Action.c(26): Error -26377: No match found for the requested parameter "Max memory". Check whether the requested boundaries exist in the response data. Also, if the data you want to save exceeds 256 bytes, use web_set_max_html_param_len to increase the parameter size  	[MsgId: MERR-26377]
End auto log messages stack.	[MsgId: MMSG-10544]


Start auto log messages stack - Iteration 29.	[MsgId: MMSG-10545]
Starting action Action.	[MsgId: MMSG-15919]
Action.c(9): web_set_user was successful  	[MsgId: MMSG-26392]
Action.c(11): Registering web_reg_save_param was successful  	[MsgId: MMSG-26390]
Action.c(16): Registering web_reg_save_param was successful  	[MsgId: MMSG-26390]
Action.c(21): Registering web_reg_save_param was successful  	[MsgId: MMSG-26390]
Action.c(26): Error -26612: HTTP Status-Code=500 (Internal Server Error) for "http://localhost:8089/manager/status"  	[MsgId: MERR-26612]
Action.c(26): Error -26377: No match found for the requested parameter "Free memory". Check whether the requested boundaries exist in the response data. Also, if the data you want to save exceeds 256 bytes, use web_set_max_html_param_len to increase the parameter size  	[MsgId: MERR-26377]
Action.c(26): Error -26377: No match found for the requested parameter "Total memory". Check whether the requested boundaries exist in the response data. Also, if the data you want to save exceeds 256 bytes, use web_set_max_html_param_len to increase the parameter size  	[MsgId: MERR-26377]
Action.c(26): Error -26377: No match found for the requested parameter "Max memory". Check whether the requested boundaries exist in the response data. Also, if the data you want to save exceeds 256 bytes, use web_set_max_html_param_len to increase the parameter size  	[MsgId: MERR-26377]
End auto log messages stack.	[MsgId: MMSG-10544]


Start auto log messages stack - Iteration 30.	[MsgId: MMSG-10545]
Starting action Action.	[MsgId: MMSG-15919]
Action.c(9): web_set_user was successful  	[MsgId: MMSG-26392]
Action.c(11): Registering web_reg_save_param was successful  	[MsgId: MMSG-26390]
Action.c(16): Registering web_reg_save_param was successful  	[MsgId: MMSG-26390]
Action.c(21): Registering web_reg_save_param was successful  	[MsgId: MMSG-26390]
Action.c(26): Error -26612: HTTP Status-Code=500 (Internal Server Error) for "http://localhost:8089/manager/status"  	[MsgId: MERR-26612]
Action.c(26): Error -26377: No match found for the requested parameter "Free memory". Check whether the requested boundaries exist in the response data. Also, if the data you want to save exceeds 256 bytes, use web_set_max_html_param_len to increase the parameter size  	[MsgId: MERR-26377]
Action.c(26): Error -26377: No match found for the requested parameter "Total memory". Check whether the requested boundaries exist in the response data. Also, if the data you want to save exceeds 256 bytes, use web_set_max_html_param_len to increase the parameter size  	[MsgId: MERR-26377]
Action.c(26): Error -26377: No match found for the requested parameter "Max memory". Check whether the requested boundaries exist in the response data. Also, if the data you want to save exceeds 256 bytes, use web_set_max_html_param_len to increase the parameter size  	[MsgId: MERR-26377]
End auto log messages stack.	[MsgId: MMSG-10544]


Start auto log messages stack - Iteration 31.	[MsgId: MMSG-10545]
Starting action Action.	[MsgId: MMSG-15919]
Action.c(9): web_set_user was successful  	[MsgId: MMSG-26392]
Action.c(11): Registering web_reg_save_param was successful  	[MsgId: MMSG-26390]
Action.c(16): Registering web_reg_save_param was successful  	[MsgId: MMSG-26390]
Action.c(21): Registering web_reg_save_param was successful  	[MsgId: MMSG-26390]
Action.c(26): Error -26612: HTTP Status-Code=500 (Internal Server Error) for "http://localhost:8089/manager/status"  	[MsgId: MERR-26612]
Action.c(26): Error -26377: No match found for the requested parameter "Free memory". Check whether the requested boundaries exist in the response data. Also, if the data you want to save exceeds 256 bytes, use web_set_max_html_param_len to increase the parameter size  	[MsgId: MERR-26377]
Action.c(26): Error -26377: No match found for the requested parameter "Total memory". Check whether the requested boundaries exist in the response data. Also, if the data you want to save exceeds 256 bytes, use web_set_max_html_param_len to increase the parameter size  	[MsgId: MERR-26377]
Action.c(26): Error -26377: No match found for the requested parameter "Max memory". Check whether the requested boundaries exist in the response data. Also, if the data you want to save exceeds 256 bytes, use web_set_max_html_param_len to increase the parameter size  	[MsgId: MERR-26377]
End auto log messages stack.	[MsgId: MMSG-10544]


Start auto log messages stack - Iteration 32.	[MsgId: MMSG-10545]
Starting action Action.	[MsgId: MMSG-15919]
Action.c(9): web_set_user was successful  	[MsgId: MMSG-26392]
Action.c(11): Registering web_reg_save_param was successful  	[MsgId: MMSG-26390]
Action.c(16): Registering web_reg_save_param was successful  	[MsgId: MMSG-26390]
Action.c(21): Registering web_reg_save_param was successful  	[MsgId: MMSG-26390]
Action.c(26): Error -26612: HTTP Status-Code=500 (Internal Server Error) for "http://localhost:8089/manager/status"  	[MsgId: MERR-26612]
Action.c(26): Error -26377: No match found for the requested parameter "Free memory". Check whether the requested boundaries exist in the response data. Also, if the data you want to save exceeds 256 bytes, use web_set_max_html_param_len to increase the parameter size  	[MsgId: MERR-26377]
Action.c(26): Error -26377: No match found for the requested parameter "Total memory". Check whether the requested boundaries exist in the response data. Also, if the data you want to save exceeds 256 bytes, use web_set_max_html_param_len to increase the parameter size  	[MsgId: MERR-26377]
Action.c(26): Error -26377: No match found for the requested parameter "Max memory". Check whether the requested boundaries exist in the response data. Also, if the data you want to save exceeds 256 bytes, use web_set_max_html_param_len to increase the parameter size  	[MsgId: MERR-26377]
End auto log messages stack.	[MsgId: MMSG-10544]


